{"/home/armelki/Documents/projets/Ankata/backend/src/index.js": {"path":"/home/armelki/Documents/projets/Ankata/backend/src/index.js","statementMap":{"0":{"start":{"line":1,"column":0},"end":{"line":1,"column":27}},"1":{"start":{"line":2,"column":0},"end":{"line":2,"column":32}},"2":{"start":{"line":5,"column":24},"end":{"line":5,"column":56}},"3":{"start":{"line":6,"column":0},"end":{"line":6,"column":14}},"4":{"start":{"line":8,"column":16},"end":{"line":8,"column":34}},"5":{"start":{"line":9,"column":13},"end":{"line":9,"column":28}},"6":{"start":{"line":10,"column":15},"end":{"line":10,"column":32}},"7":{"start":{"line":11,"column":19},"end":{"line":11,"column":41}},"8":{"start":{"line":12,"column":16},"end":{"line":12,"column":34}},"9":{"start":{"line":15,"column":40},"end":{"line":15,"column":79}},"10":{"start":{"line":18,"column":19},"end":{"line":18,"column":50}},"11":{"start":{"line":19,"column":20},"end":{"line":19,"column":52}},"12":{"start":{"line":20,"column":23},"end":{"line":20,"column":58}},"13":{"start":{"line":21,"column":24},"end":{"line":21,"column":60}},"14":{"start":{"line":22,"column":22},"end":{"line":22,"column":56}},"15":{"start":{"line":23,"column":23},"end":{"line":23,"column":58}},"16":{"start":{"line":24,"column":28},"end":{"line":24,"column":68}},"17":{"start":{"line":25,"column":24},"end":{"line":25,"column":60}},"18":{"start":{"line":26,"column":22},"end":{"line":26,"column":56}},"19":{"start":{"line":27,"column":21},"end":{"line":27,"column":54}},"20":{"start":{"line":28,"column":20},"end":{"line":28,"column":52}},"21":{"start":{"line":31,"column":12},"end":{"line":31,"column":21}},"22":{"start":{"line":34,"column":15},"end":{"line":45,"column":2}},"23":{"start":{"line":48,"column":0},"end":{"line":48,"column":18}},"24":{"start":{"line":49,"column":0},"end":{"line":68,"column":4}},"25":{"start":{"line":69,"column":0},"end":{"line":69,"column":44}},"26":{"start":{"line":70,"column":0},"end":{"line":70,"column":66}},"27":{"start":{"line":73,"column":13},"end":{"line":73,"column":28}},"28":{"start":{"line":74,"column":0},"end":{"line":74,"column":79}},"29":{"start":{"line":77,"column":0},"end":{"line":80,"column":3}},"30":{"start":{"line":78,"column":2},"end":{"line":78,"column":43}},"31":{"start":{"line":79,"column":2},"end":{"line":79,"column":9}},"32":{"start":{"line":83,"column":0},"end":{"line":90,"column":3}},"33":{"start":{"line":84,"column":2},"end":{"line":89,"column":5}},"34":{"start":{"line":93,"column":0},"end":{"line":99,"column":3}},"35":{"start":{"line":94,"column":2},"end":{"line":98,"column":5}},"36":{"start":{"line":103,"column":0},"end":{"line":103,"column":33}},"37":{"start":{"line":106,"column":0},"end":{"line":106,"column":51}},"38":{"start":{"line":107,"column":0},"end":{"line":107,"column":54}},"39":{"start":{"line":108,"column":0},"end":{"line":108,"column":59}},"40":{"start":{"line":109,"column":0},"end":{"line":109,"column":52}},"41":{"start":{"line":110,"column":0},"end":{"line":110,"column":54}},"42":{"start":{"line":111,"column":0},"end":{"line":111,"column":64}},"43":{"start":{"line":112,"column":0},"end":{"line":112,"column":56}},"44":{"start":{"line":113,"column":0},"end":{"line":113,"column":55}},"45":{"start":{"line":114,"column":0},"end":{"line":114,"column":50}},"46":{"start":{"line":115,"column":0},"end":{"line":115,"column":48}},"47":{"start":{"line":118,"column":0},"end":{"line":123,"column":3}},"48":{"start":{"line":119,"column":2},"end":{"line":122,"column":5}},"49":{"start":{"line":126,"column":0},"end":{"line":142,"column":3}},"50":{"start":{"line":127,"column":2},"end":{"line":132,"column":5}},"51":{"start":{"line":134,"column":21},"end":{"line":134,"column":42}},"52":{"start":{"line":135,"column":18},"end":{"line":135,"column":56}},"53":{"start":{"line":137,"column":2},"end":{"line":141,"column":5}},"54":{"start":{"line":145,"column":13},"end":{"line":145,"column":61}},"55":{"start":{"line":146,"column":0},"end":{"line":150,"column":3}},"56":{"start":{"line":147,"column":2},"end":{"line":147,"column":59}},"57":{"start":{"line":148,"column":2},"end":{"line":148,"column":71}},"58":{"start":{"line":149,"column":2},"end":{"line":149,"column":88}},"59":{"start":{"line":152,"column":0},"end":{"line":152,"column":21}}},"fnMap":{"0":{"name":"(anonymous_0)","decl":{"start":{"line":77,"column":8},"end":{"line":77,"column":9}},"loc":{"start":{"line":77,"column":28},"end":{"line":80,"column":1}},"line":77},"1":{"name":"(anonymous_1)","decl":{"start":{"line":83,"column":13},"end":{"line":83,"column":14}},"loc":{"start":{"line":83,"column":27},"end":{"line":90,"column":1}},"line":83},"2":{"name":"(anonymous_2)","decl":{"start":{"line":93,"column":19},"end":{"line":93,"column":20}},"loc":{"start":{"line":93,"column":33},"end":{"line":99,"column":1}},"line":93},"3":{"name":"(anonymous_3)","decl":{"start":{"line":118,"column":8},"end":{"line":118,"column":9}},"loc":{"start":{"line":118,"column":22},"end":{"line":123,"column":1}},"line":118},"4":{"name":"(anonymous_4)","decl":{"start":{"line":126,"column":8},"end":{"line":126,"column":9}},"loc":{"start":{"line":126,"column":33},"end":{"line":142,"column":1}},"line":126},"5":{"name":"(anonymous_5)","decl":{"start":{"line":146,"column":17},"end":{"line":146,"column":18}},"loc":{"start":{"line":146,"column":23},"end":{"line":150,"column":1}},"line":146}},"branchMap":{"0":{"loc":{"start":{"line":35,"column":9},"end":{"line":35,"column":40}},"type":"binary-expr","locations":[{"start":{"line":35,"column":9},"end":{"line":35,"column":30}},{"start":{"line":35,"column":34},"end":{"line":35,"column":40}}],"line":35},"1":{"loc":{"start":{"line":50,"column":10},"end":{"line":63,"column":7}},"type":"cond-expr","locations":[{"start":{"line":51,"column":6},"end":{"line":57,"column":7}},{"start":{"line":58,"column":6},"end":{"line":63,"column":7}}],"line":50},"2":{"loc":{"start":{"line":62,"column":8},"end":{"line":62,"column":59}},"type":"binary-expr","locations":[{"start":{"line":62,"column":8},"end":{"line":62,"column":32}},{"start":{"line":62,"column":36},"end":{"line":62,"column":59}}],"line":62},"3":{"loc":{"start":{"line":134,"column":21},"end":{"line":134,"column":42}},"type":"binary-expr","locations":[{"start":{"line":134,"column":21},"end":{"line":134,"column":35}},{"start":{"line":134,"column":39},"end":{"line":134,"column":42}}],"line":134},"4":{"loc":{"start":{"line":135,"column":18},"end":{"line":135,"column":56}},"type":"binary-expr","locations":[{"start":{"line":135,"column":18},"end":{"line":135,"column":29}},{"start":{"line":135,"column":33},"end":{"line":135,"column":56}}],"line":135},"5":{"loc":{"start":{"line":140,"column":8},"end":{"line":140,"column":70}},"type":"binary-expr","locations":[{"start":{"line":140,"column":8},"end":{"line":140,"column":46}},{"start":{"line":140,"column":50},"end":{"line":140,"column":70}}],"line":140},"6":{"loc":{"start":{"line":145,"column":13},"end":{"line":145,"column":61}},"type":"binary-expr","locations":[{"start":{"line":145,"column":13},"end":{"line":145,"column":29}},{"start":{"line":145,"column":33},"end":{"line":145,"column":53}},{"start":{"line":145,"column":57},"end":{"line":145,"column":61}}],"line":145},"7":{"loc":{"start":{"line":148,"column":30},"end":{"line":148,"column":67}},"type":"binary-expr","locations":[{"start":{"line":148,"column":30},"end":{"line":148,"column":50}},{"start":{"line":148,"column":54},"end":{"line":148,"column":67}}],"line":148},"8":{"loc":{"start":{"line":149,"column":27},"end":{"line":149,"column":84}},"type":"cond-expr","locations":[{"start":{"line":149,"column":54},"end":{"line":149,"column":65}},{"start":{"line":149,"column":68},"end":{"line":149,"column":84}}],"line":149}},"s":{"0":1,"1":1,"2":1,"3":1,"4":1,"5":1,"6":1,"7":1,"8":1,"9":1,"10":1,"11":1,"12":1,"13":1,"14":1,"15":1,"16":1,"17":1,"18":1,"19":1,"20":1,"21":1,"22":1,"23":1,"24":1,"25":1,"26":1,"27":1,"28":1,"29":1,"30":3,"31":3,"32":1,"33":0,"34":1,"35":0,"36":1,"37":1,"38":1,"39":1,"40":1,"41":1,"42":1,"43":1,"44":1,"45":1,"46":1,"47":1,"48":0,"49":1,"50":0,"51":0,"52":0,"53":0,"54":1,"55":1,"56":1,"57":1,"58":1,"59":1},"f":{"0":3,"1":0,"2":0,"3":0,"4":0,"5":1},"b":{"0":[1,0],"1":[0,1],"2":[1,0],"3":[0,0],"4":[0,0],"5":[0,0],"6":[1,1,0],"7":[1,0],"8":[1,0]},"_coverageSchema":"1a1c01bbd47fc00a2c39e90264f33305004495a9","hash":"2b0a41518e8c6fbff55181e550fa9fb4d8839cc5"}
,"/home/armelki/Documents/projets/Ankata/backend/src/config/validate-env.js": {"path":"/home/armelki/Documents/projets/Ankata/backend/src/config/validate-env.js","statementMap":{"0":{"start":{"line":6,"column":24},"end":{"line":10,"column":1}},"1":{"start":{"line":12,"column":24},"end":{"line":18,"column":1}},"2":{"start":{"line":21,"column":18},"end":{"line":21,"column":20}},"3":{"start":{"line":22,"column":19},"end":{"line":22,"column":21}},"4":{"start":{"line":25,"column":2},"end":{"line":29,"column":3}},"5":{"start":{"line":26,"column":4},"end":{"line":28,"column":5}},"6":{"start":{"line":27,"column":6},"end":{"line":27,"column":45}},"7":{"start":{"line":32,"column":2},"end":{"line":34,"column":3}},"8":{"start":{"line":33,"column":4},"end":{"line":33,"column":65}},"9":{"start":{"line":37,"column":2},"end":{"line":41,"column":3}},"10":{"start":{"line":38,"column":4},"end":{"line":40,"column":5}},"11":{"start":{"line":39,"column":6},"end":{"line":39,"column":57}},"12":{"start":{"line":44,"column":2},"end":{"line":49,"column":3}},"13":{"start":{"line":45,"column":4},"end":{"line":45,"column":70}},"14":{"start":{"line":46,"column":4},"end":{"line":46,"column":59}},"15":{"start":{"line":46,"column":29},"end":{"line":46,"column":57}},"16":{"start":{"line":47,"column":4},"end":{"line":47,"column":83}},"17":{"start":{"line":48,"column":4},"end":{"line":48,"column":20}},"18":{"start":{"line":52,"column":2},"end":{"line":55,"column":3}},"19":{"start":{"line":53,"column":4},"end":{"line":53,"column":34}},"20":{"start":{"line":54,"column":4},"end":{"line":54,"column":59}},"21":{"start":{"line":54,"column":30},"end":{"line":54,"column":57}},"22":{"start":{"line":57,"column":2},"end":{"line":57,"column":55}},"23":{"start":{"line":60,"column":0},"end":{"line":60,"column":33}}},"fnMap":{"0":{"name":"validateEnv","decl":{"start":{"line":20,"column":9},"end":{"line":20,"column":20}},"loc":{"start":{"line":20,"column":23},"end":{"line":58,"column":1}},"line":20},"1":{"name":"(anonymous_1)","decl":{"start":{"line":46,"column":20},"end":{"line":46,"column":21}},"loc":{"start":{"line":46,"column":29},"end":{"line":46,"column":57}},"line":46},"2":{"name":"(anonymous_2)","decl":{"start":{"line":54,"column":21},"end":{"line":54,"column":22}},"loc":{"start":{"line":54,"column":30},"end":{"line":54,"column":57}},"line":54}},"branchMap":{"0":{"loc":{"start":{"line":26,"column":4},"end":{"line":28,"column":5}},"type":"if","locations":[{"start":{"line":26,"column":4},"end":{"line":28,"column":5}},{"start":{},"end":{}}],"line":26},"1":{"loc":{"start":{"line":32,"column":2},"end":{"line":34,"column":3}},"type":"if","locations":[{"start":{"line":32,"column":2},"end":{"line":34,"column":3}},{"start":{},"end":{}}],"line":32},"2":{"loc":{"start":{"line":32,"column":6},"end":{"line":32,"column":66}},"type":"binary-expr","locations":[{"start":{"line":32,"column":6},"end":{"line":32,"column":28}},{"start":{"line":32,"column":32},"end":{"line":32,"column":66}}],"line":32},"3":{"loc":{"start":{"line":38,"column":4},"end":{"line":40,"column":5}},"type":"if","locations":[{"start":{"line":38,"column":4},"end":{"line":40,"column":5}},{"start":{},"end":{}}],"line":38},"4":{"loc":{"start":{"line":44,"column":2},"end":{"line":49,"column":3}},"type":"if","locations":[{"start":{"line":44,"column":2},"end":{"line":49,"column":3}},{"start":{},"end":{}}],"line":44},"5":{"loc":{"start":{"line":52,"column":2},"end":{"line":55,"column":3}},"type":"if","locations":[{"start":{"line":52,"column":2},"end":{"line":55,"column":3}},{"start":{},"end":{}}],"line":52},"6":{"loc":{"start":{"line":52,"column":6},"end":{"line":52,"column":67}},"type":"binary-expr","locations":[{"start":{"line":52,"column":6},"end":{"line":52,"column":25}},{"start":{"line":52,"column":29},"end":{"line":52,"column":67}}],"line":52}},"s":{"0":1,"1":1,"2":1,"3":1,"4":1,"5":3,"6":0,"7":1,"8":0,"9":1,"10":5,"11":1,"12":1,"13":0,"14":0,"15":0,"16":0,"17":0,"18":1,"19":0,"20":0,"21":0,"22":1,"23":1},"f":{"0":1,"1":0,"2":0},"b":{"0":[0,3],"1":[0,1],"2":[1,1],"3":[1,4],"4":[0,1],"5":[0,1],"6":[1,1]},"_coverageSchema":"1a1c01bbd47fc00a2c39e90264f33305004495a9","hash":"31f0703c2c3a36b128647b3c289acaf8ae3a7aa5"}
,"/home/armelki/Documents/projets/Ankata/backend/src/controllers/auth.controller.js": {"path":"/home/armelki/Documents/projets/Ankata/backend/src/controllers/auth.controller.js","statementMap":{"0":{"start":{"line":1,"column":18},"end":{"line":1,"column":43}},"1":{"start":{"line":2,"column":45},"end":{"line":2,"column":72}},"2":{"start":{"line":3,"column":15},"end":{"line":3,"column":34}},"3":{"start":{"line":4,"column":14},"end":{"line":4,"column":43}},"4":{"start":{"line":5,"column":17},"end":{"line":5,"column":46}},"5":{"start":{"line":7,"column":27},"end":{"line":18,"column":1}},"6":{"start":{"line":8,"column":2},"end":{"line":8,"column":31}},"7":{"start":{"line":8,"column":19},"end":{"line":8,"column":31}},"8":{"start":{"line":9,"column":2},"end":{"line":9,"column":55}},"9":{"start":{"line":9,"column":37},"end":{"line":9,"column":55}},"10":{"start":{"line":11,"column":17},"end":{"line":11,"column":65}},"11":{"start":{"line":12,"column":26},"end":{"line":14,"column":50}},"12":{"start":{"line":16,"column":2},"end":{"line":16,"column":45}},"13":{"start":{"line":16,"column":33},"end":{"line":16,"column":45}},"14":{"start":{"line":17,"column":2},"end":{"line":17,"column":24}},"15":{"start":{"line":23,"column":4},"end":{"line":66,"column":5}},"16":{"start":{"line":24,"column":109},"end":{"line":24,"column":117}},"17":{"start":{"line":26,"column":6},"end":{"line":28,"column":7}},"18":{"start":{"line":27,"column":8},"end":{"line":27,"column":75}},"19":{"start":{"line":30,"column":29},"end":{"line":30,"column":59}},"20":{"start":{"line":32,"column":27},"end":{"line":32,"column":70}},"21":{"start":{"line":33,"column":6},"end":{"line":35,"column":7}},"22":{"start":{"line":34,"column":8},"end":{"line":34,"column":83}},"23":{"start":{"line":37,"column":19},"end":{"line":37,"column":43}},"24":{"start":{"line":38,"column":27},"end":{"line":38,"column":60}},"25":{"start":{"line":39,"column":24},"end":{"line":39,"column":80}},"26":{"start":{"line":40,"column":24},"end":{"line":40,"column":80}},"27":{"start":{"line":42,"column":19},"end":{"line":52,"column":8}},"28":{"start":{"line":54,"column":20},"end":{"line":54,"column":58}},"29":{"start":{"line":55,"column":6},"end":{"line":55,"column":47}},"30":{"start":{"line":57,"column":6},"end":{"line":62,"column":9}},"31":{"start":{"line":64,"column":6},"end":{"line":64,"column":46}},"32":{"start":{"line":65,"column":6},"end":{"line":65,"column":85}},"33":{"start":{"line":71,"column":4},"end":{"line":117,"column":5}},"34":{"start":{"line":72,"column":40},"end":{"line":72,"column":48}},"35":{"start":{"line":74,"column":6},"end":{"line":76,"column":7}},"36":{"start":{"line":75,"column":8},"end":{"line":75,"column":90}},"37":{"start":{"line":78,"column":29},"end":{"line":78,"column":59}},"38":{"start":{"line":79,"column":19},"end":{"line":79,"column":62}},"39":{"start":{"line":81,"column":6},"end":{"line":83,"column":7}},"40":{"start":{"line":82,"column":8},"end":{"line":82,"column":71}},"41":{"start":{"line":85,"column":6},"end":{"line":87,"column":7}},"42":{"start":{"line":86,"column":8},"end":{"line":86,"column":113}},"43":{"start":{"line":89,"column":22},"end":{"line":89,"column":72}},"44":{"start":{"line":90,"column":6},"end":{"line":92,"column":7}},"45":{"start":{"line":91,"column":8},"end":{"line":91,"column":71}},"46":{"start":{"line":94,"column":20},"end":{"line":94,"column":58}},"47":{"start":{"line":95,"column":6},"end":{"line":95,"column":47}},"48":{"start":{"line":97,"column":6},"end":{"line":113,"column":9}},"49":{"start":{"line":115,"column":6},"end":{"line":115,"column":43}},"50":{"start":{"line":116,"column":6},"end":{"line":116,"column":78}},"51":{"start":{"line":122,"column":4},"end":{"line":196,"column":5}},"52":{"start":{"line":123,"column":39},"end":{"line":123,"column":47}},"53":{"start":{"line":125,"column":6},"end":{"line":127,"column":7}},"54":{"start":{"line":126,"column":8},"end":{"line":126,"column":79}},"55":{"start":{"line":129,"column":27},"end":{"line":129,"column":68}},"56":{"start":{"line":130,"column":44},"end":{"line":130,"column":56}},"57":{"start":{"line":132,"column":17},"end":{"line":132,"column":52}},"58":{"start":{"line":133,"column":38},"end":{"line":133,"column":61}},"59":{"start":{"line":134,"column":23},"end":{"line":134,"column":42}},"60":{"start":{"line":139,"column":27},"end":{"line":139,"column":31}},"61":{"start":{"line":140,"column":6},"end":{"line":146,"column":7}},"62":{"start":{"line":141,"column":8},"end":{"line":141,"column":56}},"63":{"start":{"line":143,"column":8},"end":{"line":145,"column":9}},"64":{"start":{"line":144,"column":10},"end":{"line":144,"column":61}},"65":{"start":{"line":148,"column":6},"end":{"line":170,"column":7}},"66":{"start":{"line":150,"column":8},"end":{"line":161,"column":11}},"67":{"start":{"line":163,"column":8},"end":{"line":166,"column":9}},"68":{"start":{"line":164,"column":11},"end":{"line":164,"column":96}},"69":{"start":{"line":165,"column":11},"end":{"line":165,"column":46}},"70":{"start":{"line":167,"column":13},"end":{"line":170,"column":7}},"71":{"start":{"line":169,"column":8},"end":{"line":169,"column":78}},"72":{"start":{"line":172,"column":20},"end":{"line":172,"column":58}},"73":{"start":{"line":173,"column":6},"end":{"line":173,"column":47}},"74":{"start":{"line":175,"column":6},"end":{"line":191,"column":9}},"75":{"start":{"line":194,"column":6},"end":{"line":194,"column":49}},"76":{"start":{"line":195,"column":6},"end":{"line":195,"column":85}},"77":{"start":{"line":201,"column":4},"end":{"line":221,"column":5}},"78":{"start":{"line":202,"column":30},"end":{"line":202,"column":40}},"79":{"start":{"line":203,"column":29},"end":{"line":203,"column":59}},"80":{"start":{"line":205,"column":19},"end":{"line":205,"column":62}},"81":{"start":{"line":206,"column":6},"end":{"line":208,"column":7}},"82":{"start":{"line":207,"column":8},"end":{"line":207,"column":65}},"83":{"start":{"line":210,"column":6},"end":{"line":212,"column":7}},"84":{"start":{"line":211,"column":8},"end":{"line":211,"column":135}},"85":{"start":{"line":214,"column":6},"end":{"line":217,"column":9}},"86":{"start":{"line":219,"column":6},"end":{"line":219,"column":60}},"87":{"start":{"line":220,"column":6},"end":{"line":220,"column":91}},"88":{"start":{"line":226,"column":4},"end":{"line":256,"column":5}},"89":{"start":{"line":227,"column":67},"end":{"line":227,"column":75}},"90":{"start":{"line":229,"column":6},"end":{"line":231,"column":7}},"91":{"start":{"line":230,"column":8},"end":{"line":230,"column":75}},"92":{"start":{"line":233,"column":29},"end":{"line":233,"column":59}},"93":{"start":{"line":234,"column":19},"end":{"line":234,"column":62}},"94":{"start":{"line":236,"column":6},"end":{"line":238,"column":7}},"95":{"start":{"line":237,"column":8},"end":{"line":237,"column":66}},"96":{"start":{"line":240,"column":24},"end":{"line":240,"column":95}},"97":{"start":{"line":241,"column":24},"end":{"line":241,"column":95}},"98":{"start":{"line":243,"column":6},"end":{"line":245,"column":7}},"99":{"start":{"line":244,"column":9},"end":{"line":244,"column":92}},"100":{"start":{"line":247,"column":19},"end":{"line":247,"column":43}},"101":{"start":{"line":248,"column":30},"end":{"line":248,"column":66}},"102":{"start":{"line":250,"column":6},"end":{"line":250,"column":63}},"103":{"start":{"line":252,"column":6},"end":{"line":252,"column":112}},"104":{"start":{"line":254,"column":6},"end":{"line":254,"column":52}},"105":{"start":{"line":255,"column":6},"end":{"line":255,"column":87}},"106":{"start":{"line":261,"column":4},"end":{"line":295,"column":5}},"107":{"start":{"line":262,"column":21},"end":{"line":262,"column":36}},"108":{"start":{"line":263,"column":19},"end":{"line":263,"column":51}},"109":{"start":{"line":265,"column":6},"end":{"line":267,"column":7}},"110":{"start":{"line":266,"column":8},"end":{"line":266,"column":65}},"111":{"start":{"line":269,"column":30},"end":{"line":271,"column":7}},"112":{"start":{"line":273,"column":6},"end":{"line":288,"column":9}},"113":{"start":{"line":290,"column":6},"end":{"line":290,"column":54}},"114":{"start":{"line":291,"column":6},"end":{"line":294,"column":9}},"115":{"start":{"line":300,"column":4},"end":{"line":355,"column":5}},"116":{"start":{"line":301,"column":21},"end":{"line":301,"column":36}},"117":{"start":{"line":311,"column":10},"end":{"line":311,"column":18}},"118":{"start":{"line":313,"column":26},"end":{"line":322,"column":8}},"119":{"start":{"line":324,"column":6},"end":{"line":326,"column":7}},"120":{"start":{"line":325,"column":8},"end":{"line":325,"column":75}},"121":{"start":{"line":328,"column":30},"end":{"line":330,"column":7}},"122":{"start":{"line":332,"column":6},"end":{"line":348,"column":9}},"123":{"start":{"line":350,"column":6},"end":{"line":350,"column":52}},"124":{"start":{"line":351,"column":6},"end":{"line":354,"column":9}},"125":{"start":{"line":359,"column":0},"end":{"line":359,"column":32}}},"fnMap":{"0":{"name":"(anonymous_0)","decl":{"start":{"line":7,"column":27},"end":{"line":7,"column":28}},"loc":{"start":{"line":7,"column":49},"end":{"line":18,"column":1}},"line":7},"1":{"name":"(anonymous_1)","decl":{"start":{"line":22,"column":2},"end":{"line":22,"column":3}},"loc":{"start":{"line":22,"column":34},"end":{"line":67,"column":3}},"line":22},"2":{"name":"(anonymous_2)","decl":{"start":{"line":70,"column":2},"end":{"line":70,"column":3}},"loc":{"start":{"line":70,"column":31},"end":{"line":118,"column":3}},"line":70},"3":{"name":"(anonymous_3)","decl":{"start":{"line":121,"column":2},"end":{"line":121,"column":3}},"loc":{"start":{"line":121,"column":36},"end":{"line":197,"column":3}},"line":121},"4":{"name":"(anonymous_4)","decl":{"start":{"line":200,"column":2},"end":{"line":200,"column":3}},"loc":{"start":{"line":200,"column":46},"end":{"line":222,"column":3}},"line":200},"5":{"name":"(anonymous_5)","decl":{"start":{"line":225,"column":2},"end":{"line":225,"column":3}},"loc":{"start":{"line":225,"column":39},"end":{"line":257,"column":3}},"line":225},"6":{"name":"(anonymous_6)","decl":{"start":{"line":260,"column":2},"end":{"line":260,"column":3}},"loc":{"start":{"line":260,"column":40},"end":{"line":296,"column":3}},"line":260},"7":{"name":"(anonymous_7)","decl":{"start":{"line":299,"column":2},"end":{"line":299,"column":3}},"loc":{"start":{"line":299,"column":39},"end":{"line":356,"column":3}},"line":299}},"branchMap":{"0":{"loc":{"start":{"line":8,"column":2},"end":{"line":8,"column":31}},"type":"if","locations":[{"start":{"line":8,"column":2},"end":{"line":8,"column":31}},{"start":{},"end":{}}],"line":8},"1":{"loc":{"start":{"line":9,"column":2},"end":{"line":9,"column":55}},"type":"if","locations":[{"start":{"line":9,"column":2},"end":{"line":9,"column":55}},{"start":{},"end":{}}],"line":9},"2":{"loc":{"start":{"line":11,"column":17},"end":{"line":11,"column":65}},"type":"binary-expr","locations":[{"start":{"line":11,"column":17},"end":{"line":11,"column":52}},{"start":{"line":11,"column":56},"end":{"line":11,"column":65}}],"line":11},"3":{"loc":{"start":{"line":16,"column":2},"end":{"line":16,"column":45}},"type":"if","locations":[{"start":{"line":16,"column":2},"end":{"line":16,"column":45}},{"start":{},"end":{}}],"line":16},"4":{"loc":{"start":{"line":16,"column":6},"end":{"line":16,"column":31}},"type":"binary-expr","locations":[{"start":{"line":16,"column":6},"end":{"line":16,"column":11}},{"start":{"line":16,"column":15},"end":{"line":16,"column":31}}],"line":16},"5":{"loc":{"start":{"line":26,"column":6},"end":{"line":28,"column":7}},"type":"if","locations":[{"start":{"line":26,"column":6},"end":{"line":28,"column":7}},{"start":{},"end":{}}],"line":26},"6":{"loc":{"start":{"line":26,"column":10},"end":{"line":26,"column":122}},"type":"binary-expr","locations":[{"start":{"line":26,"column":10},"end":{"line":26,"column":22}},{"start":{"line":26,"column":26},"end":{"line":26,"column":36}},{"start":{"line":26,"column":40},"end":{"line":26,"column":49}},{"start":{"line":26,"column":53},"end":{"line":26,"column":62}},{"start":{"line":26,"column":66},"end":{"line":26,"column":77}},{"start":{"line":26,"column":81},"end":{"line":26,"column":92}},{"start":{"line":26,"column":96},"end":{"line":26,"column":107}},{"start":{"line":26,"column":111},"end":{"line":26,"column":122}}],"line":26},"7":{"loc":{"start":{"line":33,"column":6},"end":{"line":35,"column":7}},"type":"if","locations":[{"start":{"line":33,"column":6},"end":{"line":35,"column":7}},{"start":{},"end":{}}],"line":33},"8":{"loc":{"start":{"line":74,"column":6},"end":{"line":76,"column":7}},"type":"if","locations":[{"start":{"line":74,"column":6},"end":{"line":76,"column":7}},{"start":{},"end":{}}],"line":74},"9":{"loc":{"start":{"line":74,"column":10},"end":{"line":74,"column":35}},"type":"binary-expr","locations":[{"start":{"line":74,"column":10},"end":{"line":74,"column":22}},{"start":{"line":74,"column":26},"end":{"line":74,"column":35}}],"line":74},"10":{"loc":{"start":{"line":81,"column":6},"end":{"line":83,"column":7}},"type":"if","locations":[{"start":{"line":81,"column":6},"end":{"line":83,"column":7}},{"start":{},"end":{}}],"line":81},"11":{"loc":{"start":{"line":85,"column":6},"end":{"line":87,"column":7}},"type":"if","locations":[{"start":{"line":85,"column":6},"end":{"line":87,"column":7}},{"start":{},"end":{}}],"line":85},"12":{"loc":{"start":{"line":90,"column":6},"end":{"line":92,"column":7}},"type":"if","locations":[{"start":{"line":90,"column":6},"end":{"line":92,"column":7}},{"start":{},"end":{}}],"line":90},"13":{"loc":{"start":{"line":125,"column":6},"end":{"line":127,"column":7}},"type":"if","locations":[{"start":{"line":125,"column":6},"end":{"line":127,"column":7}},{"start":{},"end":{}}],"line":125},"14":{"loc":{"start":{"line":133,"column":39},"end":{"line":133,"column":49}},"type":"binary-expr","locations":[{"start":{"line":133,"column":39},"end":{"line":133,"column":43}},{"start":{"line":133,"column":47},"end":{"line":133,"column":49}}],"line":133},"15":{"loc":{"start":{"line":140,"column":6},"end":{"line":146,"column":7}},"type":"if","locations":[{"start":{"line":140,"column":6},"end":{"line":146,"column":7}},{"start":{},"end":{}}],"line":140},"16":{"loc":{"start":{"line":143,"column":8},"end":{"line":145,"column":9}},"type":"if","locations":[{"start":{"line":143,"column":8},"end":{"line":145,"column":9}},{"start":{},"end":{}}],"line":143},"17":{"loc":{"start":{"line":148,"column":6},"end":{"line":170,"column":7}},"type":"if","locations":[{"start":{"line":148,"column":6},"end":{"line":170,"column":7}},{"start":{"line":167,"column":13},"end":{"line":170,"column":7}}],"line":148},"18":{"loc":{"start":{"line":151,"column":23},"end":{"line":151,"column":45}},"type":"binary-expr","locations":[{"start":{"line":151,"column":23},"end":{"line":151,"column":37}},{"start":{"line":151,"column":41},"end":{"line":151,"column":45}}],"line":151},"19":{"loc":{"start":{"line":152,"column":21},"end":{"line":152,"column":46}},"type":"binary-expr","locations":[{"start":{"line":152,"column":21},"end":{"line":152,"column":30}},{"start":{"line":152,"column":34},"end":{"line":152,"column":46}}],"line":152},"20":{"loc":{"start":{"line":153,"column":20},"end":{"line":153,"column":34}},"type":"binary-expr","locations":[{"start":{"line":153,"column":20},"end":{"line":153,"column":28}},{"start":{"line":153,"column":32},"end":{"line":153,"column":34}}],"line":153},"21":{"loc":{"start":{"line":160,"column":17},"end":{"line":160,"column":30}},"type":"binary-expr","locations":[{"start":{"line":160,"column":17},"end":{"line":160,"column":22}},{"start":{"line":160,"column":26},"end":{"line":160,"column":30}}],"line":160},"22":{"loc":{"start":{"line":163,"column":8},"end":{"line":166,"column":9}},"type":"if","locations":[{"start":{"line":163,"column":8},"end":{"line":166,"column":9}},{"start":{},"end":{}}],"line":163},"23":{"loc":{"start":{"line":167,"column":13},"end":{"line":170,"column":7}},"type":"if","locations":[{"start":{"line":167,"column":13},"end":{"line":170,"column":7}},{"start":{},"end":{}}],"line":167},"24":{"loc":{"start":{"line":179,"column":14},"end":{"line":179,"column":32}},"type":"binary-expr","locations":[{"start":{"line":179,"column":14},"end":{"line":179,"column":21}},{"start":{"line":179,"column":25},"end":{"line":179,"column":32}}],"line":179},"25":{"loc":{"start":{"line":180,"column":23},"end":{"line":180,"column":58}},"type":"binary-expr","locations":[{"start":{"line":180,"column":23},"end":{"line":180,"column":40}},{"start":{"line":180,"column":44},"end":{"line":180,"column":58}}],"line":180},"26":{"loc":{"start":{"line":181,"column":21},"end":{"line":181,"column":49}},"type":"binary-expr","locations":[{"start":{"line":181,"column":21},"end":{"line":181,"column":36}},{"start":{"line":181,"column":40},"end":{"line":181,"column":49}}],"line":181},"27":{"loc":{"start":{"line":182,"column":20},"end":{"line":182,"column":46}},"type":"binary-expr","locations":[{"start":{"line":182,"column":20},"end":{"line":182,"column":34}},{"start":{"line":182,"column":38},"end":{"line":182,"column":46}}],"line":182},"28":{"loc":{"start":{"line":186,"column":17},"end":{"line":186,"column":36}},"type":"binary-expr","locations":[{"start":{"line":186,"column":17},"end":{"line":186,"column":27}},{"start":{"line":186,"column":31},"end":{"line":186,"column":36}}],"line":186},"29":{"loc":{"start":{"line":187,"column":29},"end":{"line":187,"column":64}},"type":"binary-expr","locations":[{"start":{"line":187,"column":29},"end":{"line":187,"column":53}},{"start":{"line":187,"column":57},"end":{"line":187,"column":64}}],"line":187},"30":{"loc":{"start":{"line":206,"column":6},"end":{"line":208,"column":7}},"type":"if","locations":[{"start":{"line":206,"column":6},"end":{"line":208,"column":7}},{"start":{},"end":{}}],"line":206},"31":{"loc":{"start":{"line":210,"column":6},"end":{"line":212,"column":7}},"type":"if","locations":[{"start":{"line":210,"column":6},"end":{"line":212,"column":7}},{"start":{},"end":{}}],"line":210},"32":{"loc":{"start":{"line":210,"column":10},"end":{"line":210,"column":48}},"type":"binary-expr","locations":[{"start":{"line":210,"column":10},"end":{"line":210,"column":27}},{"start":{"line":210,"column":31},"end":{"line":210,"column":48}}],"line":210},"33":{"loc":{"start":{"line":229,"column":6},"end":{"line":231,"column":7}},"type":"if","locations":[{"start":{"line":229,"column":6},"end":{"line":231,"column":7}},{"start":{},"end":{}}],"line":229},"34":{"loc":{"start":{"line":229,"column":10},"end":{"line":229,"column":68}},"type":"binary-expr","locations":[{"start":{"line":229,"column":10},"end":{"line":229,"column":22}},{"start":{"line":229,"column":26},"end":{"line":229,"column":37}},{"start":{"line":229,"column":41},"end":{"line":229,"column":52}},{"start":{"line":229,"column":56},"end":{"line":229,"column":68}}],"line":229},"35":{"loc":{"start":{"line":236,"column":6},"end":{"line":238,"column":7}},"type":"if","locations":[{"start":{"line":236,"column":6},"end":{"line":238,"column":7}},{"start":{},"end":{}}],"line":236},"36":{"loc":{"start":{"line":243,"column":6},"end":{"line":245,"column":7}},"type":"if","locations":[{"start":{"line":243,"column":6},"end":{"line":245,"column":7}},{"start":{},"end":{}}],"line":243},"37":{"loc":{"start":{"line":243,"column":10},"end":{"line":243,"column":34}},"type":"binary-expr","locations":[{"start":{"line":243,"column":10},"end":{"line":243,"column":20}},{"start":{"line":243,"column":24},"end":{"line":243,"column":34}}],"line":243},"38":{"loc":{"start":{"line":265,"column":6},"end":{"line":267,"column":7}},"type":"if","locations":[{"start":{"line":265,"column":6},"end":{"line":267,"column":7}},{"start":{},"end":{}}],"line":265},"39":{"loc":{"start":{"line":283,"column":29},"end":{"line":283,"column":72}},"type":"binary-expr","locations":[{"start":{"line":283,"column":29},"end":{"line":283,"column":44}},{"start":{"line":283,"column":48},"end":{"line":283,"column":72}}],"line":283},"40":{"loc":{"start":{"line":324,"column":6},"end":{"line":326,"column":7}},"type":"if","locations":[{"start":{"line":324,"column":6},"end":{"line":326,"column":7}},{"start":{},"end":{}}],"line":324},"41":{"loc":{"start":{"line":344,"column":12},"end":{"line":344,"column":62}},"type":"binary-expr","locations":[{"start":{"line":344,"column":12},"end":{"line":344,"column":27}},{"start":{"line":344,"column":31},"end":{"line":344,"column":62}}],"line":344}},"s":{"0":1,"1":1,"2":1,"3":1,"4":1,"5":1,"6":0,"7":0,"8":0,"9":0,"10":0,"11":0,"12":0,"13":0,"14":0,"15":1,"16":1,"17":1,"18":0,"19":1,"20":1,"21":1,"22":0,"23":1,"24":1,"25":1,"26":1,"27":1,"28":1,"29":1,"30":1,"31":0,"32":0,"33":2,"34":2,"35":2,"36":0,"37":2,"38":2,"39":2,"40":1,"41":1,"42":0,"43":1,"44":1,"45":0,"46":1,"47":1,"48":1,"49":0,"50":0,"51":0,"52":0,"53":0,"54":0,"55":0,"56":0,"57":0,"58":0,"59":0,"60":0,"61":0,"62":0,"63":0,"64":0,"65":0,"66":0,"67":0,"68":0,"69":0,"70":0,"71":0,"72":0,"73":0,"74":0,"75":0,"76":0,"77":0,"78":0,"79":0,"80":0,"81":0,"82":0,"83":0,"84":0,"85":0,"86":0,"87":0,"88":0,"89":0,"90":0,"91":0,"92":0,"93":0,"94":0,"95":0,"96":0,"97":0,"98":0,"99":0,"100":0,"101":0,"102":0,"103":0,"104":0,"105":0,"106":0,"107":0,"108":0,"109":0,"110":0,"111":0,"112":0,"113":0,"114":0,"115":0,"116":0,"117":0,"118":0,"119":0,"120":0,"121":0,"122":0,"123":0,"124":0,"125":1},"f":{"0":0,"1":1,"2":2,"3":0,"4":0,"5":0,"6":0,"7":0},"b":{"0":[0,0],"1":[0,0],"2":[0,0],"3":[0,0],"4":[0,0],"5":[0,1],"6":[1,1,1,1,1,1,1,1],"7":[0,1],"8":[0,2],"9":[2,2],"10":[1,1],"11":[0,1],"12":[0,1],"13":[0,0],"14":[0,0],"15":[0,0],"16":[0,0],"17":[0,0],"18":[0,0],"19":[0,0],"20":[0,0],"21":[0,0],"22":[0,0],"23":[0,0],"24":[0,0],"25":[0,0],"26":[0,0],"27":[0,0],"28":[0,0],"29":[0,0],"30":[0,0],"31":[0,0],"32":[0,0],"33":[0,0],"34":[0,0,0,0],"35":[0,0],"36":[0,0],"37":[0,0],"38":[0,0],"39":[0,0],"40":[0,0],"41":[0,0]},"_coverageSchema":"1a1c01bbd47fc00a2c39e90264f33305004495a9","hash":"e9f9a92ca960d431a183edc67ee0e6586c785225"}
,"/home/armelki/Documents/projets/Ankata/backend/src/controllers/bookings.controller.js": {"path":"/home/armelki/Documents/projets/Ankata/backend/src/controllers/bookings.controller.js","statementMap":{"0":{"start":{"line":1,"column":19},"end":{"line":1,"column":47}},"1":{"start":{"line":2,"column":16},"end":{"line":2,"column":41}},"2":{"start":{"line":3,"column":20},"end":{"line":3,"column":49}},"3":{"start":{"line":4,"column":30},"end":{"line":4,"column":57}},"4":{"start":{"line":9,"column":4},"end":{"line":19,"column":5}},"5":{"start":{"line":10,"column":21},"end":{"line":10,"column":36}},"6":{"start":{"line":11,"column":23},"end":{"line":11,"column":70}},"7":{"start":{"line":12,"column":6},"end":{"line":12,"column":52}},"8":{"start":{"line":14,"column":6},"end":{"line":14,"column":60}},"9":{"start":{"line":15,"column":6},"end":{"line":18,"column":9}},"10":{"start":{"line":24,"column":4},"end":{"line":117,"column":5}},"11":{"start":{"line":25,"column":21},"end":{"line":25,"column":36}},"12":{"start":{"line":37,"column":10},"end":{"line":37,"column":18}},"13":{"start":{"line":40,"column":28},"end":{"line":40,"column":73}},"14":{"start":{"line":41,"column":35},"end":{"line":41,"column":76}},"15":{"start":{"line":42,"column":36},"end":{"line":42,"column":79}},"16":{"start":{"line":43,"column":28},"end":{"line":43,"column":80}},"17":{"start":{"line":45,"column":6},"end":{"line":49,"column":7}},"18":{"start":{"line":46,"column":8},"end":{"line":48,"column":11}},"19":{"start":{"line":52,"column":19},"end":{"line":52,"column":51}},"20":{"start":{"line":53,"column":6},"end":{"line":55,"column":7}},"21":{"start":{"line":54,"column":8},"end":{"line":54,"column":65}},"22":{"start":{"line":58,"column":23},"end":{"line":58,"column":63}},"23":{"start":{"line":59,"column":6},"end":{"line":61,"column":7}},"24":{"start":{"line":60,"column":8},"end":{"line":60,"column":87}},"25":{"start":{"line":64,"column":24},"end":{"line":64,"column":51}},"26":{"start":{"line":65,"column":25},"end":{"line":65,"column":80}},"27":{"start":{"line":66,"column":25},"end":{"line":66,"column":28}},"28":{"start":{"line":67,"column":26},"end":{"line":67,"column":77}},"29":{"start":{"line":70,"column":26},"end":{"line":70,"column":47}},"30":{"start":{"line":73,"column":22},"end":{"line":90,"column":8}},"31":{"start":{"line":93,"column":6},"end":{"line":93,"column":77}},"32":{"start":{"line":95,"column":6},"end":{"line":110,"column":9}},"33":{"start":{"line":112,"column":6},"end":{"line":112,"column":52}},"34":{"start":{"line":113,"column":6},"end":{"line":116,"column":9}},"35":{"start":{"line":122,"column":4},"end":{"line":157,"column":5}},"36":{"start":{"line":123,"column":21},"end":{"line":123,"column":36}},"37":{"start":{"line":124,"column":25},"end":{"line":124,"column":34}},"38":{"start":{"line":126,"column":6},"end":{"line":130,"column":7}},"39":{"start":{"line":127,"column":8},"end":{"line":129,"column":11}},"40":{"start":{"line":132,"column":23},"end":{"line":132,"column":63}},"41":{"start":{"line":134,"column":21},"end":{"line":134,"column":23}},"42":{"start":{"line":135,"column":6},"end":{"line":137,"column":7}},"43":{"start":{"line":136,"column":8},"end":{"line":136,"column":46}},"44":{"start":{"line":138,"column":6},"end":{"line":140,"column":7}},"45":{"start":{"line":139,"column":8},"end":{"line":139,"column":38}},"46":{"start":{"line":142,"column":6},"end":{"line":148,"column":7}},"47":{"start":{"line":143,"column":8},"end":{"line":143,"column":51}},"48":{"start":{"line":144,"column":13},"end":{"line":148,"column":7}},"49":{"start":{"line":145,"column":8},"end":{"line":145,"column":47}},"50":{"start":{"line":147,"column":8},"end":{"line":147,"column":69}},"51":{"start":{"line":150,"column":6},"end":{"line":150,"column":37}},"52":{"start":{"line":152,"column":6},"end":{"line":152,"column":53}},"53":{"start":{"line":153,"column":6},"end":{"line":156,"column":9}},"54":{"start":{"line":162,"column":4},"end":{"line":185,"column":5}},"55":{"start":{"line":163,"column":21},"end":{"line":163,"column":36}},"56":{"start":{"line":164,"column":28},"end":{"line":164,"column":38}},"57":{"start":{"line":166,"column":22},"end":{"line":166,"column":60}},"58":{"start":{"line":167,"column":6},"end":{"line":169,"column":7}},"59":{"start":{"line":168,"column":8},"end":{"line":168,"column":68}},"60":{"start":{"line":172,"column":6},"end":{"line":174,"column":7}},"61":{"start":{"line":173,"column":8},"end":{"line":173,"column":63}},"62":{"start":{"line":176,"column":6},"end":{"line":178,"column":9}},"63":{"start":{"line":180,"column":6},"end":{"line":180,"column":57}},"64":{"start":{"line":181,"column":6},"end":{"line":184,"column":9}},"65":{"start":{"line":190,"column":4},"end":{"line":217,"column":5}},"66":{"start":{"line":191,"column":30},"end":{"line":191,"column":40}},"67":{"start":{"line":193,"column":22},"end":{"line":193,"column":64}},"68":{"start":{"line":194,"column":6},"end":{"line":196,"column":7}},"69":{"start":{"line":195,"column":8},"end":{"line":195,"column":68}},"70":{"start":{"line":198,"column":6},"end":{"line":210,"column":9}},"71":{"start":{"line":212,"column":6},"end":{"line":212,"column":57}},"72":{"start":{"line":213,"column":6},"end":{"line":216,"column":9}},"73":{"start":{"line":222,"column":4},"end":{"line":265,"column":5}},"74":{"start":{"line":223,"column":21},"end":{"line":223,"column":36}},"75":{"start":{"line":224,"column":28},"end":{"line":224,"column":38}},"76":{"start":{"line":225,"column":25},"end":{"line":225,"column":33}},"77":{"start":{"line":227,"column":22},"end":{"line":227,"column":60}},"78":{"start":{"line":228,"column":6},"end":{"line":230,"column":7}},"79":{"start":{"line":229,"column":8},"end":{"line":229,"column":68}},"80":{"start":{"line":233,"column":6},"end":{"line":235,"column":7}},"81":{"start":{"line":234,"column":8},"end":{"line":234,"column":63}},"82":{"start":{"line":237,"column":28},"end":{"line":237,"column":60}},"83":{"start":{"line":238,"column":6},"end":{"line":240,"column":7}},"84":{"start":{"line":239,"column":8},"end":{"line":239,"column":78}},"85":{"start":{"line":243,"column":31},"end":{"line":243,"column":102}},"86":{"start":{"line":246,"column":23},"end":{"line":246,"column":72}},"87":{"start":{"line":247,"column":6},"end":{"line":253,"column":7}},"88":{"start":{"line":248,"column":31},"end":{"line":248,"column":58}},"89":{"start":{"line":249,"column":8},"end":{"line":252,"column":10}},"90":{"start":{"line":255,"column":6},"end":{"line":258,"column":9}},"91":{"start":{"line":260,"column":6},"end":{"line":260,"column":52}},"92":{"start":{"line":261,"column":6},"end":{"line":264,"column":9}},"93":{"start":{"line":269,"column":0},"end":{"line":269,"column":35}}},"fnMap":{"0":{"name":"(anonymous_0)","decl":{"start":{"line":8,"column":2},"end":{"line":8,"column":3}},"loc":{"start":{"line":8,"column":46},"end":{"line":20,"column":3}},"line":8},"1":{"name":"(anonymous_1)","decl":{"start":{"line":23,"column":2},"end":{"line":23,"column":3}},"loc":{"start":{"line":23,"column":39},"end":{"line":118,"column":3}},"line":23},"2":{"name":"(anonymous_2)","decl":{"start":{"line":121,"column":2},"end":{"line":121,"column":3}},"loc":{"start":{"line":121,"column":39},"end":{"line":158,"column":3}},"line":121},"3":{"name":"(anonymous_3)","decl":{"start":{"line":161,"column":2},"end":{"line":161,"column":3}},"loc":{"start":{"line":161,"column":43},"end":{"line":186,"column":3}},"line":161},"4":{"name":"(anonymous_4)","decl":{"start":{"line":189,"column":2},"end":{"line":189,"column":3}},"loc":{"start":{"line":189,"column":42},"end":{"line":218,"column":3}},"line":189},"5":{"name":"(anonymous_5)","decl":{"start":{"line":221,"column":2},"end":{"line":221,"column":3}},"loc":{"start":{"line":221,"column":39},"end":{"line":266,"column":3}},"line":221}},"branchMap":{"0":{"loc":{"start":{"line":35,"column":8},"end":{"line":35,"column":27}},"type":"default-arg","locations":[{"start":{"line":35,"column":26},"end":{"line":35,"column":27}}],"line":35},"1":{"loc":{"start":{"line":36,"column":8},"end":{"line":36,"column":28}},"type":"default-arg","locations":[{"start":{"line":36,"column":24},"end":{"line":36,"column":28}}],"line":36},"2":{"loc":{"start":{"line":40,"column":28},"end":{"line":40,"column":73}},"type":"cond-expr","locations":[{"start":{"line":40,"column":56},"end":{"line":40,"column":66}},{"start":{"line":40,"column":69},"end":{"line":40,"column":73}}],"line":40},"3":{"loc":{"start":{"line":41,"column":35},"end":{"line":41,"column":76}},"type":"binary-expr","locations":[{"start":{"line":41,"column":35},"end":{"line":41,"column":59}},{"start":{"line":41,"column":63},"end":{"line":41,"column":76}}],"line":41},"4":{"loc":{"start":{"line":42,"column":36},"end":{"line":42,"column":79}},"type":"binary-expr","locations":[{"start":{"line":42,"column":36},"end":{"line":42,"column":61}},{"start":{"line":42,"column":65},"end":{"line":42,"column":79}}],"line":42},"5":{"loc":{"start":{"line":43,"column":28},"end":{"line":43,"column":80}},"type":"binary-expr","locations":[{"start":{"line":43,"column":28},"end":{"line":43,"column":49}},{"start":{"line":43,"column":53},"end":{"line":43,"column":75}},{"start":{"line":43,"column":79},"end":{"line":43,"column":80}}],"line":43},"6":{"loc":{"start":{"line":45,"column":6},"end":{"line":49,"column":7}},"type":"if","locations":[{"start":{"line":45,"column":6},"end":{"line":49,"column":7}},{"start":{},"end":{}}],"line":45},"7":{"loc":{"start":{"line":45,"column":10},"end":{"line":45,"column":89}},"type":"binary-expr","locations":[{"start":{"line":45,"column":10},"end":{"line":45,"column":21}},{"start":{"line":45,"column":25},"end":{"line":45,"column":32}},{"start":{"line":45,"column":36},"end":{"line":45,"column":46}},{"start":{"line":45,"column":50},"end":{"line":45,"column":71}},{"start":{"line":45,"column":75},"end":{"line":45,"column":89}}],"line":45},"8":{"loc":{"start":{"line":53,"column":6},"end":{"line":55,"column":7}},"type":"if","locations":[{"start":{"line":53,"column":6},"end":{"line":55,"column":7}},{"start":{},"end":{}}],"line":53},"9":{"loc":{"start":{"line":59,"column":6},"end":{"line":61,"column":7}},"type":"if","locations":[{"start":{"line":59,"column":6},"end":{"line":61,"column":7}},{"start":{},"end":{}}],"line":59},"10":{"loc":{"start":{"line":59,"column":10},"end":{"line":59,"column":63}},"type":"binary-expr","locations":[{"start":{"line":59,"column":10},"end":{"line":59,"column":19}},{"start":{"line":59,"column":23},"end":{"line":59,"column":63}}],"line":59},"11":{"loc":{"start":{"line":80,"column":24},"end":{"line":80,"column":55}},"type":"binary-expr","locations":[{"start":{"line":80,"column":24},"end":{"line":80,"column":47}},{"start":{"line":80,"column":51},"end":{"line":80,"column":55}}],"line":80},"12":{"loc":{"start":{"line":83,"column":21},"end":{"line":83,"column":66}},"type":"cond-expr","locations":[{"start":{"line":83,"column":50},"end":{"line":83,"column":61}},{"start":{"line":83,"column":64},"end":{"line":83,"column":66}}],"line":83},"13":{"loc":{"start":{"line":126,"column":6},"end":{"line":130,"column":7}},"type":"if","locations":[{"start":{"line":126,"column":6},"end":{"line":130,"column":7}},{"start":{},"end":{}}],"line":126},"14":{"loc":{"start":{"line":126,"column":10},"end":{"line":126,"column":62}},"type":"binary-expr","locations":[{"start":{"line":126,"column":10},"end":{"line":126,"column":16}},{"start":{"line":126,"column":20},"end":{"line":126,"column":41}},{"start":{"line":126,"column":45},"end":{"line":126,"column":62}}],"line":126},"15":{"loc":{"start":{"line":135,"column":6},"end":{"line":137,"column":7}},"type":"if","locations":[{"start":{"line":135,"column":6},"end":{"line":137,"column":7}},{"start":{},"end":{}}],"line":135},"16":{"loc":{"start":{"line":135,"column":10},"end":{"line":135,"column":42}},"type":"binary-expr","locations":[{"start":{"line":135,"column":10},"end":{"line":135,"column":17}},{"start":{"line":135,"column":21},"end":{"line":135,"column":42}}],"line":135},"17":{"loc":{"start":{"line":138,"column":6},"end":{"line":140,"column":7}},"type":"if","locations":[{"start":{"line":138,"column":6},"end":{"line":140,"column":7}},{"start":{},"end":{}}],"line":138},"18":{"loc":{"start":{"line":138,"column":10},"end":{"line":138,"column":38}},"type":"binary-expr","locations":[{"start":{"line":138,"column":10},"end":{"line":138,"column":17}},{"start":{"line":138,"column":21},"end":{"line":138,"column":38}}],"line":138},"19":{"loc":{"start":{"line":142,"column":6},"end":{"line":148,"column":7}},"type":"if","locations":[{"start":{"line":142,"column":6},"end":{"line":148,"column":7}},{"start":{"line":144,"column":13},"end":{"line":148,"column":7}}],"line":142},"20":{"loc":{"start":{"line":144,"column":13},"end":{"line":148,"column":7}},"type":"if","locations":[{"start":{"line":144,"column":13},"end":{"line":148,"column":7}},{"start":{"line":146,"column":13},"end":{"line":148,"column":7}}],"line":144},"21":{"loc":{"start":{"line":167,"column":6},"end":{"line":169,"column":7}},"type":"if","locations":[{"start":{"line":167,"column":6},"end":{"line":169,"column":7}},{"start":{},"end":{}}],"line":167},"22":{"loc":{"start":{"line":172,"column":6},"end":{"line":174,"column":7}},"type":"if","locations":[{"start":{"line":172,"column":6},"end":{"line":174,"column":7}},{"start":{},"end":{}}],"line":172},"23":{"loc":{"start":{"line":194,"column":6},"end":{"line":196,"column":7}},"type":"if","locations":[{"start":{"line":194,"column":6},"end":{"line":196,"column":7}},{"start":{},"end":{}}],"line":194},"24":{"loc":{"start":{"line":228,"column":6},"end":{"line":230,"column":7}},"type":"if","locations":[{"start":{"line":228,"column":6},"end":{"line":230,"column":7}},{"start":{},"end":{}}],"line":228},"25":{"loc":{"start":{"line":233,"column":6},"end":{"line":235,"column":7}},"type":"if","locations":[{"start":{"line":233,"column":6},"end":{"line":235,"column":7}},{"start":{},"end":{}}],"line":233},"26":{"loc":{"start":{"line":238,"column":6},"end":{"line":240,"column":7}},"type":"if","locations":[{"start":{"line":238,"column":6},"end":{"line":240,"column":7}},{"start":{},"end":{}}],"line":238},"27":{"loc":{"start":{"line":243,"column":75},"end":{"line":243,"column":101}},"type":"binary-expr","locations":[{"start":{"line":243,"column":75},"end":{"line":243,"column":81}},{"start":{"line":243,"column":85},"end":{"line":243,"column":101}}],"line":243},"28":{"loc":{"start":{"line":247,"column":6},"end":{"line":253,"column":7}},"type":"if","locations":[{"start":{"line":247,"column":6},"end":{"line":253,"column":7}},{"start":{},"end":{}}],"line":247},"29":{"loc":{"start":{"line":248,"column":31},"end":{"line":248,"column":58}},"type":"binary-expr","locations":[{"start":{"line":248,"column":31},"end":{"line":248,"column":53}},{"start":{"line":248,"column":57},"end":{"line":248,"column":58}}],"line":248}},"s":{"0":1,"1":1,"2":1,"3":1,"4":0,"5":0,"6":0,"7":0,"8":0,"9":0,"10":0,"11":0,"12":0,"13":0,"14":0,"15":0,"16":0,"17":0,"18":0,"19":0,"20":0,"21":0,"22":0,"23":0,"24":0,"25":0,"26":0,"27":0,"28":0,"29":0,"30":0,"31":0,"32":0,"33":0,"34":0,"35":0,"36":0,"37":0,"38":0,"39":0,"40":0,"41":0,"42":0,"43":0,"44":0,"45":0,"46":0,"47":0,"48":0,"49":0,"50":0,"51":0,"52":0,"53":0,"54":0,"55":0,"56":0,"57":0,"58":0,"59":0,"60":0,"61":0,"62":0,"63":0,"64":0,"65":0,"66":0,"67":0,"68":0,"69":0,"70":0,"71":0,"72":0,"73":0,"74":0,"75":0,"76":0,"77":0,"78":0,"79":0,"80":0,"81":0,"82":0,"83":0,"84":0,"85":0,"86":0,"87":0,"88":0,"89":0,"90":0,"91":0,"92":0,"93":1},"f":{"0":0,"1":0,"2":0,"3":0,"4":0,"5":0},"b":{"0":[0],"1":[0],"2":[0,0],"3":[0,0],"4":[0,0],"5":[0,0,0],"6":[0,0],"7":[0,0,0,0,0],"8":[0,0],"9":[0,0],"10":[0,0],"11":[0,0],"12":[0,0],"13":[0,0],"14":[0,0,0],"15":[0,0],"16":[0,0],"17":[0,0],"18":[0,0],"19":[0,0],"20":[0,0],"21":[0,0],"22":[0,0],"23":[0,0],"24":[0,0],"25":[0,0],"26":[0,0],"27":[0,0],"28":[0,0],"29":[0,0]},"_coverageSchema":"1a1c01bbd47fc00a2c39e90264f33305004495a9","hash":"e37d4135016250758dbde2ff95cbce2ca03fc6f4"}
,"/home/armelki/Documents/projets/Ankata/backend/src/controllers/companies.controller.js": {"path":"/home/armelki/Documents/projets/Ankata/backend/src/controllers/companies.controller.js","statementMap":{"0":{"start":{"line":1,"column":21},"end":{"line":1,"column":49}},"1":{"start":{"line":2,"column":20},"end":{"line":2,"column":47}},"2":{"start":{"line":3,"column":13},"end":{"line":3,"column":46}},"3":{"start":{"line":8,"column":4},"end":{"line":28,"column":5}},"4":{"start":{"line":9,"column":41},"end":{"line":9,"column":50}},"5":{"start":{"line":11,"column":26},"end":{"line":11,"column":66}},"6":{"start":{"line":12,"column":27},"end":{"line":12,"column":52}},"7":{"start":{"line":14,"column":24},"end":{"line":14,"column":77}},"8":{"start":{"line":16,"column":6},"end":{"line":21,"column":9}},"9":{"start":{"line":23,"column":6},"end":{"line":23,"column":55}},"10":{"start":{"line":24,"column":6},"end":{"line":27,"column":9}},"11":{"start":{"line":33,"column":4},"end":{"line":57,"column":5}},"12":{"start":{"line":34,"column":28},"end":{"line":34,"column":38}},"13":{"start":{"line":36,"column":22},"end":{"line":36,"column":60}},"14":{"start":{"line":37,"column":6},"end":{"line":39,"column":7}},"15":{"start":{"line":38,"column":8},"end":{"line":38,"column":68}},"16":{"start":{"line":41,"column":20},"end":{"line":41,"column":58}},"17":{"start":{"line":42,"column":22},"end":{"line":42,"column":72}},"18":{"start":{"line":44,"column":6},"end":{"line":50,"column":9}},"19":{"start":{"line":52,"column":6},"end":{"line":52,"column":57}},"20":{"start":{"line":53,"column":6},"end":{"line":56,"column":9}},"21":{"start":{"line":62,"column":4},"end":{"line":86,"column":5}},"22":{"start":{"line":63,"column":23},"end":{"line":63,"column":33}},"23":{"start":{"line":65,"column":22},"end":{"line":65,"column":57}},"24":{"start":{"line":66,"column":6},"end":{"line":68,"column":7}},"25":{"start":{"line":67,"column":8},"end":{"line":67,"column":68}},"26":{"start":{"line":70,"column":20},"end":{"line":70,"column":59}},"27":{"start":{"line":71,"column":22},"end":{"line":71,"column":73}},"28":{"start":{"line":73,"column":6},"end":{"line":79,"column":9}},"29":{"start":{"line":81,"column":6},"end":{"line":81,"column":57}},"30":{"start":{"line":82,"column":6},"end":{"line":85,"column":9}},"31":{"start":{"line":91,"column":4},"end":{"line":119,"column":5}},"32":{"start":{"line":92,"column":28},"end":{"line":92,"column":38}},"33":{"start":{"line":93,"column":41},"end":{"line":93,"column":50}},"34":{"start":{"line":95,"column":22},"end":{"line":95,"column":60}},"35":{"start":{"line":96,"column":6},"end":{"line":98,"column":7}},"36":{"start":{"line":97,"column":8},"end":{"line":97,"column":68}},"37":{"start":{"line":100,"column":26},"end":{"line":100,"column":66}},"38":{"start":{"line":101,"column":27},"end":{"line":101,"column":52}},"39":{"start":{"line":103,"column":22},"end":{"line":103,"column":93}},"40":{"start":{"line":104,"column":20},"end":{"line":104,"column":64}},"41":{"start":{"line":106,"column":6},"end":{"line":112,"column":9}},"42":{"start":{"line":114,"column":6},"end":{"line":114,"column":57}},"43":{"start":{"line":115,"column":6},"end":{"line":118,"column":9}},"44":{"start":{"line":124,"column":4},"end":{"line":154,"column":5}},"45":{"start":{"line":125,"column":23},"end":{"line":125,"column":33}},"46":{"start":{"line":127,"column":22},"end":{"line":127,"column":57}},"47":{"start":{"line":128,"column":6},"end":{"line":130,"column":7}},"48":{"start":{"line":129,"column":8},"end":{"line":129,"column":68}},"49":{"start":{"line":132,"column":20},"end":{"line":138,"column":7}},"50":{"start":{"line":139,"column":21},"end":{"line":139,"column":58}},"51":{"start":{"line":141,"column":6},"end":{"line":147,"column":9}},"52":{"start":{"line":149,"column":6},"end":{"line":149,"column":59}},"53":{"start":{"line":150,"column":6},"end":{"line":153,"column":9}},"54":{"start":{"line":158,"column":0},"end":{"line":158,"column":35}}},"fnMap":{"0":{"name":"(anonymous_0)","decl":{"start":{"line":7,"column":2},"end":{"line":7,"column":3}},"loc":{"start":{"line":7,"column":41},"end":{"line":29,"column":3}},"line":7},"1":{"name":"(anonymous_1)","decl":{"start":{"line":32,"column":2},"end":{"line":32,"column":3}},"loc":{"start":{"line":32,"column":43},"end":{"line":58,"column":3}},"line":32},"2":{"name":"(anonymous_2)","decl":{"start":{"line":61,"column":2},"end":{"line":61,"column":3}},"loc":{"start":{"line":61,"column":42},"end":{"line":87,"column":3}},"line":61},"3":{"name":"(anonymous_3)","decl":{"start":{"line":90,"column":2},"end":{"line":90,"column":3}},"loc":{"start":{"line":90,"column":43},"end":{"line":120,"column":3}},"line":90},"4":{"name":"(anonymous_4)","decl":{"start":{"line":123,"column":2},"end":{"line":123,"column":3}},"loc":{"start":{"line":123,"column":45},"end":{"line":155,"column":3}},"line":123}},"branchMap":{"0":{"loc":{"start":{"line":9,"column":14},"end":{"line":9,"column":24}},"type":"default-arg","locations":[{"start":{"line":9,"column":22},"end":{"line":9,"column":24}}],"line":9},"1":{"loc":{"start":{"line":9,"column":26},"end":{"line":9,"column":36}},"type":"default-arg","locations":[{"start":{"line":9,"column":35},"end":{"line":9,"column":36}}],"line":9},"2":{"loc":{"start":{"line":11,"column":35},"end":{"line":11,"column":60}},"type":"binary-expr","locations":[{"start":{"line":11,"column":35},"end":{"line":11,"column":54}},{"start":{"line":11,"column":58},"end":{"line":11,"column":60}}],"line":11},"3":{"loc":{"start":{"line":12,"column":27},"end":{"line":12,"column":52}},"type":"binary-expr","locations":[{"start":{"line":12,"column":27},"end":{"line":12,"column":47}},{"start":{"line":12,"column":51},"end":{"line":12,"column":52}}],"line":12},"4":{"loc":{"start":{"line":37,"column":6},"end":{"line":39,"column":7}},"type":"if","locations":[{"start":{"line":37,"column":6},"end":{"line":39,"column":7}},{"start":{},"end":{}}],"line":37},"5":{"loc":{"start":{"line":66,"column":6},"end":{"line":68,"column":7}},"type":"if","locations":[{"start":{"line":66,"column":6},"end":{"line":68,"column":7}},{"start":{},"end":{}}],"line":66},"6":{"loc":{"start":{"line":93,"column":14},"end":{"line":93,"column":24}},"type":"default-arg","locations":[{"start":{"line":93,"column":22},"end":{"line":93,"column":24}}],"line":93},"7":{"loc":{"start":{"line":93,"column":26},"end":{"line":93,"column":36}},"type":"default-arg","locations":[{"start":{"line":93,"column":35},"end":{"line":93,"column":36}}],"line":93},"8":{"loc":{"start":{"line":96,"column":6},"end":{"line":98,"column":7}},"type":"if","locations":[{"start":{"line":96,"column":6},"end":{"line":98,"column":7}},{"start":{},"end":{}}],"line":96},"9":{"loc":{"start":{"line":100,"column":35},"end":{"line":100,"column":60}},"type":"binary-expr","locations":[{"start":{"line":100,"column":35},"end":{"line":100,"column":54}},{"start":{"line":100,"column":58},"end":{"line":100,"column":60}}],"line":100},"10":{"loc":{"start":{"line":101,"column":27},"end":{"line":101,"column":52}},"type":"binary-expr","locations":[{"start":{"line":101,"column":27},"end":{"line":101,"column":47}},{"start":{"line":101,"column":51},"end":{"line":101,"column":52}}],"line":101},"11":{"loc":{"start":{"line":128,"column":6},"end":{"line":130,"column":7}},"type":"if","locations":[{"start":{"line":128,"column":6},"end":{"line":130,"column":7}},{"start":{},"end":{}}],"line":128}},"s":{"0":1,"1":1,"2":1,"3":0,"4":0,"5":0,"6":0,"7":0,"8":0,"9":0,"10":0,"11":0,"12":0,"13":0,"14":0,"15":0,"16":0,"17":0,"18":0,"19":0,"20":0,"21":0,"22":0,"23":0,"24":0,"25":0,"26":0,"27":0,"28":0,"29":0,"30":0,"31":0,"32":0,"33":0,"34":0,"35":0,"36":0,"37":0,"38":0,"39":0,"40":0,"41":0,"42":0,"43":0,"44":0,"45":0,"46":0,"47":0,"48":0,"49":0,"50":0,"51":0,"52":0,"53":0,"54":1},"f":{"0":0,"1":0,"2":0,"3":0,"4":0},"b":{"0":[0],"1":[0],"2":[0,0],"3":[0,0],"4":[0,0],"5":[0,0],"6":[0],"7":[0],"8":[0,0],"9":[0,0],"10":[0,0],"11":[0,0]},"_coverageSchema":"1a1c01bbd47fc00a2c39e90264f33305004495a9","hash":"b8e4ad8f2c76a99fd7f8e0700f05e106e8e3b3ba"}
,"/home/armelki/Documents/projets/Ankata/backend/src/controllers/lines.controller.js": {"path":"/home/armelki/Documents/projets/Ankata/backend/src/controllers/lines.controller.js","statementMap":{"0":{"start":{"line":1,"column":18},"end":{"line":1,"column":43}},"1":{"start":{"line":2,"column":21},"end":{"line":2,"column":49}},"2":{"start":{"line":7,"column":4},"end":{"line":32,"column":5}},"3":{"start":{"line":8,"column":81},"end":{"line":8,"column":90}},"4":{"start":{"line":10,"column":26},"end":{"line":10,"column":66}},"5":{"start":{"line":11,"column":27},"end":{"line":11,"column":52}},"6":{"start":{"line":13,"column":22},"end":{"line":13,"column":24}},"7":{"start":{"line":14,"column":6},"end":{"line":14,"column":54}},"8":{"start":{"line":14,"column":22},"end":{"line":14,"column":54}},"9":{"start":{"line":15,"column":6},"end":{"line":15,"column":69}},"10":{"start":{"line":15,"column":27},"end":{"line":15,"column":69}},"11":{"start":{"line":16,"column":6},"end":{"line":16,"column":51}},"12":{"start":{"line":16,"column":21},"end":{"line":16,"column":51}},"13":{"start":{"line":18,"column":20},"end":{"line":18,"column":79}},"14":{"start":{"line":20,"column":6},"end":{"line":25,"column":9}},"15":{"start":{"line":27,"column":6},"end":{"line":27,"column":51}},"16":{"start":{"line":28,"column":6},"end":{"line":31,"column":9}},"17":{"start":{"line":37,"column":4},"end":{"line":100,"column":5}},"18":{"start":{"line":38,"column":52},"end":{"line":38,"column":61}},"19":{"start":{"line":40,"column":6},"end":{"line":44,"column":7}},"20":{"start":{"line":41,"column":8},"end":{"line":43,"column":11}},"21":{"start":{"line":47,"column":22},"end":{"line":47,"column":36}},"22":{"start":{"line":48,"column":6},"end":{"line":52,"column":7}},"23":{"start":{"line":49,"column":8},"end":{"line":51,"column":11}},"24":{"start":{"line":54,"column":20},"end":{"line":54,"column":77}},"25":{"start":{"line":57,"column":33},"end":{"line":85,"column":7}},"26":{"start":{"line":59,"column":28},"end":{"line":59,"column":71}},"27":{"start":{"line":60,"column":38},"end":{"line":79,"column":12}},"28":{"start":{"line":61,"column":12},"end":{"line":63,"column":13}},"29":{"start":{"line":62,"column":14},"end":{"line":62,"column":30}},"30":{"start":{"line":64,"column":37},"end":{"line":66,"column":42}},"31":{"start":{"line":66,"column":26},"end":{"line":66,"column":41}},"32":{"start":{"line":68,"column":14},"end":{"line":69,"column":23}},"33":{"start":{"line":70,"column":33},"end":{"line":73,"column":13}},"34":{"start":{"line":74,"column":35},"end":{"line":74,"column":77}},"35":{"start":{"line":75,"column":12},"end":{"line":78,"column":14}},"36":{"start":{"line":80,"column":10},"end":{"line":83,"column":12}},"37":{"start":{"line":87,"column":6},"end":{"line":93,"column":9}},"38":{"start":{"line":95,"column":6},"end":{"line":95,"column":50}},"39":{"start":{"line":96,"column":6},"end":{"line":99,"column":9}},"40":{"start":{"line":105,"column":4},"end":{"line":141,"column":5}},"41":{"start":{"line":106,"column":25},"end":{"line":106,"column":35}},"42":{"start":{"line":107,"column":23},"end":{"line":107,"column":32}},"43":{"start":{"line":109,"column":19},"end":{"line":109,"column":51}},"44":{"start":{"line":110,"column":6},"end":{"line":112,"column":7}},"45":{"start":{"line":111,"column":8},"end":{"line":111,"column":65}},"46":{"start":{"line":114,"column":20},"end":{"line":114,"column":52}},"47":{"start":{"line":116,"column":22},"end":{"line":116,"column":24}},"48":{"start":{"line":117,"column":6},"end":{"line":123,"column":7}},"49":{"start":{"line":118,"column":8},"end":{"line":118,"column":63}},"50":{"start":{"line":121,"column":23},"end":{"line":121,"column":59}},"51":{"start":{"line":122,"column":8},"end":{"line":122,"column":27}},"52":{"start":{"line":125,"column":22},"end":{"line":125,"column":66}},"53":{"start":{"line":127,"column":6},"end":{"line":134,"column":9}},"54":{"start":{"line":136,"column":6},"end":{"line":136,"column":54}},"55":{"start":{"line":137,"column":6},"end":{"line":140,"column":9}},"56":{"start":{"line":146,"column":4},"end":{"line":169,"column":5}},"57":{"start":{"line":147,"column":25},"end":{"line":147,"column":35}},"58":{"start":{"line":148,"column":23},"end":{"line":148,"column":32}},"59":{"start":{"line":150,"column":19},"end":{"line":150,"column":51}},"60":{"start":{"line":151,"column":6},"end":{"line":153,"column":7}},"61":{"start":{"line":152,"column":8},"end":{"line":152,"column":65}},"62":{"start":{"line":155,"column":24},"end":{"line":155,"column":66}},"63":{"start":{"line":157,"column":6},"end":{"line":162,"column":9}},"64":{"start":{"line":164,"column":6},"end":{"line":164,"column":51}},"65":{"start":{"line":165,"column":6},"end":{"line":168,"column":9}},"66":{"start":{"line":174,"column":4},"end":{"line":195,"column":5}},"67":{"start":{"line":175,"column":25},"end":{"line":175,"column":35}},"68":{"start":{"line":177,"column":19},"end":{"line":177,"column":51}},"69":{"start":{"line":178,"column":6},"end":{"line":180,"column":7}},"70":{"start":{"line":179,"column":8},"end":{"line":179,"column":65}},"71":{"start":{"line":182,"column":20},"end":{"line":182,"column":52}},"72":{"start":{"line":184,"column":6},"end":{"line":188,"column":9}},"73":{"start":{"line":190,"column":6},"end":{"line":190,"column":47}},"74":{"start":{"line":191,"column":6},"end":{"line":194,"column":9}},"75":{"start":{"line":199,"column":0},"end":{"line":199,"column":32}}},"fnMap":{"0":{"name":"(anonymous_0)","decl":{"start":{"line":6,"column":2},"end":{"line":6,"column":3}},"loc":{"start":{"line":6,"column":37},"end":{"line":33,"column":3}},"line":6},"1":{"name":"(anonymous_1)","decl":{"start":{"line":36,"column":2},"end":{"line":36,"column":3}},"loc":{"start":{"line":36,"column":37},"end":{"line":101,"column":3}},"line":36},"2":{"name":"(anonymous_2)","decl":{"start":{"line":58,"column":18},"end":{"line":58,"column":19}},"loc":{"start":{"line":58,"column":34},"end":{"line":84,"column":9}},"line":58},"3":{"name":"(anonymous_3)","decl":{"start":{"line":60,"column":52},"end":{"line":60,"column":53}},"loc":{"start":{"line":60,"column":66},"end":{"line":79,"column":11}},"line":60},"4":{"name":"(anonymous_4)","decl":{"start":{"line":66,"column":19},"end":{"line":66,"column":20}},"loc":{"start":{"line":66,"column":26},"end":{"line":66,"column":41}},"line":66},"5":{"name":"(anonymous_5)","decl":{"start":{"line":104,"column":2},"end":{"line":104,"column":3}},"loc":{"start":{"line":104,"column":40},"end":{"line":142,"column":3}},"line":104},"6":{"name":"(anonymous_6)","decl":{"start":{"line":145,"column":2},"end":{"line":145,"column":3}},"loc":{"start":{"line":145,"column":38},"end":{"line":170,"column":3}},"line":145},"7":{"name":"(anonymous_7)","decl":{"start":{"line":173,"column":2},"end":{"line":173,"column":3}},"loc":{"start":{"line":173,"column":34},"end":{"line":196,"column":3}},"line":173}},"branchMap":{"0":{"loc":{"start":{"line":8,"column":54},"end":{"line":8,"column":64}},"type":"default-arg","locations":[{"start":{"line":8,"column":62},"end":{"line":8,"column":64}}],"line":8},"1":{"loc":{"start":{"line":8,"column":66},"end":{"line":8,"column":76}},"type":"default-arg","locations":[{"start":{"line":8,"column":75},"end":{"line":8,"column":76}}],"line":8},"2":{"loc":{"start":{"line":10,"column":35},"end":{"line":10,"column":60}},"type":"binary-expr","locations":[{"start":{"line":10,"column":35},"end":{"line":10,"column":54}},{"start":{"line":10,"column":58},"end":{"line":10,"column":60}}],"line":10},"3":{"loc":{"start":{"line":11,"column":27},"end":{"line":11,"column":52}},"type":"binary-expr","locations":[{"start":{"line":11,"column":27},"end":{"line":11,"column":47}},{"start":{"line":11,"column":51},"end":{"line":11,"column":52}}],"line":11},"4":{"loc":{"start":{"line":14,"column":6},"end":{"line":14,"column":54}},"type":"if","locations":[{"start":{"line":14,"column":6},"end":{"line":14,"column":54}},{"start":{},"end":{}}],"line":14},"5":{"loc":{"start":{"line":15,"column":6},"end":{"line":15,"column":69}},"type":"if","locations":[{"start":{"line":15,"column":6},"end":{"line":15,"column":69}},{"start":{},"end":{}}],"line":15},"6":{"loc":{"start":{"line":16,"column":6},"end":{"line":16,"column":51}},"type":"if","locations":[{"start":{"line":16,"column":6},"end":{"line":16,"column":51}},{"start":{},"end":{}}],"line":16},"7":{"loc":{"start":{"line":40,"column":6},"end":{"line":44,"column":7}},"type":"if","locations":[{"start":{"line":40,"column":6},"end":{"line":44,"column":7}},{"start":{},"end":{}}],"line":40},"8":{"loc":{"start":{"line":40,"column":10},"end":{"line":40,"column":50}},"type":"binary-expr","locations":[{"start":{"line":40,"column":10},"end":{"line":40,"column":21}},{"start":{"line":40,"column":25},"end":{"line":40,"column":41}},{"start":{"line":40,"column":45},"end":{"line":40,"column":50}}],"line":40},"9":{"loc":{"start":{"line":48,"column":6},"end":{"line":52,"column":7}},"type":"if","locations":[{"start":{"line":48,"column":6},"end":{"line":52,"column":7}},{"start":{},"end":{}}],"line":48},"10":{"loc":{"start":{"line":61,"column":12},"end":{"line":63,"column":13}},"type":"if","locations":[{"start":{"line":61,"column":12},"end":{"line":63,"column":13}},{"start":{},"end":{}}],"line":61},"11":{"loc":{"start":{"line":61,"column":16},"end":{"line":61,"column":73}},"type":"binary-expr","locations":[{"start":{"line":61,"column":16},"end":{"line":61,"column":37}},{"start":{"line":61,"column":41},"end":{"line":61,"column":73}}],"line":61},"12":{"loc":{"start":{"line":64,"column":38},"end":{"line":64,"column":75}},"type":"binary-expr","locations":[{"start":{"line":64,"column":38},"end":{"line":64,"column":61}},{"start":{"line":64,"column":65},"end":{"line":64,"column":75}}],"line":64},"13":{"loc":{"start":{"line":110,"column":6},"end":{"line":112,"column":7}},"type":"if","locations":[{"start":{"line":110,"column":6},"end":{"line":112,"column":7}},{"start":{},"end":{}}],"line":110},"14":{"loc":{"start":{"line":117,"column":6},"end":{"line":123,"column":7}},"type":"if","locations":[{"start":{"line":117,"column":6},"end":{"line":123,"column":7}},{"start":{"line":119,"column":13},"end":{"line":123,"column":7}}],"line":117},"15":{"loc":{"start":{"line":151,"column":6},"end":{"line":153,"column":7}},"type":"if","locations":[{"start":{"line":151,"column":6},"end":{"line":153,"column":7}},{"start":{},"end":{}}],"line":151},"16":{"loc":{"start":{"line":159,"column":14},"end":{"line":159,"column":27}},"type":"binary-expr","locations":[{"start":{"line":159,"column":14},"end":{"line":159,"column":18}},{"start":{"line":159,"column":22},"end":{"line":159,"column":27}}],"line":159},"17":{"loc":{"start":{"line":178,"column":6},"end":{"line":180,"column":7}},"type":"if","locations":[{"start":{"line":178,"column":6},"end":{"line":180,"column":7}},{"start":{},"end":{}}],"line":178}},"s":{"0":1,"1":1,"2":0,"3":0,"4":0,"5":0,"6":0,"7":0,"8":0,"9":0,"10":0,"11":0,"12":0,"13":0,"14":0,"15":0,"16":0,"17":0,"18":0,"19":0,"20":0,"21":0,"22":0,"23":0,"24":0,"25":0,"26":0,"27":0,"28":0,"29":0,"30":0,"31":0,"32":0,"33":0,"34":0,"35":0,"36":0,"37":0,"38":0,"39":0,"40":0,"41":0,"42":0,"43":0,"44":0,"45":0,"46":0,"47":0,"48":0,"49":0,"50":0,"51":0,"52":0,"53":0,"54":0,"55":0,"56":0,"57":0,"58":0,"59":0,"60":0,"61":0,"62":0,"63":0,"64":0,"65":0,"66":0,"67":0,"68":0,"69":0,"70":0,"71":0,"72":0,"73":0,"74":0,"75":1},"f":{"0":0,"1":0,"2":0,"3":0,"4":0,"5":0,"6":0,"7":0},"b":{"0":[0],"1":[0],"2":[0,0],"3":[0,0],"4":[0,0],"5":[0,0],"6":[0,0],"7":[0,0],"8":[0,0,0],"9":[0,0],"10":[0,0],"11":[0,0],"12":[0,0],"13":[0,0],"14":[0,0],"15":[0,0],"16":[0,0],"17":[0,0]},"_coverageSchema":"1a1c01bbd47fc00a2c39e90264f33305004495a9","hash":"1f9c73c082cbab1378fe29e7ecd13af2513b4996"}
,"/home/armelki/Documents/projets/Ankata/backend/src/controllers/payments.controller.js": {"path":"/home/armelki/Documents/projets/Ankata/backend/src/controllers/payments.controller.js","statementMap":{"0":{"start":{"line":1,"column":21},"end":{"line":1,"column":49}},"1":{"start":{"line":2,"column":21},"end":{"line":2,"column":49}},"2":{"start":{"line":3,"column":26},"end":{"line":3,"column":67}},"3":{"start":{"line":8,"column":4},"end":{"line":84,"column":5}},"4":{"start":{"line":9,"column":21},"end":{"line":9,"column":36}},"5":{"start":{"line":13,"column":10},"end":{"line":13,"column":18}},"6":{"start":{"line":15,"column":6},"end":{"line":19,"column":7}},"7":{"start":{"line":16,"column":8},"end":{"line":18,"column":11}},"8":{"start":{"line":21,"column":31},"end":{"line":21,"column":74}},"9":{"start":{"line":22,"column":6},"end":{"line":26,"column":7}},"10":{"start":{"line":23,"column":8},"end":{"line":25,"column":11}},"11":{"start":{"line":28,"column":22},"end":{"line":28,"column":60}},"12":{"start":{"line":29,"column":6},"end":{"line":31,"column":7}},"13":{"start":{"line":30,"column":8},"end":{"line":30,"column":68}},"14":{"start":{"line":33,"column":6},"end":{"line":35,"column":7}},"15":{"start":{"line":34,"column":8},"end":{"line":34,"column":63}},"16":{"start":{"line":38,"column":22},"end":{"line":49,"column":8}},"17":{"start":{"line":52,"column":33},"end":{"line":59,"column":8}},"18":{"start":{"line":61,"column":6},"end":{"line":77,"column":9}},"19":{"start":{"line":79,"column":6},"end":{"line":79,"column":54}},"20":{"start":{"line":80,"column":6},"end":{"line":83,"column":9}},"21":{"start":{"line":89,"column":4},"end":{"line":139,"column":5}},"22":{"start":{"line":90,"column":28},"end":{"line":90,"column":38}},"23":{"start":{"line":95,"column":10},"end":{"line":95,"column":18}},"24":{"start":{"line":97,"column":22},"end":{"line":97,"column":60}},"25":{"start":{"line":98,"column":6},"end":{"line":100,"column":7}},"26":{"start":{"line":99,"column":8},"end":{"line":99,"column":68}},"27":{"start":{"line":102,"column":31},"end":{"line":102,"column":67}},"28":{"start":{"line":105,"column":29},"end":{"line":110,"column":7}},"29":{"start":{"line":113,"column":6},"end":{"line":127,"column":7}},"30":{"start":{"line":114,"column":8},"end":{"line":117,"column":10}},"31":{"start":{"line":118,"column":8},"end":{"line":121,"column":10}},"32":{"start":{"line":122,"column":13},"end":{"line":127,"column":7}},"33":{"start":{"line":123,"column":8},"end":{"line":126,"column":10}},"34":{"start":{"line":129,"column":6},"end":{"line":132,"column":9}},"35":{"start":{"line":134,"column":6},"end":{"line":134,"column":52}},"36":{"start":{"line":135,"column":6},"end":{"line":138,"column":9}},"37":{"start":{"line":144,"column":4},"end":{"line":166,"column":5}},"38":{"start":{"line":145,"column":21},"end":{"line":145,"column":36}},"39":{"start":{"line":146,"column":28},"end":{"line":146,"column":38}},"40":{"start":{"line":148,"column":22},"end":{"line":148,"column":60}},"41":{"start":{"line":149,"column":6},"end":{"line":151,"column":7}},"42":{"start":{"line":150,"column":8},"end":{"line":150,"column":68}},"43":{"start":{"line":153,"column":6},"end":{"line":155,"column":7}},"44":{"start":{"line":154,"column":8},"end":{"line":154,"column":63}},"45":{"start":{"line":157,"column":6},"end":{"line":159,"column":9}},"46":{"start":{"line":161,"column":6},"end":{"line":161,"column":57}},"47":{"start":{"line":162,"column":6},"end":{"line":165,"column":9}},"48":{"start":{"line":170,"column":21},"end":{"line":175,"column":5}},"49":{"start":{"line":176,"column":4},"end":{"line":176,"column":59}},"50":{"start":{"line":180,"column":4},"end":{"line":182,"column":5}},"51":{"start":{"line":181,"column":6},"end":{"line":181,"column":18}},"52":{"start":{"line":183,"column":23},"end":{"line":183,"column":50}},"53":{"start":{"line":184,"column":20},"end":{"line":191,"column":5}},"54":{"start":{"line":192,"column":4},"end":{"line":192,"column":39}},"55":{"start":{"line":196,"column":23},"end":{"line":196,"column":64}},"56":{"start":{"line":197,"column":4},"end":{"line":199,"column":5}},"57":{"start":{"line":198,"column":6},"end":{"line":198,"column":25}},"58":{"start":{"line":200,"column":4},"end":{"line":202,"column":5}},"59":{"start":{"line":201,"column":6},"end":{"line":201,"column":22}},"60":{"start":{"line":203,"column":4},"end":{"line":205,"column":5}},"61":{"start":{"line":204,"column":6},"end":{"line":204,"column":25}},"62":{"start":{"line":206,"column":4},"end":{"line":206,"column":21}},"63":{"start":{"line":210,"column":0},"end":{"line":210,"column":35}}},"fnMap":{"0":{"name":"(anonymous_0)","decl":{"start":{"line":7,"column":2},"end":{"line":7,"column":3}},"loc":{"start":{"line":7,"column":41},"end":{"line":85,"column":3}},"line":7},"1":{"name":"(anonymous_1)","decl":{"start":{"line":88,"column":2},"end":{"line":88,"column":3}},"loc":{"start":{"line":88,"column":39},"end":{"line":140,"column":3}},"line":88},"2":{"name":"(anonymous_2)","decl":{"start":{"line":143,"column":2},"end":{"line":143,"column":3}},"loc":{"start":{"line":143,"column":43},"end":{"line":167,"column":3}},"line":143},"3":{"name":"(anonymous_3)","decl":{"start":{"line":169,"column":2},"end":{"line":169,"column":3}},"loc":{"start":{"line":169,"column":43},"end":{"line":177,"column":3}},"line":169},"4":{"name":"(anonymous_4)","decl":{"start":{"line":179,"column":2},"end":{"line":179,"column":3}},"loc":{"start":{"line":179,"column":41},"end":{"line":193,"column":3}},"line":179},"5":{"name":"(anonymous_5)","decl":{"start":{"line":195,"column":2},"end":{"line":195,"column":3}},"loc":{"start":{"line":195,"column":41},"end":{"line":207,"column":3}},"line":195}},"branchMap":{"0":{"loc":{"start":{"line":15,"column":6},"end":{"line":19,"column":7}},"type":"if","locations":[{"start":{"line":15,"column":6},"end":{"line":19,"column":7}},{"start":{},"end":{}}],"line":15},"1":{"loc":{"start":{"line":15,"column":10},"end":{"line":15,"column":38}},"type":"binary-expr","locations":[{"start":{"line":15,"column":10},"end":{"line":15,"column":20}},{"start":{"line":15,"column":24},"end":{"line":15,"column":38}}],"line":15},"2":{"loc":{"start":{"line":22,"column":6},"end":{"line":26,"column":7}},"type":"if","locations":[{"start":{"line":22,"column":6},"end":{"line":26,"column":7}},{"start":{},"end":{}}],"line":22},"3":{"loc":{"start":{"line":29,"column":6},"end":{"line":31,"column":7}},"type":"if","locations":[{"start":{"line":29,"column":6},"end":{"line":31,"column":7}},{"start":{},"end":{}}],"line":29},"4":{"loc":{"start":{"line":33,"column":6},"end":{"line":35,"column":7}},"type":"if","locations":[{"start":{"line":33,"column":6},"end":{"line":35,"column":7}},{"start":{},"end":{}}],"line":33},"5":{"loc":{"start":{"line":98,"column":6},"end":{"line":100,"column":7}},"type":"if","locations":[{"start":{"line":98,"column":6},"end":{"line":100,"column":7}},{"start":{},"end":{}}],"line":98},"6":{"loc":{"start":{"line":113,"column":6},"end":{"line":127,"column":7}},"type":"if","locations":[{"start":{"line":113,"column":6},"end":{"line":127,"column":7}},{"start":{"line":122,"column":13},"end":{"line":127,"column":7}}],"line":113},"7":{"loc":{"start":{"line":122,"column":13},"end":{"line":127,"column":7}},"type":"if","locations":[{"start":{"line":122,"column":13},"end":{"line":127,"column":7}},{"start":{},"end":{}}],"line":122},"8":{"loc":{"start":{"line":149,"column":6},"end":{"line":151,"column":7}},"type":"if","locations":[{"start":{"line":149,"column":6},"end":{"line":151,"column":7}},{"start":{},"end":{}}],"line":149},"9":{"loc":{"start":{"line":153,"column":6},"end":{"line":155,"column":7}},"type":"if","locations":[{"start":{"line":153,"column":6},"end":{"line":155,"column":7}},{"start":{},"end":{}}],"line":153},"10":{"loc":{"start":{"line":176,"column":11},"end":{"line":176,"column":58}},"type":"binary-expr","locations":[{"start":{"line":176,"column":11},"end":{"line":176,"column":34}},{"start":{"line":176,"column":38},"end":{"line":176,"column":58}}],"line":176},"11":{"loc":{"start":{"line":180,"column":4},"end":{"line":182,"column":5}},"type":"if","locations":[{"start":{"line":180,"column":4},"end":{"line":182,"column":5}},{"start":{},"end":{}}],"line":180},"12":{"loc":{"start":{"line":180,"column":8},"end":{"line":180,"column":45}},"type":"binary-expr","locations":[{"start":{"line":180,"column":8},"end":{"line":180,"column":15}},{"start":{"line":180,"column":19},"end":{"line":180,"column":45}}],"line":180},"13":{"loc":{"start":{"line":192,"column":11},"end":{"line":192,"column":38}},"type":"binary-expr","locations":[{"start":{"line":192,"column":11},"end":{"line":192,"column":30}},{"start":{"line":192,"column":34},"end":{"line":192,"column":38}}],"line":192},"14":{"loc":{"start":{"line":196,"column":30},"end":{"line":196,"column":42}},"type":"binary-expr","locations":[{"start":{"line":196,"column":30},"end":{"line":196,"column":36}},{"start":{"line":196,"column":40},"end":{"line":196,"column":42}}],"line":196},"15":{"loc":{"start":{"line":197,"column":4},"end":{"line":199,"column":5}},"type":"if","locations":[{"start":{"line":197,"column":4},"end":{"line":199,"column":5}},{"start":{},"end":{}}],"line":197},"16":{"loc":{"start":{"line":197,"column":8},"end":{"line":197,"column":87}},"type":"binary-expr","locations":[{"start":{"line":197,"column":8},"end":{"line":197,"column":32}},{"start":{"line":197,"column":36},"end":{"line":197,"column":57}},{"start":{"line":197,"column":61},"end":{"line":197,"column":87}}],"line":197},"17":{"loc":{"start":{"line":200,"column":4},"end":{"line":202,"column":5}},"type":"if","locations":[{"start":{"line":200,"column":4},"end":{"line":202,"column":5}},{"start":{},"e
[...]
,"/home/armelki/Documents/projets/Ankata/backend/src/routes/payments.routes.js": {"path":"/home/armelki/Documents/projets/Ankata/backend/src/routes/payments.routes.js","statementMap":{"0":{"start":{"line":1,"column":16},"end":{"line":1,"column":34}},"1":{"start":{"line":2,"column":26},"end":{"line":2,"column":71}},"2":{"start":{"line":3,"column":27},"end":{"line":3,"column":56}},"3":{"start":{"line":5,"column":15},"end":{"line":5,"column":31}},"4":{"start":{"line":8,"column":0},"end":{"line":8,"column":68}},"5":{"start":{"line":11,"column":0},"end":{"line":11,"column":67}},"6":{"start":{"line":12,"column":0},"end":{"line":12,"column":67}},"7":{"start":{"line":15,"column":0},"end":{"line":15,"column":79}},"8":{"start":{"line":16,"column":0},"end":{"line":16,"column":86}},"9":{"start":{"line":18,"column":0},"end":{"line":18,"column":24}}},"fnMap":{},"branchMap":{},"s":{"0":1,"1":1,"2":1,"3":1,"4":1,"5":1,"6":1,"7":1,"8":1,"9":1},"f":{},"b":{},"_coverageSchema":"1a1c01bbd47fc00a2c39e90264f33305004495a9","hash":"f760fc94958514cb4cc2fb5b7c3b5bc0c76f0ef6"}
,"/home/armelki/Documents/projets/Ankata/backend/src/routes/ratings.routes.js": {"path":"/home/armelki/Documents/projets/Ankata/backend/src/routes/ratings.routes.js","statementMap":{"0":{"start":{"line":1,"column":16},"end":{"line":1,"column":34}},"1":{"start":{"line":2,"column":25},"end":{"line":2,"column":69}},"2":{"start":{"line":3,"column":27},"end":{"line":3,"column":56}},"3":{"start":{"line":5,"column":15},"end":{"line":5,"column":31}},"4":{"start":{"line":8,"column":0},"end":{"line":8,"column":73}},"5":{"start":{"line":11,"column":0},"end":{"line":11,"column":76}},"6":{"start":{"line":14,"column":0},"end":{"line":14,"column":64}},"7":{"start":{"line":17,"column":0},"end":{"line":17,"column":61}},"8":{"start":{"line":20,"column":0},"end":{"line":20,"column":70}},"9":{"start":{"line":22,"column":0},"end":{"line":22,"column":24}}},"fnMap":{},"branchMap":{},"s":{"0":1,"1":1,"2":1,"3":1,"4":1,"5":1,"6":1,"7":1,"8":1,"9":1},"f":{},"b":{},"_coverageSchema":"1a1c01bbd47fc00a2c39e90264f33305004495a9","hash":"600fa0a612346fd2abba91f6eaa6b9e1d1024416"}
,"/home/armelki/Documents/projets/Ankata/backend/src/routes/sotraco.routes.js": {"path":"/home/armelki/Documents/projets/Ankata/backend/src/routes/sotraco.routes.js","statementMap":{"0":{"start":{"line":1,"column":16},"end":{"line":1,"column":34}},"1":{"start":{"line":2,"column":15},"end":{"line":2,"column":31}},"2":{"start":{"line":3,"column":26},"end":{"line":3,"column":70}},"3":{"start":{"line":9,"column":0},"end":{"line":9,"column":64}},"4":{"start":{"line":13,"column":0},"end":{"line":13,"column":70}},"5":{"start":{"line":15,"column":0},"end":{"line":15,"column":24}}},"fnMap":{},"branchMap":{},"s":{"0":1,"1":1,"2":1,"3":1,"4":1,"5":1},"f":{},"b":{},"_coverageSchema":"1a1c01bbd47fc00a2c39e90264f33305004495a9","hash":"c25d86ab43016e83ad0b0ca37c1fe4851603ab86"}
,"/home/armelki/Documents/projets/Ankata/backend/src/routes/upload.routes.js": {"path":"/home/armelki/Documents/projets/Ankata/backend/src/routes/upload.routes.js","statementMap":{"0":{"start":{"line":1,"column":16},"end":{"line":1,"column":34}},"1":{"start":{"line":2,"column":15},"end":{"line":2,"column":32}},"2":{"start":{"line":3,"column":13},"end":{"line":3,"column":28}},"3":{"start":{"line":4,"column":27},"end":{"line":4,"column":56}},"4":{"start":{"line":5,"column":13},"end":{"line":5,"column":46}},"5":{"start":{"line":6,"column":17},"end":{"line":6,"column":46}},"6":{"start":{"line":7,"column":18},"end":{"line":7,"column":43}},"7":{"start":{"line":9,"column":15},"end":{"line":9,"column":31}},"8":{"start":{"line":11,"column":16},"end":{"line":11,"column":38}},"9":{"start":{"line":13,"column":19},"end":{"line":19,"column":1}},"10":{"start":{"line":14,"column":2},"end":{"line":18,"column":3}},"11":{"start":{"line":15,"column":4},"end":{"line":15,"column":19}},"12":{"start":{"line":17,"column":4},"end":{"line":17,"column":59}},"13":{"start":{"line":21,"column":15},"end":{"line":27,"column":2}},"14":{"start":{"line":29,"column":0},"end":{"line":97,"column":3}},"15":{"start":{"line":30,"column":2},"end":{"line":96,"column":3}},"16":{"start":{"line":31,"column":4},"end":{"line":33,"column":5}},"17":{"start":{"line":32,"column":6},"end":{"line":32,"column":70}},"18":{"start":{"line":35,"column":19},"end":{"line":35,"column":34}},"19":{"start":{"line":36,"column":17},"end":{"line":36,"column":49}},"20":{"start":{"line":37,"column":4},"end":{"line":39,"column":5}},"21":{"start":{"line":38,"column":6},"end":{"line":38,"column":71}},"22":{"start":{"line":41,"column":19},"end":{"line":41,"column":67}},"23":{"start":{"line":42,"column":18},"end":{"line":42,"column":63}},"24":{"start":{"line":43,"column":20},"end":{"line":43,"column":65}},"25":{"start":{"line":44,"column":23},"end":{"line":44,"column":53}},"26":{"start":{"line":46,"column":35},"end":{"line":51,"column":8}},"27":{"start":{"line":53,"column":4},"end":{"line":58,"column":5}},"28":{"start":{"line":54,"column":6},"end":{"line":57,"column":9}},"29":{"start":{"line":60,"column":53},"end":{"line":62,"column":52}},"30":{"start":{"line":64,"column":4},"end":{"line":69,"column":5}},"31":{"start":{"line":65,"column":6},"end":{"line":68,"column":9}},"32":{"start":{"line":72,"column":18},"end":{"line":77,"column":5}},"33":{"start":{"line":79,"column":19},"end":{"line":79,"column":64}},"34":{"start":{"line":81,"column":4},"end":{"line":83,"column":5}},"35":{"start":{"line":82,"column":6},"end":{"line":82,"column":71}},"36":{"start":{"line":85,"column":4},"end":{"line":89,"column":7}},"37":{"start":{"line":91,"column":4},"end":{"line":91,"column":61}},"38":{"start":{"line":92,"column":4},"end":{"line":95,"column":7}},"39":{"start":{"line":99,"column":0},"end":{"line":99,"column":24}}},"fnMap":{"0":{"name":"(anonymous_0)","decl":{"start":{"line":13,"column":19},"end":{"line":13,"column":20}},"loc":{"start":{"line":13,"column":38},"end":{"line":19,"column":1}},"line":13},"1":{"name":"(anonymous_1)","decl":{"start":{"line":29,"column":72},"end":{"line":29,"column":73}},"loc":{"start":{"line":29,"column":92},"end":{"line":97,"column":1}},"line":29}},"branchMap":{"0":{"loc":{"start":{"line":14,"column":2},"end":{"line":18,"column":3}},"type":"if","locations":[{"start":{"line":14,"column":2},"end":{"line":18,"column":3}},{"start":{"line":16,"column":9},"end":{"line":18,"column":3}}],"line":14},"1":{"loc":{"start":{"line":31,"column":4},"end":{"line":33,"column":5}},"type":"if","locations":[{"start":{"line":31,"column":4},"end":{"line":33,"column":5}},{"start":{},"end":{}}],"line":31},"2":{"loc":{"start":{"line":37,"column":4},"end":{"line":39,"column":5}},"type":"if","locations":[{"start":{"line":37,"column":4},"end":{"line":39,"column":5}},{"start":{},"end":{}}],"line":37},"3":{"loc":{"start":{"line":41,"column":19},"end":{"line":41,"column":67}},"type":"binary-expr","locations":[{"start":{"line":41,"column":19},"end":{"line":41,"column":54}},{"start":{"line":41,"column":58},"end":{"line":41,"column":67}}],"line":41},"4":{"loc":{"start":{"line":42,"column":19},"end":{"line":42,"column":42}},"type":"binary-expr","locations":[{"start":{"line":42,"column":19},"end":{"line":42,"column":36}},{"start":{"line":42,"column":40},"end":{"line":42,"column":42}}],"line":42},"5":{"loc":{"start":{"line":43,"column":20},"end":{"line":43,"column":65}},"type":"binary-expr","locations":[{"start":{"line":43,"column":20},"end":{"line":43,"column":55}},{"start":{"line":43,"column":59},"end":{"line":43,"column":65}}],"line":43},"6":{"loc":{"start":{"line":44,"column":26},"end":{"line":44,"column":41}},"type":"binary-expr","locations":[{"start":{"line":44,"column":26},"end":{"line":44,"column":31}},{"start":{"line":44,"column":35},"end":{"line":44,"column":41}}],"line":44},"7":{"loc":{"start":{"line":53,"column":4},"end":{"line":58,"column":5}},"type":"if","locations":[{"start":{"line":53,"column":4},"end":{"line":58,"column":5}},{"start":{},"end":{}}],"line":53},"8":{"loc":{"start":{"line":64,"column":4},"end":{"line":69,"column":5}},"type":"if","locations":[{"start":{"line":64,"column":4},"end":{"line":69,"column":5}},{"start":{},"end":{}}],"line":64},"9":{"loc":{"start":{"line":64,"column":8},"end":{"line":64,"column":45}},"type":"binary-expr","locations":[{"start":{"line":64,"column":8},"end":{"line":64,"column":19}},{"start":{"line":64,"column":23},"end":{"line":64,"column":45}}],"line":64},"10":{"loc":{"start":{"line":81,"column":4},"end":{"line":83,"column":5}},"type":"if","locations":[{"start":{"line":81,"column":4},"end":{"line":83,"column":5}},{"start":{},"end":{}}],"line":81}},"s":{"0":1,"1":1,"2":1,"3":1,"4":1,"5":1,"6":1,"7":1,"8":1,"9":1,"10":0,"11":0,"12":0,"13":1,"14":1,"15":0,"16":0,"17":0,"18":0,"19":0,"20":0,"21":0,"22":0,"23":0,"24":0,"25":0,"26":0,"27":0,"28":0,"29":0,"30":0,"31":0,"32":0,"33":0,"34":0,"35":0,"36":0,"37":0,"38":0,"39":1},"f":{"0":0,"1":0},"b":{"0":[0,0],"1":[0,0],"2":[0,0],"3":[0,0],"4":[0,0],"5":[0,0],"6":[0,0],"7":[0,0],"8":[0,0],"9":[0,0],"10":[0,0]},"_coverageSchema":"1a1c01bbd47fc00a2c39e90264f33305004495a9","hash":"7cc19b7fcfdb0089af04028e2ece789b0868a9fe"}
,"/home/armelki/Documents/projets/Ankata/backend/src/routes/users.routes.js": {"path":"/home/armelki/Documents/projets/Ankata/backend/src/routes/users.routes.js","statementMap":{"0":{"start":{"line":1,"column":16},"end":{"line":1,"column":34}},"1":{"start":{"line":2,"column":24},"end":{"line":2,"column":66}},"2":{"start":{"line":3,"column":27},"end":{"line":3,"column":56}},"3":{"start":{"line":5,"column":15},"end":{"line":5,"column":31}},"4":{"start":{"line":7,"column":0},"end":{"line":7,"column":63}},"5":{"start":{"line":9,"column":0},"end":{"line":9,"column":24}}},"fnMap":{},"branchMap":{},"s":{"0":1,"1":1,"2":1,"3":1,"4":1,"5":1},"f":{},"b":{},"_coverageSchema":"1a1c01bbd47fc00a2c39e90264f33305004495a9","hash":"b8f18f4e4c1c7b381350dd032b2117f7da8b21ed"}
,"/home/armelki/Documents/projets/Ankata/backend/src/services/payment.aggregator.js": {"path":"/home/armelki/Documents/projets/Ankata/backend/src/services/payment.aggregator.js","statementMap":{"0":{"start":{"line":18,"column":4},"end":{"line":18,"column":59}},"1":{"start":{"line":18,"column":33},"end":{"line":18,"column":57}},"2":{"start":{"line":21,"column":4},"end":{"line":23,"column":5}},"3":{"start":{"line":22,"column":6},"end":{"line":22,"column":55}},"4":{"start":{"line":25,"column":4},"end":{"line":25,"column":81}},"5":{"start":{"line":27,"column":4},"end":{"line":32,"column":6}},"6":{"start":{"line":43,"column":4},"end":{"line":43,"column":59}},"7":{"start":{"line":43,"column":33},"end":{"line":43,"column":57}},"8":{"start":{"line":45,"column":4},"end":{"line":45,"column":66}},"9":{"start":{"line":47,"column":4},"end":{"line":54,"column":6}},"10":{"start":{"line":58,"column":0},"end":{"line":58,"column":35}}},"fnMap":{"0":{"name":"(anonymous_0)","decl":{"start":{"line":16,"column":2},"end":{"line":16,"column":3}},"loc":{"start":{"line":16,"column":46},"end":{"line":33,"column":3}},"line":16},"1":{"name":"(anonymous_1)","decl":{"start":{"line":18,"column":22},"end":{"line":18,"column":23}},"loc":{"start":{"line":18,"column":33},"end":{"line":18,"column":57}},"line":18},"2":{"name":"(anonymous_2)","decl":{"start":{"line":41,"column":2},"end":{"line":41,"column":3}},"loc":{"start":{"line":41,"column":44},"end":{"line":55,"column":3}},"line":41},"3":{"name":"(anonymous_3)","decl":{"start":{"line":43,"column":22},"end":{"line":43,"column":23}},"loc":{"start":{"line":43,"column":33},"end":{"line":43,"column":57}},"line":43}},"branchMap":{"0":{"loc":{"start":{"line":21,"column":4},"end":{"line":23,"column":5}},"type":"if","locations":[{"start":{"line":21,"column":4},"end":{"line":23,"column":5}},{"start":{},"end":{}}],"line":21}},"s":{"0":0,"1":0,"2":0,"3":0,"4":0,"5":0,"6":0,"7":0,"8":0,"9":0,"10":1},"f":{"0":0,"1":0,"2":0,"3":0},"b":{"0":[0,0]},"_coverageSchema":"1a1c01bbd47fc00a2c39e90264f33305004495a9","hash":"3c48f63322932141e02a31ea5ebb95c68b3cf74e"}
,"/home/armelki/Documents/projets/Ankata/backend/src/utils/helpers.js": {"path":"/home/armelki/Documents/projets/Ankata/backend/src/utils/helpers.js","statementMap":{"0":{"start":{"line":1,"column":12},"end":{"line":1,"column":35}},"1":{"start":{"line":2,"column":15},"end":{"line":2,"column":32}},"2":{"start":{"line":4,"column":22},"end":{"line":14,"column":1}},"3":{"start":{"line":5,"column":2},"end":{"line":13,"column":4}},"4":{"start":{"line":16,"column":20},"end":{"line":22,"column":1}},"5":{"start":{"line":17,"column":2},"end":{"line":21,"column":3}},"6":{"start":{"line":18,"column":4},"end":{"line":18,"column":53}},"7":{"start":{"line":20,"column":4},"end":{"line":20,"column":67}},"8":{"start":{"line":24,"column":20},"end":{"line":31,"column":1}},"9":{"start":{"line":25,"column":17},"end":{"line":25,"column":29}},"10":{"start":{"line":26,"column":12},"end":{"line":26,"column":14}},"11":{"start":{"line":27,"column":2},"end":{"line":29,"column":3}},"12":{"start":{"line":27,"column":15},"end":{"line":27,"column":16}},"13":{"start":{"line":28,"column":4},"end":{"line":28,"column":50}},"14":{"start":{"line":30,"column":2},"end":{"line":30,"column":13}},"15":{"start":{"line":33,"column":28},"end":{"line":35,"column":1}},"16":{"start":{"line":34,"column":2},"end":{"line":34,"column":68}},"17":{"start":{"line":37,"column":25},"end":{"line":39,"column":1}},"18":{"start":{"line":38,"column":2},"end":{"line":38,"column":29}},"19":{"start":{"line":41,"column":21},"end":{"line":43,"column":1}},"20":{"start":{"line":42,"column":2},"end":{"line":42,"column":52}},"21":{"start":{"line":45,"column":24},"end":{"line":47,"column":1}},"22":{"start":{"line":46,"column":2},"end":{"line":46,"column":57}},"23":{"start":{"line":49,"column":26},"end":{"line":59,"column":1}},"24":{"start":{"line":51,"column":16},"end":{"line":51,"column":43}},"25":{"start":{"line":54,"column":2},"end":{"line":56,"column":3}},"26":{"start":{"line":55,"column":4},"end":{"line":55,"column":31}},"27":{"start":{"line":58,"column":2},"end":{"line":58,"column":17}},"28":{"start":{"line":61,"column":21},"end":{"line":69,"column":1}},"29":{"start":{"line":62,"column":16},"end":{"line":62,"column":26}},"30":{"start":{"line":63,"column":12},"end":{"line":63,"column":59}},"31":{"start":{"line":64,"column":20},"end":{"line":64,"column":61}},"32":{"start":{"line":65,"column":2},"end":{"line":67,"column":3}},"33":{"start":{"line":66,"column":4},"end":{"line":66,"column":10}},"34":{"start":{"line":68,"column":2},"end":{"line":68,"column":13}},"35":{"start":{"line":71,"column":26},"end":{"line":81,"column":1}},"36":{"start":{"line":72,"column":12},"end":{"line":72,"column":16}},"37":{"start":{"line":73,"column":15},"end":{"line":73,"column":44}},"38":{"start":{"line":74,"column":15},"end":{"line":74,"column":44}},"39":{"start":{"line":76,"column":4},"end":{"line":78,"column":43}},"40":{"start":{"line":79,"column":12},"end":{"line":79,"column":58}},"41":{"start":{"line":80,"column":2},"end":{"line":80,"column":15}},"42":{"start":{"line":83,"column":0},"end":{"line":94,"column":2}}},"fnMap":{"0":{"name":"(anonymous_0)","decl":{"start":{"line":4,"column":22},"end":{"line":4,"column":23}},"loc":{"start":{"line":4,"column":95},"end":{"line":14,"column":1}},"line":4},"1":{"name":"(anonymous_1)","decl":{"start":{"line":16,"column":20},"end":{"line":16,"column":21}},"loc":{"start":{"line":16,"column":31},"end":{"line":22,"column":1}},"line":16},"2":{"name":"(anonymous_2)","decl":{"start":{"line":24,"column":20},"end":{"line":24,"column":21}},"loc":{"start":{"line":24,"column":36},"end":{"line":31,"column":1}},"line":24},"3":{"name":"(anonymous_3)","decl":{"start":{"line":33,"column":28},"end":{"line":33,"column":29}},"loc":{"start":{"line":33,"column":34},"end":{"line":35,"column":1}},"line":33},"4":{"name":"(anonymous_4)","decl":{"start":{"line":37,"column":25},"end":{"line":37,"column":26}},"loc":{"start":{"line":37,"column":31},"end":{"line":39,"column":1}},"line":37},"5":{"name":"(anonymous_5)","decl":{"start":{"line":41,"column":21},"end":{"line":41,"column":22}},"loc":{"start":{"line":41,"column":35},"end":{"line":43,"column":1}},"line":41},"6":{"name":"(anonymous_6)","decl":{"start":{"line":45,"column":24},"end":{"line":45,"column":25}},"loc":{"start":{"line":45,"column":44},"end":{"line":47,"column":1}},"line":45},"7":{"name":"(anonymous_7)","decl":{"start":{"line":49,"column":26},"end":{"line":49,"column":27}},"loc":{"start":{"line":49,"column":37},"end":{"line":59,"column":1}},"line":49},"8":{"name":"(anonymous_8)","decl":{"start":{"line":61,"column":21},"end":{"line":61,"column":22}},"loc":{"start":{"line":61,"column":38},"end":{"line":69,"column":1}},"line":61},"9":{"name":"(anonymous_9)","decl":{"start":{"line":71,"column":26},"end":{"line":71,"column":27}},"loc":{"start":{"line":71,"column":54},"end":{"line":81,"column":1}},"line":71}},"branchMap":{"0":{"loc":{"start":{"line":4,"column":44},"end":{"line":4,"column":90}},"type":"default-arg","locations":[{"start":{"line":4,"column":56},"end":{"line":4,"column":90}}],"line":4},"1":{"loc":{"start":{"line":4,"column":56},"end":{"line":4,"column":90}},"type":"binary-expr","locations":[{"start":{"line":4,"column":56},"end":{"line":4,"column":82}},{"start":{"line":4,"column":86},"end":{"line":4,"column":90}}],"line":4},"2":{"loc":{"start":{"line":24,"column":21},"end":{"line":24,"column":31}},"type":"default-arg","locations":[{"start":{"line":24,"column":30},"end":{"line":24,"column":31}}],"line":24},"3":{"loc":{"start":{"line":54,"column":2},"end":{"line":56,"column":3}},"type":"if","locations":[{"start":{"line":54,"column":2},"end":{"line":56,"column":3}},{"start":{},"end":{}}],"line":54},"4":{"loc":{"start":{"line":65,"column":2},"end":{"line":67,"column":3}},"type":"if","locations":[{"start":{"line":65,"column":2},"end":{"line":67,"column":3}},{"start":{},"end":{}}],"line":65},"5":{"loc":{"start":{"line":65,"column":6},"end":{"line":65,"column":83}},"type":"binary-expr","locations":[{"start":{"line":65,"column":6},"end":{"line":65,"column":19}},{"start":{"line":65,"column":24},"end":{"line":65,"column":39}},{"start":{"line":65,"column":43},"end":{"line":65,"column":82}}],"line":65}},"s":{"0":1,"1":1,"2":1,"3":2,"4":1,"5":0,"6":0,"7":0,"8":1,"9":0,"10":0,"11":0,"12":0,"13":0,"14":0,"15":1,"16":0,"17":1,"18":0,"19":1,"20":0,"21":1,"22":0,"23":1,"24":3,"25":3,"26":3,"27":3,"28":1,"29":0,"30":0,"31":0,"32":0,"33":0,"34":0,"35":1,"36":0,"37":0,"38":0,"39":0,"40":0,"41":0,"42":1},"f":{"0":2,"1":0,"2":0,"3":0,"4":0,"5":0,"6":0,"7":3,"8":0,"9":0},"b":{"0":[2],"1":[2,0],"2":[0],"3":[3,0],"4":[0,0],"5":[0,0,0]},"_coverageSchema":"1a1c01bbd47fc00a2c39e90264f33305004495a9","hash":"7287314f97f312eb87f24b45164f238a6141293e"}
}
