{"/home/armelki/Documents/projets/Ankata/backend/src/index.js": {"path":"/home/armelki/Documents/projets/Ankata/backend/src/index.js","statementMap":{"0":{"start":{"line":1,"column":0},"end":{"line":1,"column":27}},"1":{"start":{"line":2,"column":0},"end":{"line":2,"column":32}},"2":{"start":{"line":5,"column":24},"end":{"line":5,"column":56}},"3":{"start":{"line":6,"column":0},"end":{"line":6,"column":14}},"4":{"start":{"line":8,"column":16},"end":{"line":8,"column":34}},"5":{"start":{"line":9,"column":13},"end":{"line":9,"column":28}},"6":{"start":{"line":10,"column":15},"end":{"line":10,"column":32}},"7":{"start":{"line":11,"column":19},"end":{"line":11,"column":41}},"8":{"start":{"line":12,"column":16},"end":{"line":12,"column":34}},"9":{"start":{"line":15,"column":40},"end":{"line":15,"column":79}},"10":{"start":{"line":18,"column":19},"end":{"line":18,"column":50}},"11":{"start":{"line":19,"column":20},"end":{"line":19,"column":52}},"12":{"start":{"line":20,"column":23},"end":{"line":20,"column":58}},"13":{"start":{"line":21,"column":24},"end":{"line":21,"column":60}},"14":{"start":{"line":22,"column":22},"end":{"line":22,"column":56}},"15":{"start":{"line":23,"column":23},"end":{"line":23,"column":58}},"16":{"start":{"line":24,"column":28},"end":{"line":24,"column":68}},"17":{"start":{"line":25,"column":24},"end":{"line":25,"column":60}},"18":{"start":{"line":26,"column":22},"end":{"line":26,"column":56}},"19":{"start":{"line":27,"column":21},"end":{"line":27,"column":54}},"20":{"start":{"line":28,"column":20},"end":{"line":28,"column":52}},"21":{"start":{"line":31,"column":12},"end":{"line":31,"column":21}},"22":{"start":{"line":34,"column":15},"end":{"line":45,"column":2}},"23":{"start":{"line":48,"column":0},"end":{"line":48,"column":18}},"24":{"start":{"line":49,"column":0},"end":{"line":68,"column":4}},"25":{"start":{"line":69,"column":0},"end":{"line":69,"column":44}},"26":{"start":{"line":70,"column":0},"end":{"line":70,"column":66}},"27":{"start":{"line":73,"column":13},"end":{"line":73,"column":28}},"28":{"start":{"line":74,"column":0},"end":{"line":74,"column":79}},"29":{"start":{"line":75,"column":0},"end":{"line":75,"column":75}},"30":{"start":{"line":78,"column":0},"end":{"line":81,"column":3}},"31":{"start":{"line":79,"column":2},"end":{"line":79,"column":43}},"32":{"start":{"line":80,"column":2},"end":{"line":80,"column":9}},"33":{"start":{"line":84,"column":0},"end":{"line":91,"column":3}},"34":{"start":{"line":85,"column":2},"end":{"line":90,"column":5}},"35":{"start":{"line":94,"column":0},"end":{"line":100,"column":3}},"36":{"start":{"line":95,"column":2},"end":{"line":99,"column":5}},"37":{"start":{"line":104,"column":0},"end":{"line":104,"column":33}},"38":{"start":{"line":107,"column":0},"end":{"line":107,"column":51}},"39":{"start":{"line":108,"column":0},"end":{"line":108,"column":54}},"40":{"start":{"line":109,"column":0},"end":{"line":109,"column":59}},"41":{"start":{"line":110,"column":0},"end":{"line":110,"column":52}},"42":{"start":{"line":111,"column":0},"end":{"line":111,"column":54}},"43":{"start":{"line":112,"column":0},"end":{"line":112,"column":64}},"44":{"start":{"line":113,"column":0},"end":{"line":113,"column":56}},"45":{"start":{"line":114,"column":0},"end":{"line":114,"column":55}},"46":{"start":{"line":115,"column":0},"end":{"line":115,"column":50}},"47":{"start":{"line":116,"column":0},"end":{"line":116,"column":48}},"48":{"start":{"line":119,"column":0},"end":{"line":124,"column":3}},"49":{"start":{"line":120,"column":2},"end":{"line":123,"column":5}},"50":{"start":{"line":127,"column":0},"end":{"line":143,"column":3}},"51":{"start":{"line":128,"column":2},"end":{"line":133,"column":5}},"52":{"start":{"line":135,"column":21},"end":{"line":135,"column":42}},"53":{"start":{"line":136,"column":18},"end":{"line":136,"column":56}},"54":{"start":{"line":138,"column":2},"end":{"line":142,"column":5}},"55":{"start":{"line":146,"column":0},"end":{"line":153,"column":1}},"56":{"start":{"line":147,"column":15},"end":{"line":147,"column":63}},"57":{"start":{"line":148,"column":2},"end":{"line":152,"column":5}},"58":{"start":{"line":149,"column":4},"end":{"line":149,"column":61}},"59":{"start":{"line":150,"column":4},"end":{"line":150,"column":73}},"60":{"start":{"line":151,"column":4},"end":{"line":151,"column":90}},"61":{"start":{"line":155,"column":0},"end":{"line":155,"column":21}}},"fnMap":{"0":{"name":"(anonymous_0)","decl":{"start":{"line":78,"column":8},"end":{"line":78,"column":9}},"loc":{"start":{"line":78,"column":28},"end":{"line":81,"column":1}},"line":78},"1":{"name":"(anonymous_1)","decl":{"start":{"line":84,"column":13},"end":{"line":84,"column":14}},"loc":{"start":{"line":84,"column":27},"end":{"line":91,"column":1}},"line":84},"2":{"name":"(anonymous_2)","decl":{"start":{"line":94,"column":19},"end":{"line":94,"column":20}},"loc":{"start":{"line":94,"column":33},"end":{"line":100,"column":1}},"line":94},"3":{"name":"(anonymous_3)","decl":{"start":{"line":119,"column":8},"end":{"line":119,"column":9}},"loc":{"start":{"line":119,"column":22},"end":{"line":124,"column":1}},"line":119},"4":{"name":"(anonymous_4)","decl":{"start":{"line":127,"column":8},"end":{"line":127,"column":9}},"loc":{"start":{"line":127,"column":33},"end":{"line":143,"column":1}},"line":127},"5":{"name":"(anonymous_5)","decl":{"start":{"line":148,"column":19},"end":{"line":148,"column":20}},"loc":{"start":{"line":148,"column":25},"end":{"line":152,"column":3}},"line":148}},"branchMap":{"0":{"loc":{"start":{"line":35,"column":9},"end":{"line":35,"column":40}},"type":"binary-expr","locations":[{"start":{"line":35,"column":9},"end":{"line":35,"column":30}},{"start":{"line":35,"column":34},"end":{"line":35,"column":40}}],"line":35},"1":{"loc":{"start":{"line":50,"column":10},"end":{"line":63,"column":7}},"type":"cond-expr","locations":[{"start":{"line":51,"column":6},"end":{"line":57,"column":7}},{"start":{"line":58,"column":6},"end":{"line":63,"column":7}}],"line":50},"2":{"loc":{"start":{"line":62,"column":8},"end":{"line":62,"column":59}},"type":"binary-expr","locations":[{"start":{"line":62,"column":8},"end":{"line":62,"column":32}},{"start":{"line":62,"column":36},"end":{"line":62,"column":59}}],"line":62},"3":{"loc":{"start":{"line":135,"column":21},"end":{"line":135,"column":42}},"type":"binary-expr","locations":[{"start":{"line":135,"column":21},"end":{"line":135,"column":35}},{"start":{"line":135,"column":39},"end":{"line":135,"column":42}}],"line":135},"4":{"loc":{"start":{"line":136,"column":18},"end":{"line":136,"column":56}},"type":"binary-expr","locations":[{"start":{"line":136,"column":18},"end":{"line":136,"column":29}},{"start":{"line":136,"column":33},"end":{"line":136,"column":56}}],"line":136},"5":{"loc":{"start":{"line":141,"column":8},"end":{"line":141,"column":70}},"type":"binary-expr","locations":[{"start":{"line":141,"column":8},"end":{"line":141,"column":46}},{"start":{"line":141,"column":50},"end":{"line":141,"column":70}}],"line":141},"6":{"loc":{"start":{"line":146,"column":0},"end":{"line":153,"column":1}},"type":"if","locations":[{"start":{"line":146,"column":0},"end":{"line":153,"column":1}},{"start":{},"end":{}}],"line":146},"7":{"loc":{"start":{"line":147,"column":15},"end":{"line":147,"column":63}},"type":"binary-expr","locations":[{"start":{"line":147,"column":15},"end":{"line":147,"column":31}},{"start":{"line":147,"column":35},"end":{"line":147,"column":55}},{"start":{"line":147,"column":59},"end":{"line":147,"column":63}}],"line":147},"8":{"loc":{"start":{"line":150,"column":32},"end":{"line":150,"column":69}},"type":"binary-expr","locations":[{"start":{"line":150,"column":32},"end":{"line":150,"column":52}},{"start":{"line":150,"column":56},"end":{"line":150,"column":69}}],"line":150},"9":{"loc":{"start":{"line":151,"column":29},"end":{"line":151,"column":86}},"type":"cond-expr","locations":[{"start":{"line":151,"column":56},"end":{"line":151,"column":67}},{"start":{"line":151,"column":70},"end":{"line":151,"column":86}}],"line":151}},"s":{"0":1,"1":1,"2":1,"3":1,"4":1,"5":1,"6":1,"7":1,"8":1,"9":1,"10":1,"11":1,"12":1,"13":1,"14":1,"15":1,"16":1,"17":1,"18":1,"19":1,"20":1,"21":1,"22":1,"23":1,"24":1,"25":1,"26":1,"27":1,"28":1,"29":1,"30":1,"31":3,"32":3,"33":1,"34":0,"35":1,"36":0,"37":1,"38":1,"39":1,"40":1,"41":1,"42":1,"43":1,"44":1,"45":1,"46":1,"47":1,"48":1,"49":0,"50":1,"51":0,"52":0,"53":0,"54":0,"55":1,"56":0,"57":0,"58":0,"59":0,"60":0,"61":1},"f":{"0":3,"1":0,"2":0,"3":0,"4":0,"5":0},"b":{"0":[1,0],"1":[0,1],"2":[1,0],"3":[0,0],"4":[0,0],"5":[0,0],"6":[0,1],"7":[0,0,0],"8":[0,0],"9":[0,0]},"_coverageSchema":"1a1c01bbd47fc00a2c39e90264f33305004495a9","hash":"48b9bedd16bb972622ceea4e077177c80e22dcc6"}
,"/home/armelki/Documents/projets/Ankata/backend/src/config/validate-env.js": {"path":"/home/armelki/Documents/projets/Ankata/backend/src/config/validate-env.js","statementMap":{"0":{"start":{"line":6,"column":24},"end":{"line":10,"column":1}},"1":{"start":{"line":12,"column":24},"end":{"line":18,"column":1}},"2":{"start":{"line":21,"column":18},"end":{"line":21,"column":20}},"3":{"start":{"line":22,"column":19},"end":{"line":22,"column":21}},"4":{"start":{"line":25,"column":2},"end":{"line":29,"column":3}},"5":{"start":{"line":26,"column":4},"end":{"line":28,"column":5}},"6":{"start":{"line":27,"column":6},"end":{"line":27,"column":45}},"7":{"start":{"line":32,"column":2},"end":{"line":34,"column":3}},"8":{"start":{"line":33,"column":4},"end":{"line":33,"column":65}},"9":{"start":{"line":37,"column":2},"end":{"line":41,"column":3}},"10":{"start":{"line":38,"column":4},"end":{"line":40,"column":5}},"11":{"start":{"line":39,"column":6},"end":{"line":39,"column":57}},"12":{"start":{"line":44,"column":2},"end":{"line":49,"column":3}},"13":{"start":{"line":45,"column":4},"end":{"line":45,"column":70}},"14":{"start":{"line":46,"column":4},"end":{"line":46,"column":59}},"15":{"start":{"line":46,"column":29},"end":{"line":46,"column":57}},"16":{"start":{"line":47,"column":4},"end":{"line":47,"column":83}},"17":{"start":{"line":48,"column":4},"end":{"line":48,"column":20}},"18":{"start":{"line":52,"column":2},"end":{"line":55,"column":3}},"19":{"start":{"line":53,"column":4},"end":{"line":53,"column":34}},"20":{"start":{"line":54,"column":4},"end":{"line":54,"column":59}},"21":{"start":{"line":54,"column":30},"end":{"line":54,"column":57}},"22":{"start":{"line":57,"column":2},"end":{"line":57,"column":55}},"23":{"start":{"line":60,"column":0},"end":{"line":60,"column":33}}},"fnMap":{"0":{"name":"validateEnv","decl":{"start":{"line":20,"column":9},"end":{"line":20,"column":20}},"loc":{"start":{"line":20,"column":23},"end":{"line":58,"column":1}},"line":20},"1":{"name":"(anonymous_1)","decl":{"start":{"line":46,"column":20},"end":{"line":46,"column":21}},"loc":{"start":{"line":46,"column":29},"end":{"line":46,"column":57}},"line":46},"2":{"name":"(anonymous_2)","decl":{"start":{"line":54,"column":21},"end":{"line":54,"column":22}},"loc":{"start":{"line":54,"column":30},"end":{"line":54,"column":57}},"line":54}},"branchMap":{"0":{"loc":{"start":{"line":26,"column":4},"end":{"line":28,"column":5}},"type":"if","locations":[{"start":{"line":26,"column":4},"end":{"line":28,"column":5}},{"start":{},"end":{}}],"line":26},"1":{"loc":{"start":{"line":32,"column":2},"end":{"line":34,"column":3}},"type":"if","locations":[{"start":{"line":32,"column":2},"end":{"line":34,"column":3}},{"start":{},"end":{}}],"line":32},"2":{"loc":{"start":{"line":32,"column":6},"end":{"line":32,"column":66}},"type":"binary-expr","locations":[{"start":{"line":32,"column":6},"end":{"line":32,"column":28}},{"start":{"line":32,"column":32},"end":{"line":32,"column":66}}],"line":32},"3":{"loc":{"start":{"line":38,"column":4},"end":{"line":40,"column":5}},"type":"if","locations":[{"start":{"line":38,"column":4},"end":{"line":40,"column":5}},{"start":{},"end":{}}],"line":38},"4":{"loc":{"start":{"line":44,"column":2},"end":{"line":49,"column":3}},"type":"if","locations":[{"start":{"line":44,"column":2},"end":{"line":49,"column":3}},{"start":{},"end":{}}],"line":44},"5":{"loc":{"start":{"line":52,"column":2},"end":{"line":55,"column":3}},"type":"if","locations":[{"start":{"line":52,"column":2},"end":{"line":55,"column":3}},{"start":{},"end":{}}],"line":52},"6":{"loc":{"start":{"line":52,"column":6},"end":{"line":52,"column":67}},"type":"binary-expr","locations":[{"start":{"line":52,"column":6},"end":{"line":52,"column":25}},{"start":{"line":52,"column":29},"end":{"line":52,"column":67}}],"line":52}},"s":{"0":1,"1":1,"2":1,"3":1,"4":1,"5":3,"6":0,"7":1,"8":0,"9":1,"10":5,"11":1,"12":1,"13":0,"14":0,"15":0,"16":0,"17":0,"18":1,"19":0,"20":0,"21":0,"22":1,"23":1},"f":{"0":1,"1":0,"2":0},"b":{"0":[0,3],"1":[0,1],"2":[1,1],"3":[1,4],"4":[0,1],"5":[0,1],"6":[1,1]},"_coverageSchema":"1a1c01bbd47fc00a2c39e90264f33305004495a9","hash":"31f0703c2c3a36b128647b3c289acaf8ae3a7aa5"}
,"/home/armelki/Documents/projets/Ankata/backend/src/controllers/auth.controller.js": {"path":"/home/armelki/Documents/projets/Ankata/backend/src/controllers/auth.controller.js","statementMap":{"0":{"start":{"line":1,"column":18},"end":{"line":1,"column":43}},"1":{"start":{"line":2,"column":45},"end":{"line":2,"column":72}},"2":{"start":{"line":3,"column":15},"end":{"line":3,"column":34}},"3":{"start":{"line":4,"column":14},"end":{"line":4,"column":43}},"4":{"start":{"line":5,"column":17},"end":{"line":5,"column":46}},"5":{"start":{"line":6,"column":13},"end":{"line":6,"column":46}},"6":{"start":{"line":7,"column":15},"end":{"line":7,"column":32}},"7":{"start":{"line":10,"column":29},"end":{"line":12,"column":1}},"8":{"start":{"line":11,"column":2},"end":{"line":11,"column":74}},"9":{"start":{"line":14,"column":27},"end":{"line":25,"column":1}},"10":{"start":{"line":15,"column":2},"end":{"line":15,"column":31}},"11":{"start":{"line":15,"column":19},"end":{"line":15,"column":31}},"12":{"start":{"line":16,"column":2},"end":{"line":16,"column":55}},"13":{"start":{"line":16,"column":37},"end":{"line":16,"column":55}},"14":{"start":{"line":18,"column":17},"end":{"line":18,"column":65}},"15":{"start":{"line":19,"column":26},"end":{"line":21,"column":50}},"16":{"start":{"line":23,"column":2},"end":{"line":23,"column":45}},"17":{"start":{"line":23,"column":33},"end":{"line":23,"column":45}},"18":{"start":{"line":24,"column":2},"end":{"line":24,"column":24}},"19":{"start":{"line":31,"column":4},"end":{"line":143,"column":5}},"20":{"start":{"line":32,"column":123},"end":{"line":32,"column":131}},"21":{"start":{"line":34,"column":6},"end":{"line":36,"column":7}},"22":{"start":{"line":35,"column":8},"end":{"line":35,"column":75}},"23":{"start":{"line":38,"column":29},"end":{"line":38,"column":59}},"24":{"start":{"line":40,"column":27},"end":{"line":40,"column":70}},"25":{"start":{"line":41,"column":6},"end":{"line":43,"column":7}},"26":{"start":{"line":42,"column":8},"end":{"line":42,"column":83}},"27":{"start":{"line":45,"column":19},"end":{"line":45,"column":43}},"28":{"start":{"line":46,"column":27},"end":{"line":46,"column":60}},"29":{"start":{"line":47,"column":24},"end":{"line":47,"column":80}},"30":{"start":{"line":48,"column":24},"end":{"line":48,"column":80}},"31":{"start":{"line":52,"column":23},"end":{"line":52,"column":27}},"32":{"start":{"line":53,"column":6},"end":{"line":60,"column":7}},"33":{"start":{"line":54,"column":8},"end":{"line":54,"column":49}},"34":{"start":{"line":55,"column":23},"end":{"line":58,"column":9}},"35":{"start":{"line":59,"column":8},"end":{"line":59,"column":44}},"36":{"start":{"line":63,"column":6},"end":{"line":63,"column":36}},"37":{"start":{"line":64,"column":6},"end":{"line":64,"column":34}},"38":{"start":{"line":67,"column":25},"end":{"line":67,"column":29}},"39":{"start":{"line":68,"column":6},"end":{"line":99,"column":7}},"40":{"start":{"line":69,"column":31},"end":{"line":72,"column":9}},"41":{"start":{"line":74,"column":8},"end":{"line":98,"column":9}},"42":{"start":{"line":75,"column":27},"end":{"line":75,"column":49}},"43":{"start":{"line":78,"column":38},"end":{"line":81,"column":11}},"44":{"start":{"line":82,"column":32},"end":{"line":82,"column":79}},"45":{"start":{"line":85,"column":10},"end":{"line":97,"column":11}},"46":{"start":{"line":86,"column":12},"end":{"line":86,"column":39}},"47":{"start":{"line":87,"column":35},"end":{"line":87,"column":63}},"48":{"start":{"line":88,"column":31},"end":{"line":88,"column":51}},"49":{"start":{"line":90,"column":12},"end":{"line":93,"column":14}},"50":{"start":{"line":94,"column":12},"end":{"line":94,"column":87}},"51":{"start":{"line":96,"column":12},"end":{"line":96,"column":91}},"52":{"start":{"line":101,"column":19},"end":{"line":111,"column":8}},"53":{"start":{"line":114,"column":6},"end":{"line":124,"column":7}},"54":{"start":{"line":115,"column":8},"end":{"line":118,"column":10}},"55":{"start":{"line":120,"column":8},"end":{"line":123,"column":10}},"56":{"start":{"line":126,"column":6},"end":{"line":126,"column":35}},"57":{"start":{"line":128,"column":20},"end":{"line":128,"column":58}},"58":{"start":{"line":129,"column":6},"end":{"line":129,"column":47}},"59":{"start":{"line":131,"column":6},"end":{"line":136,"column":9}},"60":{"start":{"line":138,"column":6},"end":{"line":138,"column":49}},"61":{"start":{"line":138,"column":18},"end":{"line":138,"column":49}},"62":{"start":{"line":139,"column":6},"end":{"line":139,"column":46}},"63":{"start":{"line":140,"column":6},"end":{"line":140,"column":85}},"64":{"start":{"line":142,"column":6},"end":{"line":142,"column":35}},"65":{"start":{"line":142,"column":18},"end":{"line":142,"column":35}},"66":{"start":{"line":148,"column":4},"end":{"line":194,"column":5}},"67":{"start":{"line":149,"column":40},"end":{"line":149,"column":48}},"68":{"start":{"line":151,"column":6},"end":{"line":153,"column":7}},"69":{"start":{"line":152,"column":8},"end":{"line":152,"column":90}},"70":{"start":{"line":155,"column":29},"end":{"line":155,"column":59}},"71":{"start":{"line":156,"column":19},"end":{"line":156,"column":62}},"72":{"start":{"line":158,"column":6},"end":{"line":160,"column":7}},"73":{"start":{"line":159,"column":8},"end":{"line":159,"column":71}},"74":{"start":{"line":162,"column":6},"end":{"line":164,"column":7}},"75":{"start":{"line":163,"column":8},"end":{"line":163,"column":113}},"76":{"start":{"line":166,"column":22},"end":{"line":166,"column":72}},"77":{"start":{"line":167,"column":6},"end":{"line":169,"column":7}},"78":{"start":{"line":168,"column":8},"end":{"line":168,"column":71}},"79":{"start":{"line":171,"column":20},"end":{"line":171,"column":58}},"80":{"start":{"line":172,"column":6},"end":{"line":172,"column":47}},"81":{"start":{"line":174,"column":6},"end":{"line":190,"column":9}},"82":{"start":{"line":192,"column":6},"end":{"line":192,"column":43}},"83":{"start":{"line":193,"column":6},"end":{"line":193,"column":78}},"84":{"start":{"line":199,"column":4},"end":{"line":273,"column":5}},"85":{"start":{"line":200,"column":39},"end":{"line":200,"column":47}},"86":{"start":{"line":202,"column":6},"end":{"line":204,"column":7}},"87":{"start":{"line":203,"column":8},"end":{"line":203,"column":79}},"88":{"start":{"line":206,"column":27},"end":{"line":206,"column":68}},"89":{"start":{"line":207,"column":44},"end":{"line":207,"column":56}},"90":{"start":{"line":209,"column":17},"end":{"line":209,"column":52}},"91":{"start":{"line":210,"column":38},"end":{"line":210,"column":61}},"92":{"start":{"line":211,"column":23},"end":{"line":211,"column":42}},"93":{"start":{"line":216,"column":27},"end":{"line":216,"column":31}},"94":{"start":{"line":217,"column":6},"end":{"line":223,"column":7}},"95":{"start":{"line":218,"column":8},"end":{"line":218,"column":56}},"96":{"start":{"line":220,"column":8},"end":{"line":222,"column":9}},"97":{"start":{"line":221,"column":10},"end":{"line":221,"column":61}},"98":{"start":{"line":225,"column":6},"end":{"line":247,"column":7}},"99":{"start":{"line":227,"column":8},"end":{"line":238,"column":11}},"100":{"start":{"line":240,"column":8},"end":{"line":243,"column":9}},"101":{"start":{"line":241,"column":11},"end":{"line":241,"column":96}},"102":{"start":{"line":242,"column":11},"end":{"line":242,"column":46}},"103":{"start":{"line":244,"column":13},"end":{"line":247,"column":7}},"104":{"start":{"line":246,"column":8},"end":{"line":246,"column":78}},"105":{"start":{"line":249,"column":20},"end":{"line":249,"column":58}},"106":{"start":{"line":250,"column":6},"end":{"line":250,"column":47}},"107":{"start":{"line":252,"column":6},"end":{"line":268,"column":9}},"108":{"start":{"line":271,"column":6},"end":{"line":271,"column":49}},"109":{"start":{"line":272,"column":6},"end":{"line":272,"column":85}},"110":{"start":{"line":278,"column":4},"end":{"line":298,"column":5}},"111":{"start":{"line":279,"column":30},"end":{"line":279,"column":40}},"112":{"start":{"line":280,"column":29},"end":{"line":280,"column":59}},"113":{"start":{"line":282,"column":19},"end":{"line":282,"column":62}},"114":{"start":{"line":283,"column":6},"end":{"line":285,"column":7}},"115":{"start":{"line":284,"column":8},"end":{"line":284,"column":65}},"116":{"start":{"line":287,"column":6},"end":{"line":289,"column":7}},"117":{"start":{"line":288,"column":8},"end":{"line":288,"column":135}},"118":{"start":{"line":291,"column":6},"end":{"line":294,"column":9}},"119":{"start":{"line":296,"column":6},"end":{"line":296,"column":60}},"120":{"start":{"line":297,"column":6},"end":{"line":297,"column":91}},"121":{"start":{"line":303,"column":4},"end":{"line":333,"column":5}},"122":{"start":{"line":304,"column":67},"end":{"line":304,"column":75}},"123":{"start":{"line":306,"column":6},"end":{"line":308,"column":7}},"124":{"start":{"line":307,"column":8},"end":{"line":307,"column":75}},"125":{"start":{"line":310,"column":29},"end":{"line":310,"column":59}},"126":{"start":{"line":311,"column":19},"end":{"line":311,"column":62}},"127":{"start":{"line":313,"column":6},"end":{"line":315,"column":7}},"128":{"start":{"line":314,"column":8},"end":{"line":314,"column":66}},"129":{"start":{"line":317,"column":24},"end":{"line":317,"column":95}},"130":{"start":{"line":318,"column":24},"end":{"line":318,"column":95}},"131":{"start":{"line":320,"column":6},"end":{"line":322,"column":7}},"132":{"start":{"line":321,"column":9},"end":{"line":321,"column":92}},"133":{"start":{"line":324,"column":19},"end":{"line":324,"column":43}},"134":{"start":{"line":325,"column":30},"end":{"line":325,"column":66}},"135":{"start":{"line":327,"column":6},"end":{"line":327,"column":63}},"136":{"start":{"line":329,"column":6},"end":{"line":329,"column":112}},"137":{"start":{"line":331,"column":6},"end":{"line":331,"column":52}},"138":{"start":{"line":332,"column":6},"end":{"line":332,"column":87}},"139":{"start":{"line":338,"column":4},"end":{"line":372,"column":5}},"140":{"start":{"line":339,"column":21},"end":{"line":339,"column":36}},"141":{"start":{"line":340,"column":19},"end":{"line":340,"column":51}},"142":{"start":{"line":342,"column":6},"end":{"line":344,"column":7}},"143":{"start":{"line":343,"column":8},"end":{"line":343,"column":65}},"144":{"start":{"line":346,"column":30},"end":{"line":348,"column":7}},"145":{"start":{"line":350,"column":6},"end":{"line":365,"column":9}},"146":{"start":{"line":367,"column":6},"end":{"line":367,"column":54}},"147":{"start":{"line":368,"column":6},"end":{"line":371,"column":9}},"148":{"start":{"line":377,"column":4},"end":{"line":432,"column":5}},"149":{"start":{"line":378,"column":21},"end":{"line":378,"column":36}},"150":{"start":{"line":388,"column":10},"end":{"line":388,"column":18}},"151":{"start":{"line":390,"column":26},"end":{"line":399,"column":8}},"152":{"start":{"line":401,"column":6},"end":{"line":403,"column":7}},"153":{"start":{"line":402,"column":8},"end":{"line":402,"column":75}},"154":{"start":{"line":405,"column":30},"end":{"line":407,"column":7}},"155":{"start":{"line":409,"column":6},"end":{"line":425,"column":9}},"156":{"start":{"line":427,"column":6},"end":{"line":427,"column":52}},"157":{"start":{"line":428,"column":6},"end":{"line":431,"column":9}},"158":{"start":{"line":436,"column":0},"end":{"line":436,"column":32}}},"fnMap":{"0":{"name":"(anonymous_0)","decl":{"start":{"line":10,"column":29},"end":{"line":10,"column":30}},"loc":{"start":{"line":10,"column":35},"end":{"line":12,"column":1}},"line":10},"1":{"name":"(anonymous_1)","decl":{"start":{"line":14,"column":27},"end":{"line":14,"column":28}},"loc":{"start":{"line":14,"column":49},"end":{"line":25,"column":1}},"line":14},"2":{"name":"(anonymous_2)","decl":{"start":{"line":29,"column":2},"end":{"line":29,"column":3}},"loc":{"start":{"line":29,"column":34},"end":{"line":144,"column":3}},"line":29},"3":{"name":"(anonymous_3)","decl":{"start":{"line":147,"column":2},"end":{"line":147,"column":3}},"loc":{"start":{"line":147,"column":31},"end":{"line":195,"column":3}},"line":147},"4":{"name":"(anonymous_4)","decl":{"start":{"line":198,"column":2},"end":{"line":198,"column":3}},"loc":{"start":{"line":198,"column":36},"end":{"line":274,"column":3}},"line":198},"5":{"name":"(anonymous_5)","decl":{"start":{"line":277,"column":2},"end":{"line":277,"column":3}},"loc":{"start":{"line":277,"column":46},"end":{"line":299,"column":3}},"line":277},"6":{"name":"(anonymous_6)","decl":{"start":{"line":302,"column":2},"end":{"line":302,"column":3}},"loc":{"start":{"line":302,"column":39},"end":{"line":334,"column":3}},"line":302},"7":{"name":"(anonymous_7)","decl":{"start":{"line":337,"column":2},"end":{"line":337,"column":3}},"loc":{"start":{"line":337,"column":40},"end":{"line":373,"column":3}},"line":337},"8":{"name":"(anonymous_8)","decl":{"start":{"line":376,"column":2},"end":{"line":376,"column":3}},"loc":{"start":{"line":376,"column":39},"end":{"line":433,"column":3}},"line":376}},"branchMap":{"0":{"loc":{"start":{"line":15,"column":2},"end":{"line":15,"column":31}},"type":"if","locations":[{"start":{"line":15,"column":2},"end":{"line":15,"column":31}},{"start":{},"end":{}}],"line":15},"1":{"loc":{"start":{"line":16,"column":2},"end":{"line":16,"column":55}},"type":"if","locations":[{"start":{"line":16,"column":2},"end":{"line":16,"column":55}},{"start":{},"end":{}}],"line":16},"2":{"loc":{"start":{"line":18,"column":17},"end":{"line":18,"column":65}},"type":"binary-expr","locations":[{"start":{"line":18,"column":17},"end":{"line":18,"column":52}},{"start":{"line":18,"column":56},"end":{"line":18,"column":65}}],"line":18},"3":{"loc":{"start":{"line":23,"column":2},"end":{"line":23,"column":45}},"type":"if","locations":[{"start":{"line":23,"column":2},"end":{"line":23,"column":45}},{"start":{},"end":{}}],"line":23},"4":{"loc":{"start":{"line":23,"column":6},"end":{"line":23,"column":31}},"type":"binary-expr","locations":[{"start":{"line":23,"column":6},"end":{"line":23,"column":11}},{"start":{"line":23,"column":15},"end":{"line":23,"column":31}}],"line":23},"5":{"loc":{"start":{"line":34,"column":6},"end":{"line":36,"column":7}},"type":"if","locations":[{"start":{"line":34,"column":6},"end":{"line":36,"column":7}},{"start":{},"end":{}}],"line":34},"6":{"loc":{"start":{"line":34,"column":10},"end":{"line":34,"column":122}},"type":"binary-expr","locations":[{"start":{"line":34,"column":10},"end":{"line":34,"column":22}},{"start":{"line":34,"column":26},"end":{"line":34,"column":36}},{"start":{"line":34,"column":40},"end":{"line":34,"column":49}},{"start":{"line":34,"column":53},"end":{"line":34,"column":62}},{"start":{"line":34,"column":66},"end":{"line":34,"column":77}},{"start":{"line":34,"column":81},"end":{"line":34,"column":92}},{"start":{"line":34,"column":96},"end":{"line":34,"column":107}},{"start":{"line":34,"column":111},"end":{"line":34,"column":122}}],"line":34},"7":{"loc":{"start":{"line":41,"column":6},"end":{"line":43,"column":7}},"type":"if","locations":[{"start":{"line":41,"column":6},"end":{"line":43,"column":7}},{"start":{},"end":{}}],"line":41},"8":{"loc":{"start":{"line":68,"column":6},"end":{"line":99,"column":7}},"type":"if","locations":[{"start":{"line":68,"column":6},"end":{"line":99,"column":7}},{"start":{},"end":{}}],"line":68},"9":{"loc":{"start":{"line":68,"column":10},"end":{"line":68,"column":45}},"type":"binary-expr","locations":[{"start":{"line":68,"column":10},"end":{"line":68,"column":22}},{"start":{"line":68,"column":26},"end":{"line":68,"column":45}}],"line":68},"10":{"loc":{"start":{"line":74,"column":8},"end":{"line":98,"column":9}},"type":"if","locations":[{"start":{"line":74,"column":8},"end":{"line":98,"column":9}},{"start":{},"end":{}}],"line":74},"11":{"loc":{"start":{"line":85,"column":10},"end":{"line":97,"column":11}},"type":"if","locations":[{"start":{"line":85,"column":10},"end":{"line":97,"column":11}},{"start":{"line":95,"column":17},"end":{"line":97,"column":11}}],"line":85},"12":{"loc":{"start":{"line":87,"column":35},"end":{"line":87,"column":63}},"type":"binary-expr","locations":[{"start":{"line":87,"column":35},"end":{"line":87,"column":58}},{"start":{"line":87,"column":62},"end":{"line":87,"column":63}}],"line":87},"13":{"loc":{"start":{"line":114,"column":6},"end":{"line":124,"column":7}},"type":"if","locations":[{"start":{"line":114,"column":6},"end":{"line":124,"column":7}},{"start":{"line":119,"column":13},"end":{"line":124,"column":7}}],"line":114},"14":{"loc":{"start":{"line":138,"column":6},"end":{"line":138,"column":49}},"type":"if","locations":[{"start":{"line":138,"column":6},"end":{"line":138,"column":49}},{"start":{},"end":{}}],"line":138},"15":{"loc":{"start":{"line":142,"column":6},"end":{"line":142,"column":35}},"type":"if","locations":[{"start":{"line":142,"column":6},"end":{"line":142,"column":35}},{"start":{},"end":{}}],"line":142},"16":{"loc":{"start":{"line":151,"column":6},"end":{"line":153,"column":7}},"type":"if","locations":[{"start":{"line":151,"column":6},"end":{"line":153,"column":7}},{"start":{},"end":{}}],"line":151},"17":{"loc":{"start":{"line":151,"column":10},"end":{"line":151,"column":35}},"type":"binary-expr","locations":[{"start":{"line":151,"column":10},"end":{"line":151,"column":22}},{"start":{"line":151,"column":26},"end":{"line":151,"column":35}}],"line":151},"18":{"loc":{"start":{"line":158,"column":6},"end":{"line":160,"column":7}},"type":"if","locations":[{"start":{"line":158,"column":6},"end":{"line":160,"column":7}},{"start":{},"end":{}}],"line":158},"19":{"loc":{"start":{"line":162,"column":6},"end":{"line":164,"column":7}},"type":"if","locations":[{"start":{"line":162,"column":6},"end":{"line":164,"column":7}},{"start":{},"end":{}}],"line":162},"20":{"loc":{"start":{"line":167,"column":6},"end":{"line":169,"column":7}},"type":"if","locations":[{"start":{"line":167,"column":6},"end":{"line":169,"column":7}},{"start":{},"end":{}}],"line":167},"21":{"loc":{"start":{"line":202,"column":6},"end":{"line":204,"column":7}},"type":"if","locations":[{"start":{"line":202,"column":6},"end":{"line":204,"column":7}},{"start":{},"end":{}}],"line":202},"22":{"loc":{"start":{"line":210,"column":39},"end":{"line":210,"column":49}},"type":"binary-expr","locations":[{"start":{"line":210,"column":39},"end":{"line":210,"column":43}},{"start":{"line":210,"column":47},"end":{"line":210,"column":49}}],"line":210},"23":{"loc":{"start":{"line":217,"column":6},"end":{"line":223,"column":7}},"type":"if","locations":[{"start":{"line":217,"column":6},"end":{"line":223,"column":7}},{"start":{},"end":{}}],"line":217},"24":{"loc":{"start":{"line":220,"column":8},"end":{"line":222,"column":9}},"type":"if","locations":[{"start":{"line":220,"column":8},"end":{"line":222,"column":9}},{"start":{},"end":{}}],"line":220},"25":{"loc":{"start":{"line":225,"column":6},"end":{"line":247,"column":7}},"type":"if","locations":[{"start":{"line":225,"column":6},"end":{"line":247,"column":7}},{"start":{"line":244,"column":13},"end":{"line":247,"column":7}}],"line":225},"26":{"loc":{"start":{"line":228,"column":23},"end":{"line":228,"column":45}},"type":"binary-expr","locations":[{"start":{"line":228,"column":23},"end":{"line":228,"column":37}},{"start":{"line":228,"column":41},"end":{"line":228,"column":45}}],"line":228},"27":{"loc":{"start":{"line":229,"column":21},"end":{"line":229,"column":46}},"type":"binary-expr","locations":[{"start":{"line":229,"column":21},"end":{"line":229,"column":30}},{"start":{"line":229,"column":34},"end":{"line":229,"column":46}}],"line":229},"28":{"loc":{"start":{"line":230,"column":20},"end":{"line":230,"column":34}},"type":"binary-expr","locations":[{"start":{"line":230,"column":20},"end":{"line":230,"column":28}},{"start":{"line":230,"column":32},"end":{"line":230,"column":34}}],"line":230},"29":{"loc":{"start":{"line":237,"column":17},"end":{"line":237,"column":30}},"type":"binary-expr","locations":[{"start":{"line":237,"column":17},"end":{"line":237,"column":22}},{"start":{"line":237,"column":26},"end":{"line":237,"column":30}}],"line":237},"30":{"loc":{"start":{"line":240,"column":8},"end":{"line":243,"column":9}},"type":"if","locations":[{"start":{"line":240,"column":8},"end":{"line":243,"column":9}},{"start":{},"end":{}}],"line":240},"31":{"loc":{"start":{"line":244,"column":13},"end":{"line":247,"column":7}},"type":"if","locations":[{"start":{"line":244,"column":13},"end":{"line":247,"column":7}},{"start":{},"end":{}}],"line":244},"32":{"loc":{"start":{"line":256,"column":14},"end":{"line":256,"column":32}},"type":"binary-expr","locations":[{"start":{"line":256,"column":14},"end":{"line":256,"column":21}},{"start":{"line":256,"column":25},"end":{"line":256,"column":32}}],"line":256},"33":{"loc":{"start":{"line":257,"column":23},"end":{"line":257,"column":58}},"type":"binary-expr","locations":[{"start":{"line":257,"column":23},"end":{"line":257,"column":40}},{"start":{"line":257,"column":44},"end":{"line":257,"column":58}}],"line":257},"34":{"loc":{"start":{"line":258,"column":21},"end":{"line":258,"column":49}},"type":"binary-expr","locations":[{"start":{"line":258,"column":21},"end":{"line":258,"column":36}},{"start":{"line":258,"column":40},"end":{"line":258,"column":49}}],"line":258},"35":{"loc":{"start":{"line":259,"column":20},"end":{"line":259,"column":46}},"type":"binary-expr","locations":[{"start":{"line":259,"column":20},"end":{"line":259,"column":34}},{"start":{"line":259,"column":38},"end":{"line":259,"column":46}}],"line":259},"36":{"loc":{"start":{"line":263,"column":17},"end":{"line":263,"column":36}},"type":"binary-expr","locations":[{"start":{"line":263,"column":17},"end":{"line":263,"column":27}},{"start":{"line":263,"column":31},"end":{"line":263,"column":36}}],"line":263},"37":{"loc":{"start":{"line":264,"column":29},"end":{"line":264,"column":64}},"type":"binary-expr","locations":[{"start":{"line":264,"column":29},"end":{"line":264,"column":53}},{"start":{"line":264,"column":57},"end":{"line":264,"column":64}}],"line":264},"38":{"loc":{"start":{"line":283,"column":6},"end":{"line":285,"column":7}},"type":"if","locations":[{"start":{"line":283,"column":6},"end":{"line":285,"column":7}},{"start":{},"end":{}}],"line":283},"39":{"loc":{"start":{"line":287,"column":6},"end":{"line":289,"column":7}},"type":"if","locations":[{"start":{"line":287,"column":6},"end":{"line":289,"column":7}},{"start":{},"end":{}}],"line":287},"40":{"loc":{"start":{"line":287,"column":10},"end":{"line":287,"column":48}},"type":"binary-expr","locations":[{"start":{"line":287,"column":10},"end":{"line":287,"column":27}},{"start":{"line":287,"column":31},"end":{"line":287,"column":48}}],"line":287},"41":{"loc":{"start":{"line":306,"column":6},"end":{"line":308,"column":7}},"type":"if","locations":[{"start":{"line":306,"column":6},"end":{"line":308,"column":7}},{"start":{},"end":{}}],"line":306},"42":{"loc":{"start":{"line":306,"column":10},"end":{"line":306,"column":68}},"type":"binary-expr","locations":[{"start":{"line":306,"column":10},"end":{"line":306,"column":22}},{"start":{"line":306,"column":26},"end":{"line":306,"column":37}},{"start":{"line":306,"column":41},"end":{"line":306,"column":52}},{"start":{"line":306,"column":56},"end":{"line":306,"column":68}}],"line":306},"43":{"loc":{"start":{"line":313,"column":6},"end":{"line":315,"column":7}},"type":"if","locations":[{"start":{"line":313,"column":6},"end":{"line":315,"column":7}},{"start":{},"end":{}}],"line":313},"44":{"loc":{"start":{"line":320,"column":6},"end":{"line":322,"column":7}},"type":"if","locations":[{"start":{"line":320,"column":6},"end":{"line":322,"column":7}},{"start":{},"end":{}}],"line":320},"45":{"loc":{"start":{"line":320,"column":10},"end":{"line":320,"column":34}},"type":"binary-expr","locations":[{"start":{"line":320,"column":10},"end":{"line":320,"column":20}},{"start":{"line":320,"column":24},"end":{"line":320,"column":34}}],"line":320},"46":{"loc":{"start":{"line":342,"column":6},"end":{"line":344,"column":7}},"type":"if","locations":[{"start":{"line":342,"column":6},"end":{"line":344,"column":7}},{"start":{},"end":{}}],"line":342},"47":{"loc":{"start":{"line":360,"column":29},"end":{"line":360,"column":72}},"type":"binary-expr","locations":[{"start":{"line":360,"column":29},"end":{"line":360,"column":44}},{"start":{"line":360,"column":48},"end":{"line":360,"column":72}}],"line":360},"48":{"loc":{"start":{"line":401,"column":6},"end":{"line":403,"column":7}},"type":"if","locations":[{"start":{"line":401,"column":6},"end":{"line":403,"column":7}},{"start":{},"end":{}}],"line":401},"49":{"loc":{"start":{"line":421,"column":12},"end":{"line":421,"column":62}},"type":"binary-expr","locations":[{"start":{"line":421,"column":12},"end":{"line":421,"column":27}},{"start":{"line":421,"column":31},"end":{"line":421,"column":62}}],"line":421}},"s":{"0":1,"1":1,"2":1,"3":1,"4":1,"5":1,"6":1,"7":1,"8":1,"9":1,"10":0,"11":0,"12":0,"13":0,"14":0,"15":0,"16":0,"17":0,"18":0,"19":1,"20":1,"21":1,"22":0,"23":1,"24":1,"25":1,"26":0,"27":1,"28":1,"29":1,"30":1,"31":1,"32":1,"33":1,"34":1,"35":1,"36":1,"37":1,"38":1,"39":1,"40":0,"41":0,"42":0,"43":0,"44":0,"45":0,"46":0,"47":0,"48":0,"49":0,"50":0,"51":0,"52":1,"53":1,"54":0,"55":1,"56":1,"57":1,"58":1,"59":1,"60":0,"61":0,"62":0,"63":0,"64":1,"65":1,"66":2,"67":2,"68":2,"69":0,"70":2,"71":2,"72":2,"73":1,"74":1,"75":0,"76":1,"77":1,"78":0,"79":1,"80":1,"81":1,"82":0,"83":0,"84":0,"85":0,"86":0,"87":0,"88":0,"89":0,"90":0,"91":0,"92":0,"93":0,"94":0,"95":0,"96":0,"97":0,"98":0,"99":0,"100":0,"101":0,"102":0,"103":0,"104":0,"105":0,"106":0,"107":0,"108":0,"109":0,"110":0,"111":0,"112":0,"113":0,"114":0,"115":0,"116":0,"117":0,"118":0,"119":0,"120":0,"121":0,"122":0,"123":0,"124":0,"125":0,"126":0,"127":0,"128":0,"129":0,"130":0,"131":0,"132":0,"133":0,"134":0,"135":0,"136":0,"137":0,"138":0,"139":0,"140":0,"141":0,"142":0,"143":0,"144":0,"145":0,"146":0,"147":0,"148":0,"149":0,"150":0,"151":0,"152":0,"153":0,"154":0,"155":0,"156":0,"157":0,"158":1},"f":{"0":1,"1":0,"2":1,"3":2,"4":0,"5":0,"6":0,"7":0,"8":0},"b":{"0":[0,0],"1":[0,0],"2":[0,0],"3":[0,0],"4":[0,0],"5":[0,1],"6":[1,1,1,1,1,1,1,1],"7":[0,1],"8":[0,1],"9":[1,0],"10":[0,0],"11":[0,0],"12":[0,0],"13":[0,1],"14":[0,0],"15":[1,0],"16":[0,2],"17":[2,2],"18":[1,1],"19":[0,1],"20":[0,1],"21":[0,0],"22":[0,0],"23":[0,0],"24":[0,0],"25":[0,0],"26":[0,0],"27":[0,0],"28":[0,0],"29":[0,0],"30":[0,0],"31":[0,0],"32":[0,0],"33":[0,0],"34":[0,0],"35":[0,0],"36":[0,0],"37":[0,0],"38":[0,0],"39":[0,0],"40":[0,0],"41":[0,0],"42":[0,0,0,0],"43":[0,0],"44":[0,0],"45":[0,0],"46":[0,0],"47":[0,0],"48":[0,0],"49":[0,0]},"_coverageSchema":"1a1c01bbd47fc00a2c39e90264f33305004495a9","hash":"49576a252a546361be47b996d9d181dbcae8b9bc"}
,"/home/armelki/Documents/projets/Ankata/backend/src/controllers/bookings.controller.js": {"path":"/home/armelki/Documents/projets/Ankata/backend/src/controllers/bookings.controller.js","statementMap":{"0":{"start":{"line":1,"column":19},"end":{"line":1,"column":47}},"1":{"start":{"line":2,"column":16},"end":{"line":2,"column":41}},"2":{"start":{"line":3,"column":20},"end":{"line":3,"column":49}},"3":{"start":{"line":4,"column":30},"end":{"line":4,"column":57}},"4":{"start":{"line":9,"column":4},"end":{"line":19,"column":5}},"5":{"start":{"line":10,"column":21},"end":{"line":10,"column":36}},"6":{"start":{"line":11,"column":23},"end":{"line":11,"column":70}},"7":{"start":{"line":12,"column":6},"end":{"line":12,"column":52}},"8":{"start":{"line":14,"column":6},"end":{"line":14,"column":60}},"9":{"start":{"line":15,"column":6},"end":{"line":18,"column":9}},"10":{"start":{"line":24,"column":4},"end":{"line":117,"column":5}},"11":{"start":{"line":25,"column":21},"end":{"line":25,"column":36}},"12":{"start":{"line":37,"column":10},"end":{"line":37,"column":18}},"13":{"start":{"line":40,"column":28},"end":{"line":40,"column":73}},"14":{"start":{"line":41,"column":35},"end":{"line":41,"column":76}},"15":{"start":{"line":42,"column":36},"end":{"line":42,"column":79}},"16":{"start":{"line":43,"column":28},"end":{"line":43,"column":80}},"17":{"start":{"line":45,"column":6},"end":{"line":49,"column":7}},"18":{"start":{"line":46,"column":8},"end":{"line":48,"column":11}},"19":{"start":{"line":52,"column":19},"end":{"line":52,"column":51}},"20":{"start":{"line":53,"column":6},"end":{"line":55,"column":7}},"21":{"start":{"line":54,"column":8},"end":{"line":54,"column":65}},"22":{"start":{"line":58,"column":23},"end":{"line":58,"column":63}},"23":{"start":{"line":59,"column":6},"end":{"line":61,"column":7}},"24":{"start":{"line":60,"column":8},"end":{"line":60,"column":87}},"25":{"start":{"line":64,"column":24},"end":{"line":64,"column":51}},"26":{"start":{"line":65,"column":25},"end":{"line":65,"column":80}},"27":{"start":{"line":66,"column":25},"end":{"line":66,"column":28}},"28":{"start":{"line":67,"column":26},"end":{"line":67,"column":77}},"29":{"start":{"line":70,"column":26},"end":{"line":70,"column":47}},"30":{"start":{"line":73,"column":22},"end":{"line":90,"column":8}},"31":{"start":{"line":93,"column":6},"end":{"line":93,"column":77}},"32":{"start":{"line":95,"column":6},"end":{"line":110,"column":9}},"33":{"start":{"line":112,"column":6},"end":{"line":112,"column":52}},"34":{"start":{"line":113,"column":6},"end":{"line":116,"column":9}},"35":{"start":{"line":122,"column":4},"end":{"line":157,"column":5}},"36":{"start":{"line":123,"column":21},"end":{"line":123,"column":36}},"37":{"start":{"line":124,"column":25},"end":{"line":124,"column":34}},"38":{"start":{"line":126,"column":6},"end":{"line":130,"column":7}},"39":{"start":{"line":127,"column":8},"end":{"line":129,"column":11}},"40":{"start":{"line":132,"column":23},"end":{"line":132,"column":63}},"41":{"start":{"line":134,"column":21},"end":{"line":134,"column":23}},"42":{"start":{"line":135,"column":6},"end":{"line":137,"column":7}},"43":{"start":{"line":136,"column":8},"end":{"line":136,"column":46}},"44":{"start":{"line":138,"column":6},"end":{"line":140,"column":7}},"45":{"start":{"line":139,"column":8},"end":{"line":139,"column":38}},"46":{"start":{"line":142,"column":6},"end":{"line":148,"column":7}},"47":{"start":{"line":143,"column":8},"end":{"line":143,"column":51}},"48":{"start":{"line":144,"column":13},"end":{"line":148,"column":7}},"49":{"start":{"line":145,"column":8},"end":{"line":145,"column":47}},"50":{"start":{"line":147,"column":8},"end":{"line":147,"column":69}},"51":{"start":{"line":150,"column":6},"end":{"line":150,"column":37}},"52":{"start":{"line":152,"column":6},"end":{"line":152,"column":53}},"53":{"start":{"line":153,"column":6},"end":{"line":156,"column":9}},"54":{"start":{"line":162,"column":4},"end":{"line":185,"column":5}},"55":{"start":{"line":163,"column":21},"end":{"line":163,"column":36}},"56":{"start":{"line":164,"column":28},"end":{"line":164,"column":38}},"57":{"start":{"line":166,"column":22},"end":{"line":166,"column":60}},"58":{"start":{"line":167,"column":6},"end":{"line":169,"column":7}},"59":{"start":{"line":168,"column":8},"end":{"line":168,"column":68}},"60":{"start":{"line":172,"column":6},"end":{"line":174,"column":7}},"61":{"start":{"line":173,"column":8},"end":{"line":173,"column":63}},"62":{"start":{"line":176,"column":6},"end":{"line":178,"column":9}},"63":{"start":{"line":180,"column":6},"end":{"line":180,"column":57}},"64":{"start":{"line":181,"column":6},"end":{"line":184,"column":9}},"65":{"start":{"line":190,"column":4},"end":{"line":217,"column":5}},"66":{"start":{"line":191,"column":30},"end":{"line":191,"column":40}},"67":{"start":{"line":193,"column":22},"end":{"line":193,"column":64}},"68":{"start":{"line":194,"column":6},"end":{"line":196,"column":7}},"69":{"start":{"line":195,"column":8},"end":{"line":195,"column":68}},"70":{"start":{"line":198,"column":6},"end":{"line":210,"column":9}},"71":{"start":{"line":212,"column":6},"end":{"line":212,"column":57}},"72":{"start":{"line":213,"column":6},"end":{"line":216,"column":9}},"73":{"start":{"line":222,"column":4},"end":{"line":265,"column":5}},"74":{"start":{"line":223,"column":21},"end":{"line":223,"column":36}},"75":{"start":{"line":224,"column":28},"end":{"line":224,"column":38}},"76":{"start":{"line":225,"column":25},"end":{"line":225,"column":33}},"77":{"start":{"line":227,"column":22},"end":{"line":227,"column":60}},"78":{"start":{"line":228,"column":6},"end":{"line":230,"column":7}},"79":{"start":{"line":229,"column":8},"end":{"line":229,"column":68}},"80":{"start":{"line":233,"column":6},"end":{"line":235,"column":7}},"81":{"start":{"line":234,"column":8},"end":{"line":234,"column":63}},"82":{"start":{"line":237,"column":28},"end":{"line":237,"column":60}},"83":{"start":{"line":238,"column":6},"end":{"line":240,"column":7}},"84":{"start":{"line":239,"column":8},"end":{"line":239,"column":78}},"85":{"start":{"line":243,"column":31},"end":{"line":243,"column":102}},"86":{"start":{"line":246,"column":23},"end":{"line":246,"column":72}},"87":{"start":{"line":247,"column":6},"end":{"line":253,"column":7}},"88":{"start":{"line":248,"column":31},"end":{"line":248,"column":58}},"89":{"start":{"line":249,"column":8},"end":{"line":252,"column":10}},"90":{"start":{"line":255,"column":6},"end":{"line":258,"column":9}},"91":{"start":{"line":260,"column":6},"end":{"line":260,"column":52}},"92":{"start":{"line":261,"column":6},"end":{"line":264,"column":9}},"93":{"start":{"line":269,"column":0},"end":{"line":269,"column":35}}},"fnMap":{"0":{"name":"(anonymous_0)","decl":{"start":{"line":8,"column":2},"end":{"line":8,"column":3}},"loc":{"start":{"line":8,"column":46},"end":{"line":20,"column":3}},"line":8},"1":{"name":"(anonymous_1)","decl":{"start":{"line":23,"column":2},"end":{"line":23,"column":3}},"loc":{"start":{"line":23,"column":39},"end":{"line":118,"column":3}},"line":23},"2":{"name":"(anonymous_2)","decl":{"start":{"line":121,"column":2},"end":{"line":121,"column":3}},"loc":{"start":{"line":121,"column":39},"end":{"line":158,"column":3}},"line":121},"3":{"name":"(anonymous_3)","decl":{"start":{"line":161,"column":2},"end":{"line":161,"column":3}},"loc":{"start":{"line":161,"column":43},"end":{"line":186,"column":3}},"line":161},"4":{"name":"(anonymous_4)","decl":{"start":{"line":189,"column":2},"end":{"line":189,"column":3}},"loc":{"start":{"line":189,"column":42},"end":{"line":218,"column":3}},"line":189},"5":{"name":"(anonymous_5)","decl":{"start":{"line":221,"column":2},"end":{"line":221,"column":3}},"loc":{"start":{"line":221,"column":39},"end":{"line":266,"column":3}},"line":221}},"branchMap":{"0":{"loc":{"start":{"line":35,"column":8},"end":{"line":35,"column":27}},"type":"default-arg","locations":[{"start":{"line":35,"column":26},"end":{"line":35,"column":27}}],"line":35},"1":{"loc":{"start":{"line":36,"column":8},"end":{"line":36,"column":28}},"type":"default-arg","locations":[{"start":{"line":36,"column":24},"end":{"line":36,"column":28}}],"line":36},"2":{"loc":{"start":{"line":40,"column":28},"end":{"line":40,"column":73}},"type":"cond-expr","locations":[{"start":{"line":40,"column":56},"end":{"line":40,"column":66}},{"start":{"line":40,"column":69},"end":{"line":40,"column":73}}],"line":40},"3":{"loc":{"start":{"line":41,"column":35},"end":{"line":41,"column":76}},"type":"binary-expr","locations":[{"start":{"line":41,"column":35},"end":{"line":41,"column":59}},{"start":{"line":41,"column":63},"end":{"line":41,"column":76}}],"line":41},"4":{"loc":{"start":{"line":42,"column":36},"end":{"line":42,"column":79}},"type":"binary-expr","locations":[{"start":{"line":42,"column":36},"end":{"line":42,"column":61}},{"start":{"line":42,"column":65},"end":{"line":42,"column":79}}],"line":42},"5":{"loc":{"start":{"line":43,"column":28},"end":{"line":43,"column":80}},"type":"binary-expr","locations":[{"start":{"line":43,"column":28},"end":{"line":43,"column":49}},{"start":{"line":43,"column":53},"end":{"line":43,"column":75}},{"start":{"line":43,"column":79},"end":{"line":43,"column":80}}],"line":43},"6":{"loc":{"start":{"line":45,"column":6},"end":{"line":49,"column":7}},"type":"if","locations":[{"start":{"line":45,"column":6},"end":{"line":49,"column":7}},{"start":{},"end":{}}],"line":45},"7":{"loc":{"start":{"line":45,"column":10},"end":{"line":45,"column":89}},"type":"binary-expr","locations":[{"start":{"line":45,"column":10},"end":{"line":45,"column":21}},{"start":{"line":45,"column":25},"end":{"line":45,"column":32}},{"start":{"line":45,"column":36},"end":{"line":45,"column":46}},{"start":{"line":45,"column":50},"end":{"line":45,"column":71}},{"start":{"line":45,"column":75},"end":{"line":45,"column":89}}],"line":45},"8":{"loc":{"start":{"line":53,"column":6},"end":{"line":55,"column":7}},"type":"if","locations":[{"start":{"line":53,"column":6},"end":{"line":55,"column":7}},{"start":{},"end":{}}],"line":53},"9":{"loc":{"start":{"line":59,"column":6},"end":{"line":61,"column":7}},"type":"if","locations":[{"start":{"line":59,"column":6},"end":{"line":61,"column":7}},{"start":{},"end":{}}],"line":59},"10":{"loc":{"start":{"line":59,"column":10},"end":{"line":59,"column":63}},"type":"binary-expr","locations":[{"start":{"line":59,"column":10},"end":{"line":59,"column":19}},{"start":{"line":59,"column":23},"end":{"line":59,"column":63}}],"line":59},"11":{"loc":{"start":{"line":80,"column":24},"end":{"line":80,"column":55}},"type":"binary-expr","locations":[{"start":{"line":80,"column":24},"end":{"line":80,"column":47}},{"start":{"line":80,"column":51},"end":{"line":80,"column":55}}],"line":80},"12":{"loc":{"start":{"line":83,"column":21},"end":{"line":83,"column":66}},"type":"cond-expr","locations":[{"start":{"line":83,"column":50},"end":{"line":83,"column":61}},{"start":{"line":83,"column":64},"end":{"line":83,"column":66}}],"line":83},"13":{"loc":{"start":{"line":126,"column":6},"end":{"line":130,"column":7}},"type":"if","locations":[{"start":{"line":126,"column":6},"end":{"line":130,"column":7}},{"start":{},"end":{}}],"line":126},"14":{"loc":{"start":{"line":126,"column":10},"end":{"line":126,"column":62}},"type":"binary-expr","locations":[{"start":{"line":126,"column":10},"end":{"line":126,"column":16}},{"start":{"line":126,"column":20},"end":{"line":126,"column":41}},{"start":{"line":126,"column":45},"end":{"line":126,"column":62}}],"line":126},"15":{"loc":{"start":{"line":135,"column":6},"end":{"line":137,"column":7}},"type":"if","locations":[{"start":{"line":135,"column":6},"end":{"line":137,"column":7}},{"start":{},"end":{}}],"line":135},"16":{"loc":{"start":{"line":135,"column":10},"end":{"line":135,"column":42}},"type":"binary-expr","locations":[{"start":{"line":135,"column":10},"end":{"line":135,"column":17}},{"start":{"line":135,"column":21},"end":{"line":135,"column":42}}],"line":135},"17":{"loc":{"start":{"line":138,"column":6},"end":{"line":140,"column":7}},"type":"if","locations":[{"start":{"line":138,"column":6},"end":{"line":140,"column":7}},{"start":{},"end":{}}],"line":138},"18":{"loc":{"start":{"line":138,"column":10},"end":{"line":138,"column":38}},"type":"binary-expr","locations":[{"start":{"line":138,"column":10},"end":{"line":138,"column":17}},{"start":{"line":138,"column":21},"end":{"line":138,"column":38}}],"line":138},"19":{"loc":{"start":{"line":142,"column":6},"end":{"line":148,"column":7}},"type":"if","locations":[{"start":{"line":142,"column":6},"end":{"line":148,"column":7}},{"start":{"line":144,"column":13},"end":{"line":148,"column":7}}],"line":142},"20":{"loc":{"start":{"line":144,"column":13},"end":{"line":148,"column":7}},"type":"if","locations":[{"start":{"line":144,"column":13},"end":{"line":148,"column":7}},{"start":{"line":146,"column":13},"end":{"line":148,"column":7}}],"line":144},"21":{"loc":{"start":{"line":167,"column":6},"end":{"line":169,"column":7}},"type":"if","locations":[{"start":{"line":167,"column":6},"end":{"line":169,"column":7}},{"start":{},"end":{}}],"line":167},"22":{"loc":{"start":{"line":172,"column":6},"end":{"line":174,"column":7}},"type":"if","locations":[{"start":{"line":172,"column":6},"end":{"line":174,"column":7}},{"start":{},"end":{}}],"line":172},"23":{"loc":{"start":{"line":194,"column":6},"end":{"line":196,"column":7}},"type":"if","locations":[{"start":{"line":194,"column":6},"end":{"line":196,"column":7}},{"start":{},"end":{}}],"line":194},"24":{"loc":{"start":{"line":228,"column":6},"end":{"line":230,"column":7}},"type":"if","locations":[{"start":{"line":228,"column":6},"end":{"line":230,"column":7}},{"start":{},"end":{}}],"line":228},"25":{"loc":{"start":{"line":233,"column":6},"end":{"line":235,"column":7}},"type":"if","locations":[{"start":{"line":233,"column":6},"end":{"line":235,"column":7}},{"start":{},"end":{}}],"line":233},"26":{"loc":{"start":{"line":238,"column":6},"end":{"line":240,"column":7}},"type":"if","locations":[{"start":{"line":238,"column":6},"end":{"line":240,"column":7}},{"start":{},"end":{}}],"line":238},"27":{"loc":{"start":{"line":243,"column":75},"end":{"line":243,"column":101}},"type":"binary-expr","locations":[{"start":{"line":243,"column":75},"end":{"line":243,"column":81}},{"start":{"line":243,"column":85},"end":{"line":243,"column":101}}],"line":243},"28":{"loc":{"start":{"line":247,"column":6},"end":{"line":253,"column":7}},"type":"if","locations":[{"start":{"line":247,"column":6},"end":{"line":253,"column":7}},{"start":{},"end":{}}],"line":247},"29":{"loc":{"start":{"line":248,"column":31},"end":{"line":248,"column":58}},"type":"binary-expr","locations":[{"start":{"line":248,"column":31},"end":{"line":248,"column":53}},{"start":{"line":248,"column":57},"end":{"line":248,"column":58}}],"line":248}},"s":{"0":1,"1":1,"2":1,"3":1,"4":0,"5":0,"6":0,"7":0,"8":0,"9":0,"10":0,"11":0,"12":0,"13":0,"14":0,"15":0,"16":0,"17":0,"18":0,"19":0,"20":0,"21":0,"22":0,"23":0,"24":0,"25":0,"26":0,"27":0,"28":0,"29":0,"30":0,"31":0,"32":0,"33":0,"34":0,"35":0,"36":0,"37":0,"38":0,"39":0,"40":0,"41":0,"42":0,"43":0,"44":0,"45":0,"46":0,"47":0,"48":0,"49":0,"50":0,"51":0,"52":0,"53":0,"54":0,"55":0,"56":0,"57":0,"58":0,"59":0,"60":0,"61":0,"62":0,"63":0,"64":0,"65":0,"66":0,"67":0,"68":0,"69":0,"70":0,"71":0,"72":0,"73":0,"74":0,"75":0,"76":0,"77":0,"78":0,"79":0,"80":0,"81":0,"82":0,"83":0,"84":0,"85":0,"86":0,"87":0,"88":0,"89":0,"90":0,"91":0,"92":0,"93":1},"f":{"0":0,"1":0,"2":0,"3":0,"4":0,"5":0},"b":{"0":[0],"1":[0],"2":[0,0],"3":[0,0],"4":[0,0],"5":[0,0,0],"6":[0,0],"7":[0,0,0,0,0],"8":[0,0],"9":[0,0],"10":[0,0],"11":[0,0],"12":[0,0],"13":[0,0],"14":[0,0,0],"15":[0,0],"16":[0,0],"17":[0,0],"18":[0,0],"19":[0,0],"20":[0,0],"21":[0,0],"22":[0,0],"23":[0,0],"24":[0,0],"25":[0,0],"26":[0,0],"27":[0,0],"28":[0,0],"29":[0,0]},"_coverageSchema":"1a1c01bbd47fc00a2c39e90264f33305004495a9","hash":"e37d4135016250758dbde2ff95cbce2ca03fc6f4"}
,"/home/armelki/Documents/projets/Ankata/backend/src/controllers/companies.controller.js": {"path":"/home/armelki/Documents/projets/Ankata/backend/src/controllers/companies.controller.js","statementMap":{"0":{"start":{"line":1,"column":21},"end":{"line":1,"column":49}},"1":{"start":{"line":2,"column":20},"end":{"line":2,"column":47}},"2":{"start":{"line":3,"column":13},"end":{"line":3,"column":46}},"3":{"start":{"line":8,"column":4},"end":{"line":28,"column":5}},"4":{"start":{"line":9,"column":41},"end":{"line":9,"column":50}},"5":{"start":{"line":11,"column":26},"end":{"line":11,"column":66}},"6":{"start":{"line":12,"column":27},"end":{"line":12,"column":52}},"7":{"start":{"line":14,"column":24},"end":{"line":14,"column":77}},"8":{"start":{"line":16,"column":6},"end":{"line":21,"column":9}},"9":{"start":{"line":23,"column":6},"end":{"line":23,"column":55}},"10":{"start":{"line":24,"column":6},"end":{"line":27,"column":9}},"11":{"start":{"line":33,"column":4},"end":{"line":57,"column":5}},"12":{"start":{"line":34,"column":28},"end":{"line":34,"column":38}},"13":{"start":{"line":36,"column":22},"end":{"line":36,"column":60}},"14":{"start":{"line":37,"column":6},"end":{"line":39,"column":7}},"15":{"start":{"line":38,"column":8},"end":{"line":38,"column":68}},"16":{"start":{"line":41,"column":20},"end":{"line":41,"column":58}},"17":{"start":{"line":42,"column":22},"end":{"line":42,"column":72}},"18":{"start":{"line":44,"column":6},"end":{"line":50,"column":9}},"19":{"start":{"line":52,"column":6},"end":{"line":52,"column":57}},"20":{"start":{"line":53,"column":6},"end":{"line":56,"column":9}},"21":{"start":{"line":62,"column":4},"end":{"line":86,"column":5}},"22":{"start":{"line":63,"column":23},"end":{"line":63,"column":33}},"23":{"start":{"line":65,"column":22},"end":{"line":65,"column":57}},"24":{"start":{"line":66,"column":6},"end":{"line":68,"column":7}},"25":{"start":{"line":67,"column":8},"end":{"line":67,"column":68}},"26":{"start":{"line":70,"column":20},"end":{"line":70,"column":59}},"27":{"start":{"line":71,"column":22},"end":{"line":71,"column":73}},"28":{"start":{"line":73,"column":6},"end":{"line":79,"column":9}},"29":{"start":{"line":81,"column":6},"end":{"line":81,"column":57}},"30":{"start":{"line":82,"column":6},"end":{"line":85,"column":9}},"31":{"start":{"line":91,"column":4},"end":{"line":119,"column":5}},"32":{"start":{"line":92,"column":28},"end":{"line":92,"column":38}},"33":{"start":{"line":93,"column":41},"end":{"line":93,"column":50}},"34":{"start":{"line":95,"column":22},"end":{"line":95,"column":60}},"35":{"start":{"line":96,"column":6},"end":{"line":98,"column":7}},"36":{"start":{"line":97,"column":8},"end":{"line":97,"column":68}},"37":{"start":{"line":100,"column":26},"end":{"line":100,"column":66}},"38":{"start":{"line":101,"column":27},"end":{"line":101,"column":52}},"39":{"start":{"line":103,"column":22},"end":{"line":103,"column":93}},"40":{"start":{"line":104,"column":20},"end":{"line":104,"column":64}},"41":{"start":{"line":106,"column":6},"end":{"line":112,"column":9}},"42":{"start":{"line":114,"column":6},"end":{"line":114,"column":57}},"43":{"start":{"line":115,"column":6},"end":{"line":118,"column":9}},"44":{"start":{"line":124,"column":4},"end":{"line":154,"column":5}},"45":{"start":{"line":125,"column":23},"end":{"line":125,"column":33}},"46":{"start":{"line":127,"column":22},"end":{"line":127,"column":57}},"47":{"start":{"line":128,"column":6},"end":{"line":130,"column":7}},"48":{"start":{"line":129,"column":8},"end":{"line":129,"column":68}},"49":{"start":{"line":132,"column":20},"end":{"line":138,"column":7}},"50":{"start":{"line":139,"column":21},"end":{"line":139,"column":58}},"51":{"start":{"line":141,"column":6},"end":{"line":147,"column":9}},"52":{"start":{"line":149,"column":6},"end":{"line":149,"column":59}},"53":{"start":{"line":150,"column":6},"end":{"line":153,"column":9}},"54":{"start":{"line":158,"column":0},"end":{"line":158,"column":35}}},"fnMap":{"0":{"name":"(anonymous_0)","decl":{"start":{"line":7,"column":2},"end":{"line":7,"column":3}},"loc":{"start":{"line":7,"column":41},"end":{"line":29,"column":3}},"line":7},"1":{"name":"(anonymous_1)","decl":{"start":{"line":32,"column":2},"end":{"line":32,"column":3}},"loc":{"start":{"line":32,"column":43},"end":{"line":58,"column":3}},"line":32},"2":{"name":"(anonymous_2)","decl":{"start":{"line":61,"column":2},"end":{"line":61,"column":3}},"loc":{"start":{"line":61,"column":42},"end":{"line":87,"column":3}},"line":61},"3":{"name":"(anonymous_3)","decl":{"start":{"line":90,"column":2},"end":{"line":90,"column":3}},"loc":{"start":{"line":90,"column":43},"end":{"line":120,"column":3}},"line":90},"4":{"name":"(anonymous_4)","decl":{"start":{"line":123,"column":2},"end":{"line":123,"column":3}},"loc":{"start":{"line":123,"column":45},"end":{"line":155,"column":3}},"line":123}},"branchMap":{"0":{"loc":{"start":{"line":9,"column":14},"end":{"line":9,"column":24}},"type":"default-arg","locations":[{"start":{"line":9,"column":22},"end":{"line":9,"column":24}}],"line":9},"1":{"loc":{"start":{"line":9,"column":26},"end":{"line":9,"column":36}},"type":"default-arg","locations":[{"start":{"line":9,"column":35},"end":{"line":9,"column":36}}],"line":9},"2":{"loc":{"start":{"line":11,"column":35},"end":{"line":11,"column":60}},"type":"binary-expr","locations":[{"start":{"line":11,"column":35},"end":{"line":11,"column":54}},{"start":{"line":11,"column":58},"end":{"line":11,"column":60}}],"line":11},"3":{"loc":{"start":{"line":12,"column":27},"end":{"line":12,"column":52}},"type":"binary-expr","locations":[{"start":{"line":12,"column":27},"end":{"line":12,"column":47}},{"start":{"line":12,"column":51},"end":{"line":12,"column":52}}],"line":12},"4":{"loc":{"start":{"line":37,"column":6},"end":{"line":39,"column":7}},"type":"if","locations":[{"start":{"line":37,"column":6},"end":{"line":39,"column":7}},{"start":{},"end":{}}],"line":37},"5":{"loc":{"start":{"line":66,"column":6},"end":{"line":68,"column":7}},"type":"if","locations":[{"start":{"line":66,"column":6},"end":{"line":68,"column":7}},{"start":{},"end":{}}],"line":66},"6":{"loc":{"start":{"line":93,"column":14},"end":{"line":93,"column":24}},"type":"default-arg","locations":[{"start":{"line":93,"column":22},"end":{"line":93,"column":24}}],"line":93},"7":{"loc":{"start":{"line":93,"column":26},"end":{"line":93,"column":36}},"type":"default-arg","locations":[{"start":{"line":93,"column":35},"end":{"line":93,"column":36}}],"line":93},"8":{"loc":{"start":{"line":96,"column":6},"end":{"line":98,"column":7}},"type":"if","locations":[{"start":{"line":96,"column":6},"end":{"line":98,"column":7}},{"start":{},"end":{}}],"line":96},"9":{"loc":{"start":{"line":100,"column":35},"end":{"line":100,"column":60}},"type":"binary-expr","locations":[{"start":{"line":100,"column":35},"end":{"line":100,"column":54}},{"start":{"line":100,"column":58},"end":{"line":100,"column":60}}],"line":100},"10":{"loc":{"start":{"line":101,"column":27},"end":{"line":101,"column":52}},"type":"binary-expr","locations":[{"start":{"line":101,"column":27},"end":{"line":101,"column":47}},{"start":{"line":101,"column":51},"end":{"line":101,"column":52}}],"line":101},"11":{"loc":{"start":{"line":128,"column":6},"end":{"line":130,"column":7}},"type":"if","locations":[{"start":{"line":128,"column":6},"end":{"line":130,"column":7}},{"start":{},"end":{}}],"line":128}},"s":{"0":1,"1":1,"2":1,"3":0,"4":0,"5":0,"6":0,"7":0,"8":0,"9":0,"10":0,"11":0,"12":0,"13":0,"14":0,"15":0,"16":0,"17":0,"18":0,"19":0,"20":0,"21":0,"22":0,"23":0,"24":0,"25":0,"26":0,"27":0,"28":0,"29":0,"30":0,"31":0,"32":0,"33":0,"34":0,"35":0,"36":0,"37":0,"38":0,"39":0,"40":0,"41":0,"42":0,"43":0,"44":0,"45":0,"46":0,"47":0,"48":0,"49":0,"50":0,"51":0,"52":0,"53":0,"54":1},"f":{"0":0,"1":0,"2":0,"3":0,"4":0},"b":{"0":[0],"1":[0],"2":[0,0],"3":[0,0],"4":[0,0],"5":[0,0],"6":[0],"7":[0],"8":[0,0],"9":[0,0],"10":[0,0],"11":[0,0]},"_coverageSchema":"1a1c01bbd47fc00a2c39e90264f33305004495a9","hash":"b8e4ad8f2c76a99fd7f8e0700f05e106e8e3b3ba"}
,"/home/armelki/Documents/projets/Ankata/backend/src/controllers/lines.controller.js": {"path":"/home/armelki/Documents/projets/Ankata/backend/src/controllers/lines.controller.js","statementMap":{"0":{"start":{"line":1,"column":18},"end":{"line":1,"column":43}},"1":{"start":{"line":2,"column":21},"end":{"line":2,"column":49}},"2":{"start":{"line":7,"column":4},"end":{"line":32,"column":5}},"3":{"start":{"line":8,"column":81},"end":{"line":8,"column":90}},"4":{"start":{"line":10,"column":26},"end":{"line":10,"column":66}},"5":{"start":{"line":11,"column":27},"end":{"line":11,"column":52}},"6":{"start":{"line":13,"column":22},"end":{"line":13,"column":24}},"7":{"start":{"line":14,"column":6},"end":{"line":14,"column":54}},"8":{"start":{"line":14,"column":22},"end":{"line":14,"column":54}},"9":{"start":{"line":15,"column":6},"end":{"line":15,"column":69}},"10":{"start":{"line":15,"column":27},"end":{"line":15,"column":69}},"11":{"start":{"line":16,"column":6},"end":{"line":16,"column":51}},"12":{"start":{"line":16,"column":21},"end":{"line":16,"column":51}},"13":{"start":{"line":18,"column":20},"end":{"line":18,"column":79}},"14":{"start":{"line":20,"column":6},"end":{"line":25,"column":9}},"15":{"start":{"line":27,"column":6},"end":{"line":27,"column":51}},"16":{"start":{"line":28,"column":6},"end":{"line":31,"column":9}},"17":{"start":{"line":37,"column":4},"end":{"line":100,"column":5}},"18":{"start":{"line":38,"column":52},"end":{"line":38,"column":61}},"19":{"start":{"line":40,"column":6},"end":{"line":44,"column":7}},"20":{"start":{"line":41,"column":8},"end":{"line":43,"column":11}},"21":{"start":{"line":47,"column":22},"end":{"line":47,"column":36}},"22":{"start":{"line":48,"column":6},"end":{"line":52,"column":7}},"23":{"start":{"line":49,"column":8},"end":{"line":51,"column":11}},"24":{"start":{"line":54,"column":20},"end":{"line":54,"column":77}},"25":{"start":{"line":57,"column":33},"end":{"line":85,"column":7}},"26":{"start":{"line":59,"column":28},"end":{"line":59,"column":71}},"27":{"start":{"line":60,"column":38},"end":{"line":79,"column":12}},"28":{"start":{"line":61,"column":12},"end":{"line":63,"column":13}},"29":{"start":{"line":62,"column":14},"end":{"line":62,"column":30}},"30":{"start":{"line":64,"column":37},"end":{"line":66,"column":42}},"31":{"start":{"line":66,"column":26},"end":{"line":66,"column":41}},"32":{"start":{"line":68,"column":14},"end":{"line":69,"column":23}},"33":{"start":{"line":70,"column":33},"end":{"line":73,"column":13}},"34":{"start":{"line":74,"column":35},"end":{"line":74,"column":77}},"35":{"start":{"line":75,"column":12},"end":{"line":78,"column":14}},"36":{"start":{"line":80,"column":10},"end":{"line":83,"column":12}},"37":{"start":{"line":87,"column":6},"end":{"line":93,"column":9}},"38":{"start":{"line":95,"column":6},"end":{"line":95,"column":50}},"39":{"start":{"line":96,"column":6},"end":{"line":99,"column":9}},"40":{"start":{"line":105,"column":4},"end":{"line":141,"column":5}},"41":{"start":{"line":106,"column":25},"end":{"line":106,"column":35}},"42":{"start":{"line":107,"column":23},"end":{"line":107,"column":32}},"43":{"start":{"line":109,"column":19},"end":{"line":109,"column":51}},"44":{"start":{"line":110,"column":6},"end":{"line":112,"column":7}},"45":{"start":{"line":111,"column":8},"end":{"line":111,"column":65}},"46":{"start":{"line":114,"column":20},"end":{"line":114,"column":52}},"47":{"start":{"line":116,"column":22},"end":{"line":116,"column":24}},"48":{"start":{"line":117,"column":6},"end":{"line":123,"column":7}},"49":{"start":{"line":118,"column":8},"end":{"line":118,"column":63}},"50":{"start":{"line":121,"column":23},"end":{"line":121,"column":59}},"51":{"start":{"line":122,"column":8},"end":{"line":122,"column":27}},"52":{"start":{"line":125,"column":22},"end":{"line":125,"column":66}},"53":{"start":{"line":127,"column":6},"end":{"line":134,"column":9}},"54":{"start":{"line":136,"column":6},"end":{"line":136,"column":54}},"55":{"start":{"line":137,"column":6},"end":{"line":140,"column":9}},"56":{"start":{"line":146,"column":4},"end":{"line":169,"column":5}},"57":{"start":{"line":147,"column":25},"end":{"line":147,"column":35}},"58":{"start":{"line":148,"column":23},"end":{"line":148,"column":32}},"59":{"start":{"line":150,"column":19},"end":{"line":150,"column":51}},"60":{"start":{"line":151,"column":6},"end":{"line":153,"column":7}},"61":{"start":{"line":152,"column":8},"end":{"line":152,"column":65}},"62":{"start":{"line":155,"column":24},"end":{"line":155,"column":66}},"63":{"start":{"line":157,"column":6},"end":{"line":162,"column":9}},"64":{"start":{"line":164,"column":6},"end":{"line":164,"column":51}},"65":{"start":{"line":165,"column":6},"end":{"line":168,"column":9}},"66":{"start":{"line":174,"column":4},"end":{"line":195,"column":5}},"67":{"start":{"line":175,"column":25},"end":{"line":175,"column":35}},"68":{"start":{"line":177,"column":19},"end":{"line":177,"column":51}},"69":{"start":{"line":178,"column":6},"end":{"line":180,"column":7}},"70":{"start":{"line":179,"column":8},"end":{"line":179,"column":65}},"71":{"start":{"line":182,"column":20},"end":{"line":182,"column":52}},"72":{"start":{"line":184,"column":6},"end":{"line":188,"column":9}},"73":{"start":{"line":190,"column":6},"end":{"line":190,"column":47}},"74":{"start":{"line":191,"column":6},"end":{"line":194,"column":9}},"75":{"start":{"line":199,"column":0},"end":{"line":199,"column":32}}},"fnMap":{"0":{"name":"(anonymous_0)","decl":{"start":{"line":6,"column":2},"end":{"line":6,"column":3}},"loc":{"start":{"line":6,"column":37},"end":{"line":33,"column":3}},"line":6},"1":{"name":"(anonymous_1)","decl":{"start":{"line":36,"column":2},"end":{"line":36,"column":3}},"loc":{"start":{"line":36,"column":37},"end":{"line":101,"column":3}},"line":36},"2":{"name":"(anonymous_2)","decl":{"start":{"line":58,"column":18},"end":{"line":58,"column":19}},"loc":{"start":{"line":58,"column":34},"end":{"line":84,"column":9}},"line":58},"3":{"name":"(anonymous_3)","decl":{"start":{"line":60,"column":52},"end":{"line":60,"column":53}},"loc":{"start":{"line":60,"column":66},"end":{"line":79,"column":11}},"line":60},"4":{"name":"(anonymous_4)","decl":{"start":{"line":66,"column":19},"end":{"line":66,"column":20}},"loc":{"start":{"line":66,"column":26},"end":{"line":66,"column":41}},"line":66},"5":{"name":"(anonymous_5)","decl":{"start":{"line":104,"column":2},"end":{"line":104,"column":3}},"loc":{"start":{"line":104,"column":40},"end":{"line":142,"column":3}},"line":104},"6":{"name":"(anonymous_6)","decl":{"start":{"line":145,"column":2},"end":{"line":145,"column":3}},"loc":{"start":{"line":145,"column":38},"end":{"line":170,"column":3}},"line":145},"7":{"name":"(anonymous_7)","decl":{"start":{"line":173,"column":2},"end":{"line":173,"column":3}},"loc":{"start":{"line":173,"column":34},"end":{"line":196,"column":3}},"line":173}},"branchMap":{"0":{"loc":{"start":{"line":8,"column":54},"end":{"line":8,"column":64}},"type":"default-arg","locations":[{"start":{"line":8,"column":62},"end":{"line":8,"column":64}}],"line":8},"1":{"loc":{"start":{"line":8,"column":66},"end":{"line":8,"column":76}},"type":"default-arg","locations":[{"start":{"line":8,"column":75},"end":{"line":8,"column":76}}],"line":8},"2":{"loc":{"start":{"line":10,"column":35},"end":{"line":10,"column":60}},"type":"binary-expr","locations":[{"start":{"line":10,"column":35},"end":{"line":10,"column":54}},{"start":{"line":10,"column":58},"end":{"line":10,"column":60}}],"line":10},"3":{"loc":{"start":{"line":11,"column":27},"end":{"line":11,"column":52}},"type":"binary-expr","locations":[{"start":{"line":11,"column":27},"end":{"line":11,"column":47}},{"start":{"line":11,"column":51},"end":{"line":11,"column":52}}],"line":11},"4":{"loc":{"start":{"line":14,"column":6},"end":{"line":14,"column":54}},"type":"if","locations":[{"start":{"line":14,"column":6},"end":{"line":14,"column":54}},{"start":{},"end":{}}],"line":14},"5":{"loc":{"start":{"line":15,"column":6},"end":{"line":15,"column":69}},"type":"if","locations":[{"start":{"line":15,"column":6},"end":{"line":15,"column":69}},{"start":{},"end":{}}],"line":15},"6":{"loc":{"start":{"line":16,"column":6},"end":{"line":16,"column":51}},"type":"if","locations":[{"start":{"line":16,"column":6},"end":{"line":16,"column":51}},{"start":{},"end":{}}],"line":16},"7":{"loc":{"start":{"line":40,"column":6},"end":{"line":44,"column":7}},"type":"if","locations":[{"start":{"line":40,"column":6},"end":{"line":44,"column":7}},{"start":{},"end":{}}],"line":40},"8":{"loc":{"start":{"line":40,"column":10},"end":{"line":40,"column":50}},"type":"binary-expr","locations":[{"start":{"line":40,"column":10},"end":{"line":40,"column":21}},{"start":{"line":40,"column":25},"end":{"line":40,"column":41}},{"start":{"line":40,"column":45},"end":{"line":40,"column":50}}],"line":40},"9":{"loc":{"start":{"line":48,"column":6},"end":{"line":52,"column":7}},"type":"if","locations":[{"start":{"line":48,"column":6},"end":{"line":52,"column":7}},{"start":{},"end":{}}],"line":48},"10":{"loc":{"start":{"line":61,"column":12},"end":{"line":63,"column":13}},"type":"if","locations":[{"start":{"line":61,"column":12},"end":{"line":63,"column":13}},{"start":{},"end":{}}],"line":61},"11":{"loc":{"start":{"line":61,"column":16},"end":{"line":61,"column":73}},"type":"binary-expr","locations":[{"start":{"line":61,"column":16},"end":{"line":61,"column":37}},{"start":{"line":61,"column":41},"end":{"line":61,"column":73}}],"line":61},"12":{"loc":{"start":{"line":64,"column":38},"end":{"line":64,"column":75}},"type":"binary-expr","locations":[{"start":{"line":64,"column":38},"end":{"line":64,"column":61}},{"start":{"line":64,"column":65},"end":{"line":64,"column":75}}],"line":64},"13":{"loc":{"start":{"line":110,"column":6},"end":{"line":112,"column":7}},"type":"if","locations":[{"start":{"line":110,"column":6},"end":{"line":112,"column":7}},{"start":{},"end":{}}],"line":110},"14":{"loc":{"start":{"line":117,"column":6},"end":{"line":123,"column":7}},"type":"if","locations":[{"start":{"line":117,"column":6},"end":{"line":123,"column":7}},{"start":{"line":119,"column":13},"end":{"line":123,"column":7}}],"line":117},"15":{"loc":{"start":{"line":151,"column":6},"end":{"line":153,"column":7}},"type":"if","locations":[{"start":{"line":151,"column":6},"end":{"line":153,"column":7}},{"start":{},"end":{}}],"line":151},"16":{"loc":{"start":{"line":159,"column":14},"end":{"line":159,"column":27}},"type":"binary-expr","locations":[{"start":{"line":159,"column":14},"end":{"line":159,"column":18}},{"start":{"line":159,"column":22},"end":{"line":159,"column":27}}],"line":159},"17":{"loc":{"start":{"line":178,"column":6},"end":{"line":180,"column":7}},"type":"if","locations":[{"start":{"line":178,"column":6},"end":{"line":180,"column":7}},{"start":{},"end":{}}],"line":178}},"s":{"0":1,"1":1,"2":0,"3":0,"4":0,"5":0,"6":0,"7":0,"8":0,"9":0,"10":0,"11":0,"12":0,"13":0,"14":0,"15":0,"16":0,"17":0,"18":0,"19":0,"20":0,"21":0,"22":0,"23":0,"24":0,"25":0,"26":0,"27":0,"28":0,"29":0,"30":0,"31":0,"32":0,"33":0,"34":0,"35":0,"36":0,"37":0,"38":0,"39":0,"40":0,"41":0,"42":0,"43":0,"44":0,"45":0,"46":0,"47":0,"48":0,"49":0,"50":0,"51":0,"52":0,"53":0,"54":0,"55":0,"56":0,"57":0,"58":0,"59":0,"60":0,"61":0,"62":0,"63":0,"64":0,"65":0,"66":0,"67":0,"68":0,"69":0,"70":0,"71":0,"72":0,"73":0,"74":0,"75":1},"f":{"0":0,"1":0,"2":0,"3":0,"4":0,"5":0,"6":0,"7":0},"b":{"0":[0],"1":[0],"2":[0,0],"3":[0,0],"4":[0,0],"5":[0,0],"6":[0,0],"7":[0,0],"8":[0,0,0],"9":[0,0],"10":[0,0],"11":[0,0],"12":[0,0],"13":[0,0],"14":[0,0],"15":[0,0],"16":[0,0],"17":[0,0]},"_coverageSchema":"1a1c01bbd47fc00a2c39e90264f33305004495a9","hash":"1f9c73c082cbab1378fe29e7ecd13af2513b4996"}
,"/home/armelki/Documents/projets/Ankata/backend/src/controllers/payments.controller.js": {"path":"/home/armelki/Documents/projets/Ankata/backend/src/controllers/payments.controller.js","statementMap":{"0":{"start":{"line":1,"column":21},"end":{"line":1,"column":49}},"1":{"start":{"line":2,"column":21},"end":{"line":2,"column":49}},"2":{"start":{"line":3,"column":26},"end":{"line":3,"column":67}},"3":{"start":{"line":8,"column":4},"end":{"line":84,"column":5}},"4":{"start":{"line":9,"column":21},"end":{"line":9,"column":36}},"5":{"start":{"line":13,"column":10},"end":{"line":13,"column":18}},"6":{"start":{"line":15,"column":6},"end":{"line":19,"column":7}},"7":{"start":{"line":16,"column":8},"end":{"line":18,"column":11}},"8":{"start":{"line":21,"column":31},"end":{"line":21,"column":74}},"9":{"start":{"line":22,"column":6},"end":{"line":26,"column":7}},"10":{"start":{"line":23,"column":8},"end":{"line":25,"column":11}},"11":{"start":{"line":28,"column":22},"end":{"line":28,"column":60}},"12":{"start":{"line":29,"column":6},"end":{"line":31,"column":7}},"13":{"start":{"line":30,"column":8},"end":{"line":30,"column":68}},"14":{"start":{"line":33,"column":6},"end":{"line":35,"column":7}},"15":{"start":{"line":34,"column":8},"end":{"line":34,"column":63}},"16":{"start":{"line":38,"column":22},"end":{"line":49,"column":8}},"17":{"start":{"line":52,"column":33},"end":{"line":59,"column":8}},"18":{"start":{"line":61,"column":6},"end":{"line":77,"column":9}},"19":{"start":{"line":79,"column":6},"end":{"line":79,"column":54}},"20":{"start":{"line":80,"column":6},"end":{"line":83,"column":9}},"21":{"start":{"line":89,"column":4},"end":{"line":139,"column":5}},"22":{"start":{"line":90,"column":28},"end":{"line":90,"column":38}},"23":{"start":{"line":95,"column":10},"end":{"line":95,"column":18}},"24":{"start":{"line":97,"column":22},"end":{"line":97,"column":60}},"25":{"start":{"line":98,"column":6},"end":{"line":100,"column":7}},"26":{"start":{"line":99,"column":8},"end":{"line":99,"column":68}},"27":{"start":{"line":102,"column":31},"end":{"line":102,"column":67}},"28":{"start":{"line":105,"column":29},"end":{"line":110,"column":7}},"29":{"start":{"line":113,"column":6},"end":{"line":127,"column":7}},"30":{"start":{"line":114,"column":8},"end":{"line":117,"column":10}},"31":{"start":{"line":118,"column":8},"end":{"line":121,"column":10}},"32":{"start":{"line":122,"column":13},"end":{"line":127,"column":7}},"33":{"start":{"line":123,"column":8},"end":{"line":126,"column":10}},"34":{"start":{"line":129,"column":6},"end":{"line":132,"column":9}},"35":{"start":{"line":134,"column":6},"end":{"line":134,"column":52}},"36":{"start":{"line":135,"column":6},"end":{"line":138,"column":9}},"37":{"start":{"line":144,"column":4},"end":{"line":166,"column":5}},"38":{"start":{"line":145,"column":21},"end":{"line":145,"column":36}},"39":{"start":{"line":146,"column":28},"end":{"line":146,"column":38}},"40":{"start":{"line":148,"column":22},"end":{"line":148,"column":60}},"41":{"start":{"line":149,"column":6},"end":{"line":151,"column":7}},"42":{"start":{"line":150,"column":8},"end":{"line":150,"column":68}},"43":{"start":{"line":153,"column":6},"end":{"line":155,"column":7}},"44":{"start":{"line":154,"column":8},"end":{"line":154,"column":63}},"45":{"start":{"line":157,"column":6},"end":{"line":159,"column":9}},"46":{"start":{"line":161,"column":6},"end":{"line":161,"column":57}},"47":{"start":{"line":162,"column":6},"end":{"line":165,"column":9}},"48":{"start":{"line":170,"column":21},"end":{"line":176,"column":5}},"49":{"start":{"line":177,"column":4},"end":{"line":177,"column":59}},"50":{"start":{"line":181,"column":4},"end":{"line":183,"column":5}},"51":{"start":{"line":182,"column":6},"end":{"line":182,"column":18}},"52":{"start":{"line":184,"column":23},"end":{"line":184,"column":50}},"53":{"start":{"line":185,"column":20},"end":{"line":194,"column":5}},"54":{"start":{"line":195,"column":4},"end":{"line":195,"column":39}},"55":{"start":{"line":199,"column":23},"end":{"line":199,"column":64}},"56":{"start":{"line":200,"column":4},"end":{"line":202,"column":5}},"57":{"start":{"line":201,"column":6},"end":{"line":201,"column":25}},"58":{"start":{"line":203,"column":4},"end":{"line":205,"column":5}},"59":{"start":{"line":204,"column":6},"end":{"line":204,"column":22}},"60":{"start":{"line":206,"column":4},"end":{"line":208,"column":5}},"61":{"start":{"line":207,"column":6},"end":{"line":207,"column":25}},"62":{"start":{"line":209,"column":4},"end":{"line":209,"column":21}},"63":{"start":{"line":213,"column":0},"end":{"line":213,"column":35}}},"fnMap":{"0":{
[...]
,"/home/armelki/Documents/projets/Ankata/backend/src/routes/payments.routes.js": {"path":"/home/armelki/Documents/projets/Ankata/backend/src/routes/payments.routes.js","statementMap":{"0":{"start":{"line":1,"column":16},"end":{"line":1,"column":34}},"1":{"start":{"line":2,"column":26},"end":{"line":2,"column":71}},"2":{"start":{"line":3,"column":27},"end":{"line":3,"column":56}},"3":{"start":{"line":5,"column":15},"end":{"line":5,"column":31}},"4":{"start":{"line":8,"column":0},"end":{"line":8,"column":68}},"5":{"start":{"line":11,"column":0},"end":{"line":11,"column":67}},"6":{"start":{"line":12,"column":0},"end":{"line":12,"column":67}},"7":{"start":{"line":15,"column":0},"end":{"line":15,"column":79}},"8":{"start":{"line":16,"column":0},"end":{"line":16,"column":86}},"9":{"start":{"line":18,"column":0},"end":{"line":18,"column":24}}},"fnMap":{},"branchMap":{},"s":{"0":1,"1":1,"2":1,"3":1,"4":1,"5":1,"6":1,"7":1,"8":1,"9":1},"f":{},"b":{},"_coverageSchema":"1a1c01bbd47fc00a2c39e90264f33305004495a9","hash":"f760fc94958514cb4cc2fb5b7c3b5bc0c76f0ef6"}
,"/home/armelki/Documents/projets/Ankata/backend/src/routes/ratings.routes.js": {"path":"/home/armelki/Documents/projets/Ankata/backend/src/routes/ratings.routes.js","statementMap":{"0":{"start":{"line":1,"column":16},"end":{"line":1,"column":34}},"1":{"start":{"line":2,"column":25},"end":{"line":2,"column":69}},"2":{"start":{"line":3,"column":27},"end":{"line":3,"column":56}},"3":{"start":{"line":5,"column":15},"end":{"line":5,"column":31}},"4":{"start":{"line":8,"column":0},"end":{"line":8,"column":73}},"5":{"start":{"line":11,"column":0},"end":{"line":11,"column":76}},"6":{"start":{"line":14,"column":0},"end":{"line":14,"column":64}},"7":{"start":{"line":17,"column":0},"end":{"line":17,"column":61}},"8":{"start":{"line":20,"column":0},"end":{"line":20,"column":70}},"9":{"start":{"line":22,"column":0},"end":{"line":22,"column":24}}},"fnMap":{},"branchMap":{},"s":{"0":1,"1":1,"2":1,"3":1,"4":1,"5":1,"6":1,"7":1,"8":1,"9":1},"f":{},"b":{},"_coverageSchema":"1a1c01bbd47fc00a2c39e90264f33305004495a9","hash":"600fa0a612346fd2abba91f6eaa6b9e1d1024416"}
,"/home/armelki/Documents/projets/Ankata/backend/src/routes/sotraco.routes.js": {"path":"/home/armelki/Documents/projets/Ankata/backend/src/routes/sotraco.routes.js","statementMap":{"0":{"start":{"line":1,"column":16},"end":{"line":1,"column":34}},"1":{"start":{"line":2,"column":15},"end":{"line":2,"column":31}},"2":{"start":{"line":3,"column":26},"end":{"line":3,"column":70}},"3":{"start":{"line":9,"column":0},"end":{"line":9,"column":64}},"4":{"start":{"line":13,"column":0},"end":{"line":13,"column":70}},"5":{"start":{"line":15,"column":0},"end":{"line":15,"column":24}}},"fnMap":{},"branchMap":{},"s":{"0":1,"1":1,"2":1,"3":1,"4":1,"5":1},"f":{},"b":{},"_coverageSchema":"1a1c01bbd47fc00a2c39e90264f33305004495a9","hash":"c25d86ab43016e83ad0b0ca37c1fe4851603ab86"}
,"/home/armelki/Documents/projets/Ankata/backend/src/routes/upload.routes.js": {"path":"/home/armelki/Documents/projets/Ankata/backend/src/routes/upload.routes.js","statementMap":{"0":{"start":{"line":1,"column":16},"end":{"line":1,"column":34}},"1":{"start":{"line":2,"column":15},"end":{"line":2,"column":32}},"2":{"start":{"line":3,"column":13},"end":{"line":3,"column":28}},"3":{"start":{"line":4,"column":27},"end":{"line":4,"column":56}},"4":{"start":{"line":5,"column":13},"end":{"line":5,"column":46}},"5":{"start":{"line":6,"column":17},"end":{"line":6,"column":46}},"6":{"start":{"line":7,"column":18},"end":{"line":7,"column":43}},"7":{"start":{"line":9,"column":15},"end":{"line":9,"column":31}},"8":{"start":{"line":11,"column":16},"end":{"line":11,"column":38}},"9":{"start":{"line":13,"column":19},"end":{"line":19,"column":1}},"10":{"start":{"line":14,"column":2},"end":{"line":18,"column":3}},"11":{"start":{"line":15,"column":4},"end":{"line":15,"column":19}},"12":{"start":{"line":17,"column":4},"end":{"line":17,"column":59}},"13":{"start":{"line":21,"column":15},"end":{"line":27,"column":2}},"14":{"start":{"line":29,"column":0},"end":{"line":97,"column":3}},"15":{"start":{"line":30,"column":2},"end":{"line":96,"column":3}},"16":{"start":{"line":31,"column":4},"end":{"line":33,"column":5}},"17":{"start":{"line":32,"column":6},"end":{"line":32,"column":70}},"18":{"start":{"line":35,"column":19},"end":{"line":35,"column":34}},"19":{"start":{"line":36,"column":17},"end":{"line":36,"column":49}},"20":{"start":{"line":37,"column":4},"end":{"line":39,"column":5}},"21":{"start":{"line":38,"column":6},"end":{"line":38,"column":71}},"22":{"start":{"line":41,"column":19},"end":{"line":41,"column":67}},"23":{"start":{"line":42,"column":18},"end":{"line":42,"column":63}},"24":{"start":{"line":43,"column":20},"end":{"line":43,"column":65}},"25":{"start":{"line":44,"column":23},"end":{"line":44,"column":53}},"26":{"start":{"line":46,"column":35},"end":{"line":51,"column":8}},"27":{"start":{"line":53,"column":4},"end":{"line":58,"column":5}},"28":{"start":{"line":54,"column":6},"end":{"line":57,"column":9}},"29":{"start":{"line":60,"column":53},"end":{"line":62,"column":52}},"30":{"start":{"line":64,"column":4},"end":{"line":69,"column":5}},"31":{"start":{"line":65,"column":6},"end":{"line":68,"column":9}},"32":{"start":{"line":72,"column":18},"end":{"line":77,"column":5}},"33":{"start":{"line":79,"column":19},"end":{"line":79,"column":64}},"34":{"start":{"line":81,"column":4},"end":{"line":83,"column":5}},"35":{"start":{"line":82,"column":6},"end":{"line":82,"column":71}},"36":{"start":{"line":85,"column":4},"end":{"line":89,"column":7}},"37":{"start":{"line":91,"column":4},"end":{"line":91,"column":61}},"38":{"start":{"line":92,"column":4},"end":{"line":95,"column":7}},"39":{"start":{"line":99,"column":0},"end":{"line":99,"column":24}}},"fnMap":{"0":{"name":"(anonymous_0)","decl":{"start":{"line":13,"column":19},"end":{"line":13,"column":20}},"loc":{"start":{"line":13,"column":38},"end":{"line":19,"column":1}},"line":13},"1":{"name":"(anonymous_1)","decl":{"start":{"line":29,"column":72},"end":{"line":29,"column":73}},"loc":{"start":{"line":29,"column":92},"end":{"line":97,"column":1}},"line":29}},"branchMap":{"0":{"loc":{"start":{"line":14,"column":2},"end":{"line":18,"column":3}},"type":"if","locations":[{"start":{"line":14,"column":2},"end":{"line":18,"column":3}},{"start":{"line":16,"column":9},"end":{"line":18,"column":3}}],"line":14},"1":{"loc":{"start":{"line":31,"column":4},"end":{"line":33,"column":5}},"type":"if","locations":[{"start":{"line":31,"column":4},"end":{"line":33,"column":5}},{"start":{},"end":{}}],"line":31},"2":{"loc":{"start":{"line":37,"column":4},"end":{"line":39,"column":5}},"type":"if","locations":[{"start":{"line":37,"column":4},"end":{"line":39,"column":5}},{"start":{},"end":{}}],"line":37},"3":{"loc":{"start":{"line":41,"column":19},"end":{"line":41,"column":67}},"type":"binary-expr","locations":[{"start":{"line":41,"column":19},"end":{"line":41,"column":54}},{"start":{"line":41,"column":58},"end":{"line":41,"column":67}}],"line":41},"4":{"loc":{"start":{"line":42,"column":19},"end":{"line":42,"column":42}},"type":"binary-expr","locations":[{"start":{"line":42,"column":19},"end":{"line":42,"column":36}},{"start":{"line":42,"column":40},"end":{"line":42,"column":42}}],"line":42},"5":{"loc":{"start":{"line":43,"column":20},"end":{"line":43,"column":65}},"type":"binary-expr","locations":[{"start":{"line":43,"column":20},"end":{"line":43,"column":55}},{"start":{"line":43,"column":59},"end":{"line":43,"column":65}}],"line":43},"6":{"loc":{"start":{"line":44,"column":26},"end":{"line":44,"column":41}},"type":"binary-expr","locations":[{"start":{"line":44,"column":26},"end":{"line":44,"column":31}},{"start":{"line":44,"column":35},"end":{"line":44,"column":41}}],"line":44},"7":{"loc":{"start":{"line":53,"column":4},"end":{"line":58,"column":5}},"type":"if","locations":[{"start":{"line":53,"column":4},"end":{"line":58,"column":5}},{"start":{},"end":{}}],"line":53},"8":{"loc":{"start":{"line":64,"column":4},"end":{"line":69,"column":5}},"type":"if","locations":[{"start":{"line":64,"column":4},"end":{"line":69,"column":5}},{"start":{},"end":{}}],"line":64},"9":{"loc":{"start":{"line":64,"column":8},"end":{"line":64,"column":45}},"type":"binary-expr","locations":[{"start":{"line":64,"column":8},"end":{"line":64,"column":19}},{"start":{"line":64,"column":23},"end":{"line":64,"column":45}}],"line":64},"10":{"loc":{"start":{"line":81,"column":4},"end":{"line":83,"column":5}},"type":"if","locations":[{"start":{"line":81,"column":4},"end":{"line":83,"column":5}},{"start":{},"end":{}}],"line":81}},"s":{"0":1,"1":1,"2":1,"3":1,"4":1,"5":1,"6":1,"7":1,"8":1,"9":1,"10":0,"11":0,"12":0,"13":1,"14":1,"15":0,"16":0,"17":0,"18":0,"19":0,"20":0,"21":0,"22":0,"23":0,"24":0,"25":0,"26":0,"27":0,"28":0,"29":0,"30":0,"31":0,"32":0,"33":0,"34":0,"35":0,"36":0,"37":0,"38":0,"39":1},"f":{"0":0,"1":0},"b":{"0":[0,0],"1":[0,0],"2":[0,0],"3":[0,0],"4":[0,0],"5":[0,0],"6":[0,0],"7":[0,0],"8":[0,0],"9":[0,0],"10":[0,0]},"_coverageSchema":"1a1c01bbd47fc00a2c39e90264f33305004495a9","hash":"7cc19b7fcfdb0089af04028e2ece789b0868a9fe"}
,"/home/armelki/Documents/projets/Ankata/backend/src/routes/users.routes.js": {"path":"/home/armelki/Documents/projets/Ankata/backend/src/routes/users.routes.js","statementMap":{"0":{"start":{"line":1,"column":16},"end":{"line":1,"column":34}},"1":{"start":{"line":2,"column":24},"end":{"line":2,"column":66}},"2":{"start":{"line":3,"column":27},"end":{"line":3,"column":56}},"3":{"start":{"line":5,"column":15},"end":{"line":5,"column":31}},"4":{"start":{"line":7,"column":0},"end":{"line":7,"column":63}},"5":{"start":{"line":9,"column":0},"end":{"line":9,"column":24}}},"fnMap":{},"branchMap":{},"s":{"0":1,"1":1,"2":1,"3":1,"4":1,"5":1},"f":{},"b":{},"_coverageSchema":"1a1c01bbd47fc00a2c39e90264f33305004495a9","hash":"b8f18f4e4c1c7b381350dd032b2117f7da8b21ed"}
,"/home/armelki/Documents/projets/Ankata/backend/src/services/payment.aggregator.js": {"path":"/home/armelki/Documents/projets/Ankata/backend/src/services/payment.aggregator.js","statementMap":{"0":{"start":{"line":18,"column":4},"end":{"line":18,"column":59}},"1":{"start":{"line":18,"column":33},"end":{"line":18,"column":57}},"2":{"start":{"line":21,"column":4},"end":{"line":23,"column":5}},"3":{"start":{"line":22,"column":6},"end":{"line":22,"column":55}},"4":{"start":{"line":25,"column":4},"end":{"line":25,"column":81}},"5":{"start":{"line":27,"column":4},"end":{"line":32,"column":6}},"6":{"start":{"line":43,"column":4},"end":{"line":43,"column":59}},"7":{"start":{"line":43,"column":33},"end":{"line":43,"column":57}},"8":{"start":{"line":45,"column":4},"end":{"line":45,"column":66}},"9":{"start":{"line":47,"column":4},"end":{"line":54,"column":6}},"10":{"start":{"line":58,"column":0},"end":{"line":58,"column":35}}},"fnMap":{"0":{"name":"(anonymous_0)","decl":{"start":{"line":16,"column":2},"end":{"line":16,"column":3}},"loc":{"start":{"line":16,"column":46},"end":{"line":33,"column":3}},"line":16},"1":{"name":"(anonymous_1)","decl":{"start":{"line":18,"column":22},"end":{"line":18,"column":23}},"loc":{"start":{"line":18,"column":33},"end":{"line":18,"column":57}},"line":18},"2":{"name":"(anonymous_2)","decl":{"start":{"line":41,"column":2},"end":{"line":41,"column":3}},"loc":{"start":{"line":41,"column":44},"end":{"line":55,"column":3}},"line":41},"3":{"name":"(anonymous_3)","decl":{"start":{"line":43,"column":22},"end":{"line":43,"column":23}},"loc":{"start":{"line":43,"column":33},"end":{"line":43,"column":57}},"line":43}},"branchMap":{"0":{"loc":{"start":{"line":21,"column":4},"end":{"line":23,"column":5}},"type":"if","locations":[{"start":{"line":21,"column":4},"end":{"line":23,"column":5}},{"start":{},"end":{}}],"line":21}},"s":{"0":0,"1":0,"2":0,"3":0,"4":0,"5":0,"6":0,"7":0,"8":0,"9":0,"10":1},"f":{"0":0,"1":0,"2":0,"3":0},"b":{"0":[0,0]},"_coverageSchema":"1a1c01bbd47fc00a2c39e90264f33305004495a9","hash":"3c48f63322932141e02a31ea5ebb95c68b3cf74e"}
,"/home/armelki/Documents/projets/Ankata/backend/src/utils/helpers.js": {"path":"/home/armelki/Documents/projets/Ankata/backend/src/utils/helpers.js","statementMap":{"0":{"start":{"line":1,"column":12},"end":{"line":1,"column":35}},"1":{"start":{"line":2,"column":15},"end":{"line":2,"column":32}},"2":{"start":{"line":4,"column":22},"end":{"line":14,"column":1}},"3":{"start":{"line":5,"column":2},"end":{"line":13,"column":4}},"4":{"start":{"line":16,"column":20},"end":{"line":22,"column":1}},"5":{"start":{"line":17,"column":2},"end":{"line":21,"column":3}},"6":{"start":{"line":18,"column":4},"end":{"line":18,"column":53}},"7":{"start":{"line":20,"column":4},"end":{"line":20,"column":67}},"8":{"start":{"line":24,"column":20},"end":{"line":31,"column":1}},"9":{"start":{"line":25,"column":17},"end":{"line":25,"column":29}},"10":{"start":{"line":26,"column":12},"end":{"line":26,"column":14}},"11":{"start":{"line":27,"column":2},"end":{"line":29,"column":3}},"12":{"start":{"line":27,"column":15},"end":{"line":27,"column":16}},"13":{"start":{"line":28,"column":4},"end":{"line":28,"column":50}},"14":{"start":{"line":30,"column":2},"end":{"line":30,"column":13}},"15":{"start":{"line":33,"column":28},"end":{"line":35,"column":1}},"16":{"start":{"line":34,"column":2},"end":{"line":34,"column":68}},"17":{"start":{"line":37,"column":25},"end":{"line":39,"column":1}},"18":{"start":{"line":38,"column":2},"end":{"line":38,"column":29}},"19":{"start":{"line":41,"column":21},"end":{"line":43,"column":1}},"20":{"start":{"line":42,"column":2},"end":{"line":42,"column":52}},"21":{"start":{"line":45,"column":24},"end":{"line":47,"column":1}},"22":{"start":{"line":46,"column":2},"end":{"line":46,"column":57}},"23":{"start":{"line":49,"column":26},"end":{"line":59,"column":1}},"24":{"start":{"line":51,"column":16},"end":{"line":51,"column":43}},"25":{"start":{"line":54,"column":2},"end":{"line":56,"column":3}},"26":{"start":{"line":55,"column":4},"end":{"line":55,"column":31}},"27":{"start":{"line":58,"column":2},"end":{"line":58,"column":17}},"28":{"start":{"line":61,"column":21},"end":{"line":69,"column":1}},"29":{"start":{"line":62,"column":16},"end":{"line":62,"column":26}},"30":{"start":{"line":63,"column":12},"end":{"line":63,"column":59}},"31":{"start":{"line":64,"column":20},"end":{"line":64,"column":61}},"32":{"start":{"line":65,"column":2},"end":{"line":67,"column":3}},"33":{"start":{"line":66,"column":4},"end":{"line":66,"column":10}},"34":{"start":{"line":68,"column":2},"end":{"line":68,"column":13}},"35":{"start":{"line":71,"column":26},"end":{"line":81,"column":1}},"36":{"start":{"line":72,"column":12},"end":{"line":72,"column":16}},"37":{"start":{"line":73,"column":15},"end":{"line":73,"column":44}},"38":{"start":{"line":74,"column":15},"end":{"line":74,"column":44}},"39":{"start":{"line":76,"column":4},"end":{"line":78,"column":43}},"40":{"start":{"line":79,"column":12},"end":{"line":79,"column":58}},"41":{"start":{"line":80,"column":2},"end":{"line":80,"column":15}},"42":{"start":{"line":83,"column":0},"end":{"line":94,"column":2}}},"fnMap":{"0":{"name":"(anonymous_0)","decl":{"start":{"line":4,"column":22},"end":{"line":4,"column":23}},"loc":{"start":{"line":4,"column":95},"end":{"line":14,"column":1}},"line":4},"1":{"name":"(anonymous_1)","decl":{"start":{"line":16,"column":20},"end":{"line":16,"column":21}},"loc":{"start":{"line":16,"column":31},"end":{"line":22,"column":1}},"line":16},"2":{"name":"(anonymous_2)","decl":{"start":{"line":24,"column":20},"end":{"line":24,"column":21}},"loc":{"start":{"line":24,"column":36},"end":{"line":31,"column":1}},"line":24},"3":{"name":"(anonymous_3)","decl":{"start":{"line":33,"column":28},"end":{"line":33,"column":29}},"loc":{"start":{"line":33,"column":34},"end":{"line":35,"column":1}},"line":33},"4":{"name":"(anonymous_4)","decl":{"start":{"line":37,"column":25},"end":{"line":37,"column":26}},"loc":{"start":{"line":37,"column":31},"end":{"line":39,"column":1}},"line":37},"5":{"name":"(anonymous_5)","decl":{"start":{"line":41,"column":21},"end":{"line":41,"column":22}},"loc":{"start":{"line":41,"column":35},"end":{"line":43,"column":1}},"line":41},"6":{"name":"(anonymous_6)","decl":{"start":{"line":45,"column":24},"end":{"line":45,"column":25}},"loc":{"start":{"line":45,"column":44},"end":{"line":47,"column":1}},"line":45},"7":{"name":"(anonymous_7)","decl":{"start":{"line":49,"column":26},"end":{"line":49,"column":27}},"loc":{"start":{"line":49,"column":37},"end":{"line":59,"column":1}},"line":49},"8":{"name":"(anonymous_8)","decl":{"start":{"line":61,"column":21},"end":{"line":61,"column":22}},"loc":{"start":{"line":61,"column":38},"end":{"line":69,"column":1}},"line":61},"9":{"name":"(anonymous_9)","decl":{"start":{"line":71,"column":26},"end":{"line":71,"column":27}},"loc":{"start":{"line":71,"column":54},"end":{"line":81,"column":1}},"line":71}},"branchMap":{"0":{"loc":{"start":{"line":4,"column":44},"end":{"line":4,"column":90}},"type":"default-arg","locations":[{"start":{"line":4,"column":56},"end":{"line":4,"column":90}}],"line":4},"1":{"loc":{"start":{"line":4,"column":56},"end":{"line":4,"column":90}},"type":"binary-expr","locations":[{"start":{"line":4,"column":56},"end":{"line":4,"column":82}},{"start":{"line":4,"column":86},"end":{"line":4,"column":90}}],"line":4},"2":{"loc":{"start":{"line":24,"column":21},"end":{"line":24,"column":31}},"type":"default-arg","locations":[{"start":{"line":24,"column":30},"end":{"line":24,"column":31}}],"line":24},"3":{"loc":{"start":{"line":54,"column":2},"end":{"line":56,"column":3}},"type":"if","locations":[{"start":{"line":54,"column":2},"end":{"line":56,"column":3}},{"start":{},"end":{}}],"line":54},"4":{"loc":{"start":{"line":65,"column":2},"end":{"line":67,"column":3}},"type":"if","locations":[{"start":{"line":65,"column":2},"end":{"line":67,"column":3}},{"start":{},"end":{}}],"line":65},"5":{"loc":{"start":{"line":65,"column":6},"end":{"line":65,"column":83}},"type":"binary-expr","locations":[{"start":{"line":65,"column":6},"end":{"line":65,"column":19}},{"start":{"line":65,"column":24},"end":{"line":65,"column":39}},{"start":{"line":65,"column":43},"end":{"line":65,"column":82}}],"line":65}},"s":{"0":1,"1":1,"2":1,"3":2,"4":1,"5":0,"6":0,"7":0,"8":1,"9":0,"10":0,"11":0,"12":0,"13":0,"14":0,"15":1,"16":0,"17":1,"18":0,"19":1,"20":0,"21":1,"22":0,"23":1,"24":3,"25":3,"26":3,"27":3,"28":1,"29":0,"30":0,"31":0,"32":0,"33":0,"34":0,"35":1,"36":0,"37":0,"38":0,"39":0,"40":0,"41":0,"42":1},"f":{"0":2,"1":0,"2":0,"3":0,"4":0,"5":0,"6":0,"7":3,"8":0,"9":0},"b":{"0":[2],"1":[2,0],"2":[0],"3":[3,0],"4":[0,0],"5":[0,0,0]},"_coverageSchema":"1a1c01bbd47fc00a2c39e90264f33305004495a9","hash":"7287314f97f312eb87f24b45164f238a6141293e"}
}
