TN:
SF:src/index.js
FN:78,(anonymous_0)
FN:84,(anonymous_1)
FN:94,(anonymous_2)
FN:119,(anonymous_3)
FN:127,(anonymous_4)
FN:147,(anonymous_5)
FNF:6
FNH:2
FNDA:3,(anonymous_0)
FNDA:0,(anonymous_1)
FNDA:0,(anonymous_2)
FNDA:0,(anonymous_3)
FNDA:0,(anonymous_4)
FNDA:1,(anonymous_5)
DA:1,1
DA:2,1
DA:5,1
DA:6,1
DA:8,1
DA:9,1
DA:10,1
DA:11,1
DA:12,1
DA:15,1
DA:18,1
DA:19,1
DA:20,1
DA:21,1
DA:22,1
DA:23,1
DA:24,1
DA:25,1
DA:26,1
DA:27,1
DA:28,1
DA:31,1
DA:34,1
DA:48,1
DA:49,1
DA:69,1
DA:70,1
DA:73,1
DA:74,1
DA:75,1
DA:78,1
DA:79,3
DA:80,3
DA:84,1
DA:85,0
DA:94,1
DA:95,0
DA:104,1
DA:107,1
DA:108,1
DA:109,1
DA:110,1
DA:111,1
DA:112,1
DA:113,1
DA:114,1
DA:115,1
DA:116,1
DA:119,1
DA:120,0
DA:127,1
DA:128,0
DA:135,0
DA:136,0
DA:138,0
DA:146,1
DA:147,1
DA:148,1
DA:149,1
DA:150,1
DA:153,1
LF:61
LH:54
BRDA:35,0,0,1
BRDA:35,0,1,0
BRDA:50,1,0,0
BRDA:50,1,1,1
BRDA:62,2,0,1
BRDA:62,2,1,0
BRDA:135,3,0,0
BRDA:135,3,1,0
BRDA:136,4,0,0
BRDA:136,4,1,0
BRDA:141,5,0,0
BRDA:141,5,1,0
BRDA:146,6,0,1
BRDA:146,6,1,1
BRDA:146,6,2,0
BRDA:149,7,0,1
BRDA:149,7,1,0
BRDA:150,8,0,1
BRDA:150,8,1,0
BRF:19
BRH:7
end_of_record
TN:
SF:src/config/validate-env.js
FN:20,validateEnv
FN:46,(anonymous_1)
FN:54,(anonymous_2)
FNF:3
FNH:1
FNDA:1,validateEnv
FNDA:0,(anonymous_1)
FNDA:0,(anonymous_2)
DA:6,1
DA:12,1
DA:21,1
DA:22,1
DA:25,1
DA:26,3
DA:27,0
DA:32,1
DA:33,0
DA:37,1
DA:38,5
DA:39,1
DA:44,1
DA:45,0
DA:46,0
DA:47,0
DA:48,0
DA:52,1
DA:53,0
DA:54,0
DA:57,1
DA:60,1
LF:22
LH:14
BRDA:26,0,0,0
BRDA:26,0,1,3
BRDA:32,1,0,0
BRDA:32,1,1,1
BRDA:32,2,0,1
BRDA:32,2,1,1
BRDA:38,3,0,1
BRDA:38,3,1,4
BRDA:44,4,0,0
BRDA:44,4,1,1
BRDA:52,5,0,0
BRDA:52,5,1,1
BRDA:52,6,0,1
BRDA:52,6,1,1
BRF:14
BRH:10
end_of_record
TN:
SF:src/controllers/auth.controller.js
FN:10,(anonymous_0)
FN:14,(anonymous_1)
FN:29,(anonymous_2)
FN:147,(anonymous_3)
FN:198,(anonymous_4)
FN:277,(anonymous_5)
FN:302,(anonymous_6)
FN:337,(anonymous_7)
FN:376,(anonymous_8)
FNF:9
FNH:3
FNDA:1,(anonymous_0)
FNDA:0,(anonymous_1)
FNDA:1,(anonymous_2)
FNDA:2,(anonymous_3)
FNDA:0,(anonymous_4)
FNDA:0,(anonymous_5)
FNDA:0,(anonymous_6)
FNDA:0,(anonymous_7)
FNDA:0,(anonymous_8)
DA:1,1
DA:2,1
DA:3,1
DA:4,1
DA:5,1
DA:6,1
DA:7,1
DA:10,1
DA:11,1
DA:14,1
DA:15,0
DA:16,0
DA:18,0
DA:19,0
DA:23,0
DA:24,0
DA:31,1
DA:32,1
DA:34,1
DA:35,0
DA:38,1
DA:40,1
DA:41,1
DA:42,0
DA:45,1
DA:46,1
DA:47,1
DA:48,1
DA:52,1
DA:53,1
DA:54,1
DA:55,1
DA:59,1
DA:63,1
DA:64,1
DA:67,1
DA:68,1
DA:69,0
DA:74,0
DA:75,0
DA:78,0
DA:82,0
DA:85,0
DA:86,0
DA:87,0
DA:88,0
DA:90,0
DA:94,0
DA:96,0
DA:101,1
DA:114,1
DA:115,0
DA:120,1
DA:126,1
DA:128,1
DA:129,1
DA:131,1
DA:138,0
DA:139,0
DA:140,0
DA:142,1
DA:148,2
DA:149,2
DA:151,2
DA:152,0
DA:155,2
DA:156,2
DA:158,2
DA:159,1
DA:162,1
DA:163,0
DA:166,1
DA:167,1
DA:168,0
DA:171,1
DA:172,1
DA:174,1
DA:192,0
DA:193,0
DA:199,0
DA:200,0
DA:202,0
DA:203,0
DA:206,0
DA:207,0
DA:209,0
DA:210,0
DA:211,0
DA:216,0
DA:217,0
DA:218,0
DA:220,0
DA:221,0
DA:225,0
DA:227,0
DA:240,0
DA:241,0
DA:242,0
DA:244,0
DA:246,0
DA:249,0
DA:250,0
DA:252,0
DA:271,0
DA:272,0
DA:278,0
DA:279,0
DA:280,0
DA:282,0
DA:283,0
DA:284,0
DA:287,0
DA:288,0
DA:291,0
DA:296,0
DA:297,0
DA:303,0
DA:304,0
DA:306,0
DA:307,0
DA:310,0
DA:311,0
DA:313,0
DA:314,0
DA:317,0
DA:318,0
DA:320,0
DA:321,0
DA:324,0
DA:325,0
DA:327,0
DA:329,0
DA:331,0
DA:332,0
DA:338,0
DA:339,0
DA:340,0
DA:342,0
DA:343,0
DA:346,0
DA:350,0
DA:367,0
DA:368,0
DA:377,0
DA:378,0
DA:388,0
DA:390,0
DA:401,0
DA:402,0
DA:405,0
DA:409,0
DA:427,0
DA:428,0
DA:436,1
LF:154
LH:51
BRDA:15,0,0,0
BRDA:15,0,1,0
BRDA:16,1,0,0
BRDA:16,1,1,0
BRDA:18,2,0,0
BRDA:18,2,1,0
BRDA:23,3,0,0
BRDA:23,3,1,0
BRDA:23,4,0,0
BRDA:23,4,1,0
BRDA:34,5,0,0
BRDA:34,5,1,1
BRDA:34,6,0,1
BRDA:34,6,1,1
BRDA:34,6,2,1
BRDA:34,6,3,1
BRDA:34,6,4,1
BRDA:34,6,5,1
BRDA:34,6,6,1
BRDA:34,6,7,1
BRDA:41,7,0,0
BRDA:41,7,1,1
BRDA:68,8,0,0
BRDA:68,8,1,1
BRDA:68,9,0,1
BRDA:68,9,1,0
BRDA:74,10,0,0
BRDA:74,10,1,0
BRDA:85,11,0,0
BRDA:85,11,1,0
BRDA:87,12,0,0
BRDA:87,12,1,0
BRDA:114,13,0,0
BRDA:114,13,1,1
BRDA:138,14,0,0
BRDA:138,14,1,0
BRDA:142,15,0,1
BRDA:142,15,1,0
BRDA:151,16,0,0
BRDA:151,16,1,2
BRDA:151,17,0,2
BRDA:151,17,1,2
BRDA:158,18,0,1
BRDA:158,18,1,1
BRDA:162,19,0,0
BRDA:162,19,1,1
BRDA:167,20,0,0
BRDA:167,20,1,1
BRDA:202,21,0,0
BRDA:202,21,1,0
BRDA:210,22,0,0
BRDA:210,22,1,0
BRDA:217,23,0,0
BRDA:217,23,1,0
BRDA:220,24,0,0
BRDA:220,24,1,0
BRDA:225,25,0,0
BRDA:225,25,1,0
BRDA:228,26,0,0
BRDA:228,26,1,0
BRDA:229,27,0,0
BRDA:229,27,1,0
BRDA:230,28,0,0
BRDA:230,28,1,0
BRDA:237,29,0,0
BRDA:237,29,1,0
BRDA:240,30,0,0
BRDA:240,30,1,0
BRDA:244,31,0,0
BRDA:244,31,1,0
BRDA:256,32,0,0
BRDA:256,32,1,0
BRDA:257,33,0,0
BRDA:257,33,1,0
BRDA:258,34,0,0
BRDA:258,34,1,0
BRDA:259,35,0,0
BRDA:259,35,1,0
BRDA:263,36,0,0
BRDA:263,36,1,0
BRDA:264,37,0,0
BRDA:264,37,1,0
BRDA:283,38,0,0
BRDA:283,38,1,0
BRDA:287,39,0,0
BRDA:287,39,1,0
BRDA:287,40,0,0
BRDA:287,40,1,0
BRDA:306,41,0,0
BRDA:306,41,1,0
BRDA:306,42,0,0
BRDA:306,42,1,0
BRDA:306,42,2,0
BRDA:306,42,3,0
BRDA:313,43,0,0
BRDA:313,43,1,0
BRDA:320,44,0,0
BRDA:320,44,1,0
BRDA:320,45,0,0
BRDA:320,45,1,0
BRDA:342,46,0,0
BRDA:342,46,1,0
BRDA:360,47,0,0
BRDA:360,47,1,0
BRDA:401,48,0,0
BRDA:401,48,1,0
BRDA:421,49,0,0
BRDA:421,49,1,0
BRF:108
BRH:21
end_of_record
TN:
SF:src/controllers/bookings.controller.js
FN:8,(anonymous_0)
FN:23,(anonymous_1)
FN:121,(anonymous_2)
FN:161,(anonymous_3)
FN:189,(anonymous_4)
FN:221,(anonymous_5)
FNF:6
FNH:0
FNDA:0,(anonymous_0)
FNDA:0,(anonymous_1)
FNDA:0,(anonymous_2)
FNDA:0,(anonymous_3)
FNDA:0,(anonymous_4)
FNDA:0,(anonymous_5)
DA:1,1
DA:2,1
DA:3,1
DA:4,1
DA:9,0
DA:10,0
DA:11,0
DA:12,0
DA:14,0
DA:15,0
DA:24,0
DA:25,0
DA:37,0
DA:40,0
DA:41,0
DA:42,0
DA:43,0
DA:45,0
DA:46,0
DA:52,0
DA:53,0
DA:54,0
DA:58,0
DA:59,0
DA:60,0
DA:64,0
DA:65,0
DA:66,0
DA:67,0
DA:70,0
DA:73,0
DA:93,0
DA:95,0
DA:112,0
DA:113,0
DA:122,0
DA:123,0
DA:124,0
DA:126,0
DA:127,0
DA:132,0
DA:134,0
DA:135,0
DA:136,0
DA:138,0
DA:139,0
DA:142,0
DA:143,0
DA:144,0
DA:145,0
DA:147,0
DA:150,0
DA:152,0
DA:153,0
DA:162,0
DA:163,0
DA:164,0
DA:166,0
DA:167,0
DA:168,0
DA:172,0
DA:173,0
DA:176,0
DA:180,0
DA:181,0
DA:190,0
DA:191,0
DA:193,0
DA:194,0
DA:195,0
DA:198,0
DA:212,0
DA:213,0
DA:222,0
DA:223,0
DA:224,0
DA:225,0
DA:227,0
DA:228,0
DA:229,0
DA:233,0
DA:234,0
DA:237,0
DA:238,0
DA:239,0
DA:243,0
DA:246,0
DA:247,0
DA:248,0
DA:249,0
DA:255,0
DA:260,0
DA:261,0
DA:269,1
LF:94
LH:5
BRDA:35,0,0,0
BRDA:36,1,0,0
BRDA:40,2,0,0
BRDA:40,2,1,0
BRDA:41,3,0,0
BRDA:41,3,1,0
BRDA:42,4,0,0
BRDA:42,4,1,0
BRDA:43,5,0,0
BRDA:43,5,1,0
BRDA:43,5,2,0
BRDA:45,6,0,0
BRDA:45,6,1,0
BRDA:45,7,0,0
BRDA:45,7,1,0
BRDA:45,7,2,0
BRDA:45,7,3,0
BRDA:45,7,4,0
BRDA:53,8,0,0
BRDA:53,8,1,0
BRDA:59,9,0,0
BRDA:59,9,1,0
BRDA:59,10,0,0
BRDA:59,10,1,0
BRDA:80,11,0,0
BRDA:80,11,1,0
BRDA:83,12,0,0
BRDA:83,12,1,0
BRDA:126,13,0,0
BRDA:126,13,1,0
BRDA:126,14,0,0
BRDA:126,14,1,0
BRDA:126,14,2,0
BRDA:135,15,0,0
BRDA:135,15,1,0
BRDA:135,16,0,0
BRDA:135,16,1,0
BRDA:138,17,0,0
BRDA:138,17,1,0
BRDA:138,18,0,0
BRDA:138,18,1,0
BRDA:142,19,0,0
BRDA:142,19,1,0
BRDA:144,20,0,0
BRDA:144,20,1,0
BRDA:167,21,0,0
BRDA:167,21,1,0
BRDA:172,22,0,0
BRDA:172,22,1,0
BRDA:194,23,0,0
BRDA:194,23,1,0
BRDA:228,24,0,0
BRDA:228,24,1,0
BRDA:233,25,0,0
BRDA:233,25,1,0
BRDA:238,26,0,0
BRDA:238,26,1,0
BRDA:243,27,0,0
BRDA:243,27,1,0
BRDA:247,28,0,0
BRDA:247,28,1,0
BRDA:248,29,0,0
BRDA:248,29,1,0
BRF:63
BRH:0
end_of_record
TN:
SF:src/controllers/companies.controller.js
FN:7,(anonymous_0)
FN:32,(anonymous_1)
FN:61,(anonymous_2)
FN:90,(anonymous_3)
FN:123,(anonymous_4)
FNF:5
FNH:0
FNDA:0,(anonymous_0)
FNDA:0,(anonymous_1)
FNDA:0,(anonymous_2)
FNDA:0,(anonymous_3)
FNDA:0,(anonymous_4)
DA:1,1
DA:2,1
DA:3,1
DA:8,0
DA:9,0
DA:11,0
DA:12,0
DA:14,0
DA:16,0
DA:23,0
DA:24,0
DA:33,0
DA:34,0
DA:36,0
DA:37,0
DA:38,0
DA:41,0
DA:42,0
DA:44,0
DA:52,0
DA:53,0
DA:62,0
DA:63,0
DA:65,0
DA:66,0
DA:67,0
DA:70,0
DA:71,0
DA:73,0
DA:81,0
DA:82,0
DA:91,0
DA:92,0
DA:93,0
DA:95,0
DA:96,0
DA:97,0
DA:100,0
DA:101,0
DA:103,0
DA:104,0
DA:106,0
DA:114,0
DA:115,0
DA:124,0
DA:125,0
DA:127,0
DA:128,0
DA:129,0
DA:132,0
DA:139,0
DA:141,0
DA:149,0
DA:150,0
DA:158,1
LF:55
LH:4
BRDA:9,0,0,0
BRDA:9,1,0,0
BRDA:11,2,0,0
BRDA:11,2,1,0
BRDA:12,3,0,0
BRDA:12,3,1,0
BRDA:37,4,0,0
BRDA:37,4,1,0
BRDA:66,5,0,0
BRDA:66,5,1,0
BRDA:93,6,0,0
BRDA:93,7,0,0
BRDA:96,8,0,0
BRDA:96,8,1,0
BRDA:100,9,0,0
BRDA:100,9,1,0
BRDA:101,10,0,0
BRDA:101,10,1,0
BRDA:128,11,0,0
BRDA:128,11,1,0
BRF:20
BRH:0
end_of_record
TN:
SF:src/controllers/lines.controller.js
FN:6,(anonymous_0)
FN:36,(anonymous_1)
FN:58,(anonymous_2)
FN:60,(anonymous_3)
FN:66,(anonymous_4)
FN:104,(anonymous_5)
FN:145,(anonymous_6)
FN:173,(anonymous_7)
FNF:8
FNH:0
FNDA:0,(anonymous_0)
FNDA:0,(anonymous_1)
FNDA:0,(anonymous_2)
FNDA:0,(anonymous_3)
FNDA:0,(anonymous_4)
FNDA:0,(anonymous_5)
FNDA:0,(anonymous_6)
FNDA:0,(anonymous_7)
DA:1,1
DA:2,1
DA:7,0
DA:8,0
DA:10,0
DA:11,0
DA:13,0
DA:14,0
DA:15,0
DA:16,0
DA:18,0
DA:20,0
DA:27,0
DA:28,0
DA:37,0
DA:38,0
DA:40,0
DA:41,0
DA:47,0
DA:48,0
DA:49,0
DA:54,0
DA:57,0
DA:59,0
DA:60,0
DA:61,0
DA:62,0
DA:64,0
DA:66,0
DA:68,0
DA:70,0
DA:74,0
DA:75,0
DA:80,0
DA:87,0
DA:95,0
DA:96,0
DA:105,0
DA:106,0
DA:107,0
DA:109,0
DA:110,0
DA:111,0
DA:114,0
DA:116,0
DA:117,0
DA:118,0
DA:121,0
DA:122,0
DA:125,0
DA:127,0
DA:136,0
DA:137,0
DA:146,0
DA:147,0
DA:148,0
DA:150,0
DA:151,0
DA:152,0
DA:155,0
DA:157,0
DA:164,0
DA:165,0
DA:174,0
DA:175,0
DA:177,0
DA:178,0
DA:179,0
DA:182,0
DA:184,0
DA:190,0
DA:191,0
DA:199,1
LF:73
LH:3
BRDA:8,0,0,0
BRDA:8,1,0,0
BRDA:10,2,0,0
BRDA:10,2,1,0
BRDA:11,3,0,0
BRDA:11,3,1,0
BRDA:14,4,0,0
BRDA:14,4,1,0
BRDA:15,5,0,0
BRDA:15,5,1,0
BRDA:16,6,0,0
BRDA:16,6,1,0
BRDA:40,7,0,0
BRDA:40,7,1,0
BRDA:40,8,0,0
BRDA:40,8,1,0
BRDA:40,8,2,0
BRDA:48,9,0,0
BRDA:48,9,1,0
BRDA:61,10,0,0
BRDA:61,10,1,0
BRDA:61,11,0,0
BRDA:61,11,1,0
BRDA:64,12,0,0
BRDA:64,12,1,0
BRDA:110,13,0,0
BRDA:110,13,1,0
BRDA:117,14,0,0
BRDA:117,14,1,0
BRDA:151,15,0,0
BRDA:151,15,1,0
BRDA:159,16,0,0
BRDA:159,16,1,0
BRDA:178,17,0,0
BRDA:178,17,1,0
BRF:35
BRH:0
end_of_record
TN:
SF:src/controllers/payments.controller.js
FN:7,(anonymous_0)
FN:88,(anonymous_1)
FN:143,(anonymous_2)
FN:169,(anonymous_3)
FN:180,(anonymous_4)
FN:198,(anonymous_5)
FNF:6
FNH:0
FNDA:0,(anonymous_0)
FNDA:0,(anonymous_1)
FNDA:0,(anonymous_2)
FNDA:0,(anonymous_3)
FNDA:0,(anonymous_4)
FNDA:0,(anonymous_5)
DA:1,1
DA:2,1
DA:3,1
DA:8,0
DA:9,0
DA:13,0
DA:15,0
DA:16,0
DA:21,0
DA:22,0
DA:23,0
DA:28,0
DA:29,0
DA:30,0
DA:33,0
DA:34,0
DA:38,0
DA:52,0
DA:61,0
DA:79,0
DA:80,0
DA:89,0
DA:90,0
DA:95,0
DA:97,0
DA:98,0
DA:99,0
DA:102,0
DA:105,0
DA:113,0
DA:114,0
DA:118,0
DA:122,0
DA:123,0
DA:129,0
DA:134,0
DA:135,0
DA:144,0
DA:145,0
DA:146,0
DA:148,0
DA:149,0
DA:150,0
DA:153,0
DA:154,0
DA:157,0
DA:161,0
DA:162,0
DA:170,0
DA:177,0
DA:181,0
DA:182,0
DA:184,0
DA:185,0
DA:195,0
DA:199,0
DA:200,0
DA:201,0
DA:203,0
DA:204,0
DA:206,0
DA:207,0
DA:209,0
DA:213,1
LF:64
LH:4
BRDA:15,0,0,0
BRDA:15,0,1,0
BRDA:15,1,0,0
BRDA:15,1,1,0
BRDA:22,2,0,0
BRDA:22,2,1,0
BRDA:29,3,0,0
BRDA:29,3,1,0
BRDA:33,4,0,0
BRDA:33,4,1,0
BRDA:98,5,0,0
BRDA:98,5,1,0
BRDA:113,6,0,0
BRDA:113,6,1,0
BRDA:122,7,0,0
BRDA:122,7,1,0
BRDA:149,8,0,0
BRDA:149,8,1,0
BRDA:153,9,0,0
BRDA:153,9,1,0
BRDA:177,10,0,0
BRDA:177,10,1,0
BRDA:181,11,0,0
BRDA:181,11,1,0
BRDA:181,12,0,0
BRDA:181,12,1,0
BRDA:195,13,0,0
BRDA:195,13,1,0
BRDA:199,14,0,0
BRDA:199,14,1,0
BRDA:200,15,0,0
BRDA:200,15,1,0
BRDA:200,16,0,0
BRDA:200,16,1,0
BRDA:200,16,2,0
BRDA:203,17,0,0
BRDA:203,17,1,0
BRDA:203,18,0,0
BRDA:203,18,1,0
BRDA:206,19,0,0
BRDA:206,19,1,0
BRDA:206,20,0,0
BRDA:206,20,1,0
BRF:43
BRH:0
end_of_record
TN:
SF:src/controllers/ratings.controller.js
FN:7,(anonymous_0)
FN:102,(anonymous_1)
FN:127,(anonymous_2)
FN:154,(anonymous_3)
FN:189,(anonymous_4)
FNF:5
FNH:0
FNDA:0,(anonymous_0)
FNDA:0,(anonymous_1)
FNDA:0,(anonymous_2)
FNDA:0,(anonymous_3)
FNDA:0,(anonymous_4)
DA:1,1
DA:2,1
DA:3,1
DA:8,0
DA:9,0
DA:21,0
DA:24,0
DA:25,0
DA:31,0
DA:32,0
DA:35,0
DA:36,0
DA:37,0
DA:38,0
DA:42,0
DA:43,0
DA:47,0
DA:48,0
DA:49,0
DA:50,0
DA:51,0
DA:55,0
DA:56,0
DA:57,0
DA:62,0
DA:76,0
DA:77,0
DA:88,0
DA:93,0
DA:94,0
DA:103,0
DA:104,0
DA:105,0
DA:107,0
DA:108,0
DA:110,0
DA:112,0
DA:118,0
DA:119,0
DA:128,0
DA:129,0
DA:130,0
DA:132,0
DA:133,0
DA:135,0
DA:136,0
DA:138,0
DA:145,0
DA:146,0
DA:155,0
DA:156,0
DA:157,0
DA:159,0
DA:160,0
DA:162,0
DA:163,0
DA:173,0
DA:175,0
DA:180,0
DA:181,0
DA:190,0
DA:191,0
DA:192,0
DA:194,0
DA:195,0
DA:196,0
DA:198,0
DA:199,0
DA:202,0
DA:206,0
DA:207,0
DA:215,1
LF:72
LH:4
BRDA:24,0,0,0
BRDA:24,0,1,0
BRDA:24,1,0,0
BRDA:24,1,1,0
BRDA:24,1,2,0
BRDA:31,2,0,0
BRDA:31,2,1,0
BRDA:31,3,0,0
BRDA:31,3,1,0
BRDA:35,4,0,0
BRDA:35,4,1,0
BRDA:37,5,0,0
BRDA:37,5,1,0
BRDA:37,6,0,0
BRDA:37,6,1,0
BRDA:42,7,0,0
BRDA:42,7,1,0
BRDA:50,8,0,0
BRDA:50,8,1,0
BRDA:56,9,0,0
BRDA:56,9,1,0
BRDA:68,10,0,0
BRDA:68,10,1,0
BRDA:69,11,0,0
BRDA:69,11,1,0
BRDA:70,12,0,0
BRDA:70,12,1,0
BRDA:70,12,2,0
BRDA:71,13,0,0
BRDA:71,13,1,0
BRDA:77,14,0,0
BRDA:77,14,1,0
BRDA:105,15,0,0
BRDA:105,16,0,0
BRDA:107,17,0,0
BRDA:107,17,1,0
BRDA:108,18,0,0
BRDA:108,18,1,0
BRDA:130,19,0,0
BRDA:130,20,0,0
BRDA:132,21,0,0
BRDA:132,21,1,0
BRDA:133,22,0,0
BRDA:133,22,1,0
BRDA:157,23,0,0
BRDA:157,24,0,0
BRDA:159,25,0,0
BRDA:159,25,1,0
BRDA:160,26,0,0
BRDA:160,26,1,0
BRDA:198,27,0,0
BRDA:198,27,1,0
BRF:52
BRH:0
end_of_record
TN:
SF:src/controllers/sotraco.controller.js
FN:4,(anonymous_0)
FN:19,(anonymous_1)
FN:41,(anonymous_2)
FN:77,(anonymous_3)
FNF:4
FNH:0
FNDA:0,(anonymous_0)
FNDA:0,(anonymous_1)
FNDA:0,(anonymous_2)
FNDA:0,(anonymous_3)
DA:1,1
DA:5,0
DA:11,0
DA:12,0
DA:20,0
DA:21,0
DA:23,0
DA:24,0
DA:27,0
DA:28,0
DA:29,0
DA:31,0
DA:32,0
DA:33,0
DA:41,0
DA:55,0
DA:56,0
DA:58,0
DA:59,0
DA:61,0
DA:65,0
DA:69,0
DA:70,0
DA:78,0
DA:79,0
DA:81,0
DA:82,0
DA:83,0
DA:89,0
DA:100,0
DA:101,0
DA:103,0
DA:104,0
DA:109,0
DA:112,0
DA:116,0
DA:117,0
DA:122,1
LF:38
LH:2
BRDA:21,0,0,0
BRDA:23,1,0,0
BRDA:23,1,1,0
BRDA:23,2,0,0
BRDA:23,2,1,0
BRDA:32,3,0,0
BRDA:32,3,1,0
BRDA:44,4,0,0
BRDA:44,4,1,0
BRDA:47,5,0,0
BRDA:47,5,1,0
BRDA:58,6,0,0
BRDA:58,6,1,0
BRDA:58,7,0,0
BRDA:58,7,1,0
BRDA:82,8,0,0
BRDA:82,8,1,0
BRDA:103,9,0,0
BRDA:103,9,1,0
BRDA:103,10,0,0
BRDA:103,10,1,0
BRF:21
BRH:0
end_of_record
TN:
SF:src/controllers/users.controller.js
FN:4,(anonymous_0)
FN:18,(anonymous_1)
FNF:2
FNH:0
FNDA:0,(anonymous_0)
FNDA:0,(anonymous_1)
DA:1,1
DA:2,1
DA:4,1
DA:5,0
DA:6,0
DA:8,0
DA:9,0
DA:13,0
DA:14,0
DA:19,0
DA:20,0
DA:21,0
DA:23,0
DA:24,0
DA:34,0
DA:36,0
DA:45,0
DA:46,0
DA:49,0
DA:53,0
DA:69,0
DA:70,0
DA:78,1
LF:23
LH:4
BRDA:5,0,0,0
BRDA:5,0,1,0
BRDA:6,1,0,0
BRDA:6,1,1,0
BRDA:8,2,0,0
BRDA:8,2,1,0
BRDA:13,3,0,0
BRDA:13,3,1,0
BRDA:13,4,0,0
BRDA:13,4,1,0
BRDA:23,5,0,0
BRDA:23,5,1,0
BRDA:45,6,0,0
BRDA:45,6,1,0
BRDA:65,7,0,0
BRDA:65,7,1,0
BRF:16
BRH:0
end_of_record
TN:
SF:src/middleware/auth.js
FN:14,(anonymous_0)
FN:54,(anonymous_1)
FNF:2
FNH:0
FNDA:0,(anonymous_0)
FNDA:0,(anonymous_1)
DA:1,1
DA:2,1
DA:4,1
DA:14,1
DA:15,0
DA:16,0
DA:18,0
DA:19,0
DA:25,0
DA:26,0
DA:28,0
DA:29,0
DA:31,0
DA:33,0
DA:34,0
DA:40,0
DA:41,0
DA:47,0
DA:54,1
DA:55,0
DA:56,0
DA:58,0
DA:59,0
DA:60,0
DA:61,0
DA:64,0
DA:66,0
DA:67,0
DA:71,1
LF:29
LH:6
BRDA:5,0,0,1
BRDA:5,0,1,0
BRDA:18,1,0,0
BRDA:18,1,1,0
BRDA:18,2,0,0
BRDA:18,2,1,0
BRDA:33,3,0,0
BRDA:33,3,1,0
BRDA:40,4,0,0
BRDA:40,4,1,0
BRDA:58,5,0,0
BRDA:58,5,1,0
BRDA:58,6,0,0
BRDA:58,6,1,0
BRF:14
BRH:1
end_of_record
TN:
SF:src/middleware/auth.middleware.js
FN:3,(anonymous_0)
FN:41,(anonymous_1)
FNF:2
FNH:0
FNDA:0,(anonymous_0)
FNDA:0,(anonymous_1)
DA:1,1
DA:3,1
DA:4,0
DA:5,0
DA:7,0
DA:8,0
DA:14,0
DA:15,0
DA:16,0
DA:18,0
DA:20,0
DA:21,0
DA:27,0
DA:28,0
DA:34,0
DA:41,1
DA:42,0
DA:43,0
DA:45,0
DA:46,0
DA:47,0
DA:48,0
DA:51,0
DA:54,0
DA:58,1
LF:25
LH:4
BRDA:7,0,0,0
BRDA:7,0,1,0
BRDA:15,1,0,0
BRDA:15,1,1,0
BRDA:15,1,2,0
BRDA:20,2,0,0
BRDA:20,2,1,0
BRDA:27,3,0,0
BRDA:27,3,1,0
BRDA:45,4,0,0
BRDA:45,4,1,0
BRDA:47,5,0,0
BRDA:47,5,1,0
BRDA:47,5,2,0
BRF:14
BRH:0
end_of_record
TN:
SF:src/models/Booking.js
FN:4,(anonymous_0)
FN:19,(anonymous_1)
FN:44,(anonymous_2)
FN:50,(anonymous_3)
FN:56,(anonymous_4)
FN:82,(anonymous_5)
FN:103,(anonymous_6)
FN:104,(anonymous_7)
FN:109,(anonymous_8)
FN:120,(anonymous_9)
FN:131,(anonymous_10)
FN:142,(anonymous_11)
FNF:12
FNH:2
FNDA:1,(anonymous_0)
FNDA:0,(anonymous_1)
FNDA:2,(anonymous_2)
FNDA:0,(anonymous_3)
FNDA:0,(anonymous_4)
FNDA:0,(anonymous_5)
FNDA:0,(anonymous_6)
FNDA:0,(anonymous_7)
FNDA:0,(anonymous_8)
FNDA:0,(anonymous_9)
FNDA:0,(anonymous_10)
FNDA:0,(anonymous_11)
DA:1,2
DA:5,1
DA:15,1
DA:16,1
DA:24,0
DA:26,0
DA:35,0
DA:41,0
DA:45,2
DA:46,2
DA:47,2
DA:51,0
DA:52,0
DA:53,0
DA:57,0
DA:65,0
DA:66,0
DA:68,0
DA:69,0
DA:70,0
DA:71,0
DA:74,0
DA:76,0
DA:78,0
DA:79,0
DA:83,0
DA:85,0
DA:101,0
DA:103,0
DA:104,0
DA:106,0
DA:110,0
DA:116,0
DA:117,0
DA:121,0
DA:127,0
DA:128,0
DA:132,0
DA:138,0
DA:139,0
DA:143,0
DA:144,0
DA:145,0
DA:149,2
LF:44
LH:8
BRDA:37,0,0,0
BRDA:37,0,1,0
BRDA:37,1,0,0
BRDA:37,1,1,0
BRDA:38,2,0,0
BRDA:38,2,1,0
BRDA:38,3,0,0
BRDA:38,3,1,0
BRDA:38,4,0,0
BRDA:38,4,1,0
BRDA:47,5,0,2
BRDA:47,5,1,1
BRDA:53,6,0,0
BRDA:53,6,1,0
BRDA:56,7,0,0
BRDA:56,8,0,0
BRDA:56,9,0,0
BRDA:68,10,0,0
BRDA:68,10,1,0
BRDA:109,11,0,0
BRDA:117,12,0,0
BRDA:117,12,1,0
BRDA:128,13,0,0
BRDA:128,13,1,0
BRDA:139,14,0,0
BRDA:139,14,1,0
BRF:26
BRH:2
end_of_record
TN:
SF:src/models/Company.js
FN:4,(anonymous_0)
FN:15,(anonymous_1)
FN:21,(anonymous_2)
FN:27,(anonymous_3)
FN:48,(anonymous_4)
FN:59,(anonymous_5)
FNF:6
FNH:0
FNDA:0,(anonymous_0)
FNDA:0,(anonymous_1)
FNDA:0,(anonymous_2)
FNDA:0,(anonymous_3)
FNDA:0,(anonymous_4)
FNDA:0,(anonymous_5)
DA:1,1
DA:5,0
DA:11,0
DA:12,0
DA:16,0
DA:17,0
DA:18,0
DA:22,0
DA:23,0
DA:24,0
DA:31,0
DA:33,0
DA:41,0
DA:45,0
DA:49,0
DA:55,0
DA:56,0
DA:60,0
DA:75,0
DA:76,0
DA:80,1
LF:21
LH:2
BRDA:4,0,0,0
BRDA:4,1,0,0
BRDA:18,2,0,0
BRDA:18,2,1,0
BRDA:24,3,0,0
BRDA:24,3,1,0
BRDA:56,4,0,0
BRDA:56,4,1,0
BRDA:76,5,0,0
BRDA:76,5,1,0
BRF:10
BRH:0
end_of_record
TN:
SF:src/models/Favorite.js
FN:4,(anonymous_0)
FN:16,(anonymous_1)
FN:22,(anonymous_2)
FN:39,(anonymous_3)
FNF:4
FNH:0
FNDA:0,(anonymous_0)
FNDA:0,(anonymous_1)
FNDA:0,(anonymous_2)
FNDA:0,(anonymous_3)
DA:1,1
DA:5,0
DA:6,0
DA:12,0
DA:13,0
DA:17,0
DA:18,0
DA:19,0
DA:26,0
DA:27,0
DA:28,0
DA:31,0
DA:32,0
DA:35,0
DA:36,0
DA:40,0
DA:41,0
DA:42,0
DA:46,1
LF:19
LH:2
BRDA:26,0,0,0
BRDA:26,0,1,0
BRDA:26,1,0,0
BRDA:26,1,1,0
BRDA:36,2,0,0
BRDA:36,2,1,0
BRF:6
BRH:0
end_of_record
TN:
SF:src/models/Line.js
FN:4,(anonymous_0)
FN:40,(anonymous_1)
FN:51,(anonymous_2)
FN:62,(anonymous_3)
FN:86,(anonymous_4)
FN:105,(anonymous_5)
FN:115,(anonymous_6)
FNF:7
FNH:0
FNDA:0,(anonymous_0)
FNDA:0,(anonymous_1)
FNDA:0,(anonymous_2)
FNDA:0,(anonymous_3)
FNDA:0,(anonymous_4)
FNDA:0,(anonymous_5)
FNDA:0,(anonymous_6)
DA:1,1
DA:5,0
DA:11,0
DA:12,0
DA:14,0
DA:15,0
DA:16,0
DA:17,0
DA:20,0
DA:21,0
DA:22,0
DA:23,0
DA:26,0
DA:27,0
DA:28,0
DA:29,0
DA:32,0
DA:34,0
DA:36,0
DA:37,0
DA:41,0
DA:47,0
DA:48,0
DA:52,0
DA:58,0
DA:59,0
DA:67,0
DA:69,0
DA:78,0
DA:83,0
DA:87,0
DA:91,0
DA:93,0
DA:94,0
DA:96,0
DA:99,0
DA:101,0
DA:102,0
DA:106,0
DA:111,0
DA:112,0
DA:116,0
DA:138,0
DA:139,0
DA:143,1
LF:45
LH:2
BRDA:4,0,0,0
BRDA:4,1,0,0
BRDA:4,2,0,0
BRDA:14,3,0,0
BRDA:14,3,1,0
BRDA:20,4,0,0
BRDA:20,4,1,0
BRDA:26,5,0,0
BRDA:26,5,1,0
BRDA:48,6,0,0
BRDA:48,6,1,0
BRDA:59,7,0,0
BRDA:59,7,1,0
BRDA:86,8,0,0
BRDA:93,9,0,0
BRDA:93,9,1,0
BRF:16
BRH:0
end_of_record
TN:
SF:src/models/Payment.js
FN:4,(anonymous_0)
FN:25,(anonymous_1)
FN:31,(anonymous_2)
FN:37,(anonymous_3)
FN:68,(anonymous_4)
FNF:5
FNH:0
FNDA:0,(anonymous_0)
FNDA:0,(anonymous_1)
FNDA:0,(anonymous_2)
FNDA:0,(anonymous_3)
FNDA:0,(anonymous_4)
DA:1,1
DA:8,0
DA:10,0
DA:17,0
DA:22,0
DA:26,0
DA:27,0
DA:28,0
DA:32,0
DA:33,0
DA:34,0
DA:38,0
DA:39,0
DA:40,0
DA:42,0
DA:43,0
DA:44,0
DA:45,0
DA:48,0
DA:49,0
DA:50,0
DA:51,0
DA:54,0
DA:55,0
DA:58,0
DA:64,0
DA:65,0
DA:69,0
DA:70,0
DA:71,0
DA:75,1
LF:31
LH:2
BRDA:6,0,0,0
BRDA:7,1,0,0
BRDA:28,2,0,0
BRDA:28,2,1,0
BRDA:34,3,0,0
BRDA:34,3,1,0
BRDA:37,4,0,0
BRDA:37,5,0,0
BRDA:42,6,0,0
BRDA:42,6,1,0
BRDA:48,7,0,0
BRDA:48,7,1,0
BRDA:54,8,0,0
BRDA:54,8,1,0
BRDA:65,9,0,0
BRDA:65,9,1,0
BRF:16
BRH:0
end_of_record
TN:
SF:src/models/Rating.js
FN:4,(anonymous_0)
FN:28,(anonymous_1)
FN:37,(anonymous_2)
FN:43,(anonymous_3)
FN:56,(anonymous_4)
FN:69,(anonymous_5)
FN:86,(anonymous_6)
FN:92,(anonymous_7)
FN:98,(anonymous_8)
FNF:9
FNH:0
FNDA:0,(anonymous_0)
FNDA:0,(anonymous_1)
FNDA:0,(anonymous_2)
FNDA:0,(anonymous_3)
FNDA:0,(anonymous_4)
FNDA:0,(anonymous_5)
FNDA:0,(anonymous_6)
FNDA:0,(anonymous_7)
FNDA:0,(anonymous_8)
DA:1,1
DA:9,0
DA:11,0
DA:19,0
DA:25,0
DA:29,0
DA:33,0
DA:34,0
DA:38,0
DA:39,0
DA:40,0
DA:44,0
DA:52,0
DA:53,0
DA:57,0
DA:65,0
DA:66,0
DA:70,0
DA:82,0
DA:83,0
DA:87,0
DA:88,0
DA:89,0
DA:93,0
DA:94,0
DA:95,0
DA:99,0
DA:100,0
DA:101,0
DA:105,1
LF:30
LH:2
BRDA:40,0,0,0
BRDA:40,0,1,0
BRDA:43,1,0,0
BRDA:43,2,0,0
BRDA:56,3,0,0
BRDA:56,4,0,0
BRDA:83,5,0,0
BRDA:83,5,1,0
BRDA:89,6,0,0
BRDA:89,6,1,0
BRF:10
BRH:0
end_of_record
TN:
SF:src/models/Schedule.js
FN:4,(anonymous_0)
FN:10,(anonymous_1)
FN:23,(anonymous_2)
FN:34,(anonymous_3)
FN:45,(anonymous_4)
FN:56,(anonymous_5)
FNF:6
FNH:0
FNDA:0,(anonymous_0)
FNDA:0,(anonymous_1)
FNDA:0,(anonymous_2)
FNDA:0,(anonymous_3)
FNDA:0,(anonymous_4)
FNDA:0,(anonymous_5)
DA:1,1
DA:5,0
DA:6,0
DA:7,0
DA:12,0
DA:13,0
DA:19,0
DA:20,0
DA:24,0
DA:30,0
DA:31,0
DA:35,0
DA:41,0
DA:42,0
DA:46,0
DA:52,0
DA:53,0
DA:57,0
DA:62,0
DA:63,0
DA:67,1
LF:21
LH:2
BRDA:7,0,0,0
BRDA:7,0,1,0
BRDA:10,1,0,0
BRDA:12,2,0,0
BRDA:12,2,1,0
BRDA:20,3,0,0
BRDA:20,3,1,0
BRDA:31,4,0,0
BRDA:31,4,1,0
BRDA:42,5,0,0
BRDA:42,5,1,0
BRDA:53,6,0,0
BRDA:53,6,1,0
BRF:13
BRH:0
end_of_record
TN:
SF:src/models/User.js
FN:4,(anonymous_0)
FN:10,(anonymous_1)
FN:16,(anonymous_2)
FN:22,(anonymous_3)
FN:38,(anonymous_4)
FN:75,(anonymous_5)
FN:86,(anonymous_6)
FN:97,(anonymous_7)
FN:108,(anonymous_8)
FNF:9
FNH:0
FNDA:0,(anonymous_0)
FNDA:0,(anonymous_1)
FNDA:0,(anonymous_2)
FNDA:0,(anonymous_3)
FNDA:0,(anonymous_4)
FNDA:0,(anonymous_5)
FNDA:0,(anonymous_6)
FNDA:0,(anonymous_7)
FNDA:0,(anonymous_8)
DA:1,1
DA:5,0
DA:6,0
DA:7,0
DA:11,0
DA:12,0
DA:13,0
DA:17,0
DA:18,0
DA:19,0
DA:25,0
DA:27,0
DA:32,0
DA:35,0
DA:39,0
DA:50,0
DA:51,0
DA:52,0
DA:54,0
DA:55,0
DA:56,0
DA:57,0
DA:58,0
DA:62,0
DA:64,0
DA:65,0
DA:71,0
DA:72,0
DA:76,0
DA:82,0
DA:83,0
DA:87,0
DA:93,0
DA:94,0
DA:98,0
DA:104,0
DA:105,0
DA:109,0
DA:110,0
DA:111,0
DA:115,1
LF:41
LH:2
BRDA:7,0,0,0
BRDA:7,0,1,0
BRDA:13,1,0,0
BRDA:13,1,1,0
BRDA:19,2,0,0
BRDA:19,2,1,0
BRDA:55,3,0,0
BRDA:55,3,1,0
BRDA:62,4,0,0
BRDA:62,4,1,0
BRDA:72,5,0,0
BRDA:72,5,1,0
BRDA:83,6,0,0
BRDA:83,6,1,0
BRDA:94,7,0,0
BRDA:94,7,1,0
BRDA:97,8,0,0
BRDA:97,9,0,0
BRF:18
BRH:0
end_of_record
TN:
SF:src/routes/auth.routes.js
FNF:0
FNH:0
DA:1,1
DA:2,1
DA:3,1
DA:5,1
DA:8,1
DA:9,1
DA:10,1
DA:11,1
DA:12,1
DA:15,1
DA:16,1
DA:18,1
LF:12
LH:12
BRF:0
BRH:0
end_of_record
TN:
SF:src/routes/bookings.routes.js
FNF:0
FNH:0
DA:1,1
DA:2,1
DA:3,1
DA:5,1
DA:8,1
DA:11,1
DA:14,1
DA:17,1
DA:20,1
DA:23,1
DA:25,1
LF:11
LH:11
BRF:0
BRH:0
end_of_record
TN:
SF:src/routes/companies.routes.js
FNF:0
FNH:0
DA:1,1
DA:2,1
DA:4,1
DA:7,1
DA:10,1
DA:13,1
DA:16,1
DA:19,1
DA:21,1
LF:9
LH:9
BRF:0
BRH:0
end_of_record
TN:
SF:src/routes/favorites.routes.js
FN:8,(anonymous_0)
FN:27,(anonymous_1)
FN:57,(anonymous_2)
FNF:3
FNH:0
FNDA:0,(anonymous_0)
FNDA:0,(anonymous_1)
FNDA:0,(anonymous_2)
DA:1,1
DA:2,1
DA:3,1
DA:5,1
DA:8,1
DA:9,0
DA:10,0
DA:11,0
DA:13,0
DA:18,0
DA:19,0
DA:27,1
DA:28,0
DA:29,0
DA:30,0
DA:32,0
DA:33,0
DA:36,0
DA:43,0
DA:48,0
DA:49,0
DA:57,1
DA:58,0
DA:59,0
DA:60,0
DA:63,0
DA:65,0
DA:67,0
DA:68,0
DA:71,0
DA:76,0
DA:77,0
DA:84,1
LF:33
LH:8
BRDA:32,0,0,0
BRDA:32,0,1,0
BRDA:32,1,0,0
BRDA:32,1,1,0
BRDA:65,2,0,0
BRDA:65,2,1,0
BRDA:67,3,0,0
BRDA:67,3,1,0
BRF:8
BRH:0
end_of_record
TN:
SF:src/routes/lines.routes.js
FNF:0
FNH:0
DA:1,1
DA:2,1
DA:3,1
DA:5,1
DA:8,1
DA:11,1
DA:14,1
DA:17,1
DA:20,1
DA:22,1
LF:10
LH:10
BRF:0
BRH:0
end_of_record
TN:
SF:src/routes/notifications.routes.js
FN:8,(anonymous_0)
FN:38,(anonymous_1)
FNF:2
FNH:0
FNDA:0,(anonymous_0)
FNDA:0,(anonymous_1)
DA:1,1
DA:2,1
DA:3,1
DA:5,1
DA:8,1
DA:9,0
DA:10,0
DA:11,0
DA:13,0
DA:14,0
DA:16,0
DA:22,0
DA:24,0
DA:29,0
DA:30,0
DA:38,1
DA:39,0
DA:40,0
DA:41,0
DA:43,0
DA:49,0
DA:51,0
DA:52,0
DA:55,0
DA:59,0
DA:60,0
DA:67,1
LF:27
LH:7
BRDA:11,0,0,0
BRDA:11,1,0,0
BRDA:13,2,0,0
BRDA:13,2,1,0
BRDA:14,3,0,0
BRDA:14,3,1,0
BRDA:51,4,0,0
BRDA:51,4,1,0
BRF:8
BRH:0
end_of_record
TN:
SF:src/routes/payments.routes.js
FNF:0
FNH:0
DA:1,1
DA:2,1
DA:3,1
DA:5,1
DA:8,1
DA:11,1
DA:12,1
DA:15,1
DA:16,1
DA:18,1
LF:10
LH:10
BRF:0
BRH:0
end_of_record
TN:
SF:src/routes/ratings.routes.js
FNF:0
FNH:0
DA:1,1
DA:2,1
DA:3,1
DA:5,1
DA:8,1
DA:11,1
DA:14,1
DA:17,1
DA:20,1
DA:22,1
LF:10
LH:10
BRF:0
BRH:0
end_of_record
TN:
SF:src/routes/sotraco.routes.js
FNF:0
FNH:0
DA:1,1
DA:2,1
DA:3,1
DA:9,1
DA:13,1
DA:15,1
LF:6
LH:6
BRF:0
BRH:0
end_of_record
TN:
SF:src/routes/upload.routes.js
FN:13,(anonymous_0)
FN:29,(anonymous_1)
FNF:2
FNH:0
FNDA:0,(anonymous_0)
FNDA:0,(anonymous_1)
DA:1,1
DA:2,1
DA:3,1
DA:4,1
DA:5,1
DA:6,1
DA:7,1
DA:9,1
DA:11,1
DA:13,1
DA:14,0
DA:15,0
DA:17,0
DA:21,1
DA:29,1
DA:30,0
DA:31,0
DA:32,0
DA:35,0
DA:36,0
DA:37,0
DA:38,0
DA:41,0
DA:42,0
DA:43,0
DA:44,0
DA:46,0
DA:53,0
DA:54,0
DA:60,0
DA:64,0
DA:65,0
DA:72,0
DA:79,0
DA:81,0
DA:82,0
DA:85,0
DA:91,0
DA:92,0
DA:99,1
LF:40
LH:13
BRDA:14,0,0,0
BRDA:14,0,1,0
BRDA:31,1,0,0
BRDA:31,1,1,0
BRDA:37,2,0,0
BRDA:37,2,1,0
BRDA:41,3,0,0
BRDA:41,3,1,0
BRDA:42,4,0,0
BRDA:42,4,1,0
BRDA:43,5,0,0
BRDA:43,5,1,0
BRDA:44,6,0,0
BRDA:44,6,1,0
BRDA:53,7,0,0
BRDA:53,7,1,0
BRDA:64,8,0,0
BRDA:64,8,1,0
BRDA:64,9,0,0
BRDA:64,9,1,0
BRDA:81,10,0,0
BRDA:81,10,1,0
BRF:22
BRH:0
end_of_record
TN:
SF:src/routes/users.routes.js
FNF:0
FNH:0
DA:1,1
DA:2,1
DA:3,1
DA:5,1
DA:7,1
DA:9,1
LF:6
LH:6
BRF:0
BRH:0
end_of_record
TN:
SF:src/services/payment.aggregator.js
FN:16,(anonymous_0)
FN:18,(anonymous_1)
FN:41,(anonymous_2)
FN:43,(anonymous_3)
FNF:4
FNH:0
FNDA:0,(anonymous_0)
FNDA:0,(anonymous_1)
FNDA:0,(anonymous_2)
FNDA:0,(anonymous_3)
DA:18,0
DA:21,0
DA:22,0
DA:25,0
DA:27,0
DA:43,0
DA:45,0
DA:47,0
DA:58,1
LF:9
LH:1
BRDA:21,0,0,0
BRDA:21,0,1,0
BRF:2
BRH:0
end_of_record
TN:
SF:src/utils/helpers.js
FN:4,(anonymous_0)
FN:16,(anonymous_1)
FN:24,(anonymous_2)
FN:33,(anonymous_3)
FN:37,(anonymous_4)
FN:41,(anonymous_5)
FN:45,(anonymous_6)
FN:49,(anonymous_7)
FN:61,(anonymous_8)
FN:71,(anonymous_9)
FNF:10
FNH:2
FNDA:2,(anonymous_0)
FNDA:0,(anonymous_1)
FNDA:0,(anonymous_2)
FNDA:0,(anonymous_3)
FNDA:0,(anonymous_4)
FNDA:0,(anonymous_5)
FNDA:0,(anonymous_6)
FNDA:3,(anonymous_7)
FNDA:0,(anonymous_8)
FNDA:0,(anonymous_9)
DA:1,1
DA:2,1
DA:4,1
DA:5,2
DA:16,1
DA:17,0
DA:18,0
DA:20,0
DA:24,1
DA:25,0
DA:26,0
DA:27,0
DA:28,0
DA:30,0
DA:33,1
DA:34,0
DA:37,1
DA:38,0
DA:41,1
DA:42,0
DA:45,1
DA:46,0
DA:49,1
DA:51,3
DA:54,3
DA:55,3
DA:58,3
DA:61,1
DA:62,0
DA:63,0
DA:64,0
DA:65,0
DA:66,0
DA:68,0
DA:71,1
DA:72,0
DA:73,0
DA:74,0
DA:76,0
DA:79,0
DA:80,0
DA:83,1
LF:42
LH:18
BRDA:4,0,0,2
BRDA:4,1,0,2
BRDA:4,1,1,0
BRDA:24,2,0,0
BRDA:54,3,0,3
BRDA:54,3,1,0
BRDA:65,4,0,0
BRDA:65,4,1,0
BRDA:65,5,0,0
BRDA:65,5,1,0
BRDA:65,5,2,0
BRF:11
BRH:3
end_of_record
